shiftxy (-23, -285)
pd
shiftxy (23, -191)
pd
shiftxy (-8, -190)
pd
shiftxy (106, -191)
pu
shiftxy (45, 56)
pd
shiftxy (-68, 190)
pd
shiftxy (46, 199)
pd
shiftxy (-68, 95)
pd
shiftxy (68, 190)
pd
shiftxy (67, 199)
pd
shiftxy (68, 190)
pd
shiftxy (46, 191)
pd
shiftxy (67, 182)
pu
shiftxy (1003, -309)
pd
shiftxy (53, 198)
pd
shiftxy (60, 182)
pd
shiftxy (0, 191)
pd
shiftxy (106, 333)
pu
shiftxy (-113, 71)
pd
shiftxy (-181, -142)
pd
shiftxy (-68, -381)
pd
shiftxy (-45, -191)
pd
shiftxy (0, -190)
pd
shiftxy (-38, -198)
pd
shiftxy (-45, -191)
pd
shiftxy (-45, -190)
pd
shiftxy (-61, -191)
pd
shiftxy (-113, -190)
pu
shiftxy (-60, -79)
pd
shiftxy (75, 190)
pd
shiftxy (68, 198)
pd
shiftxy (68, 191)
pd
shiftxy (45, 206)
pd
shiftxy (23, 191)
pd
shiftxy (-91, 119)
pd
shiftxy (68, 182)
pd
shiftxy (68, 190)
pd
shiftxy (53, 191)
pd
shiftxy (113, 190)
pd
shiftxy (203, 191)
pd
shiftxy (91, 190)
pd
shiftxy (0, 183)
pd
shiftxy (15, 190)
pd
shiftxy (181, 40)
pd
shiftxy (-91, 190)
pd
shiftxy (-45, 190)
pd
shiftxy (0, -23)
pd
shiftxy (98, -96)
pd
shiftxy (181, 199)
pu
shiftxy (317, 2435)
pd
shiftxy (22, 191)
pu
shiftxy (1207, -429)
pd
shiftxy (113, 191)
pd
shiftxy (211, 190)
pd
shiftxy (136, 191)
pd
shiftxy (226, 198)
pd
shiftxy (173, -48)
pd
shiftxy (159, 72)
pu
shiftxy (-2933, 793)
pd
shiftxy (-181, 48)
pd
shiftxy (-83, -238)
pu
shiftxy (-211, 103)
pd
shiftxy (-91, 71)
pd
shiftxy (-166, 64)
pu
shiftxy (-980, -6680)
pd
shiftxy (-113, -310)
pd
shiftxy (38, -190)
pu
shiftxy (30, -64)
pd
shiftxy (-204, 95)
pd
shiftxy (-90, 48)
pd
shiftxy (-113, 64)
pd
shiftxy (-91, 0)
pd
shiftxy (-113, 47)
pd
shiftxy (-135, 191)
pd
shiftxy (-113, 182)
pd
shiftxy (-68, 190)
pd
shiftxy (-46, 191)
pd
shiftxy (136, -262)
pd
shiftxy (181, -222)
pd
shiftxy (151, -214)
pd
shiftxy (38, 71)
pd
shiftxy (-159, 48)
pd
shiftxy (-75, 190)
pd
shiftxy (-113, 0)
pd
shiftxy (-61, 198)
pd
shiftxy (-67, 191)
pd
shiftxy (-61, 190)
pd
shiftxy (-22, 191)
pd
shiftxy (-23, 190)
pu
shiftxy (709, -1531)
pd
shiftxy (-226, 47)
pd
shiftxy (-174, 183)
pd
shiftxy (-136, 190)
pd
shiftxy (-90, 183)
pd
shiftxy (-90, 190)
pd
shiftxy (-91, 191)
pd
shiftxy (-45, 198)
pd
shiftxy (-91, 190)
pd
shiftxy (113, -309)
pd
shiftxy (174, -428)
pd
shiftxy (181, -310)
pd
shiftxy (188, -246)
pd
shiftxy (181, -95)
pd
shiftxy (68, -119)
pd
shiftxy (181, -40)
pd
shiftxy (181, -31)
pd
shiftxy (173, 23)
pd
shiftxy (174, 32)
pd
shiftxy (173, 72)
pu
shiftxy (23, -24)
pd
shiftxy (181, 198)
pu
shiftxy (-204, -103)
pd
shiftxy (-90, 190)
pd
shiftxy (-196, -142)
pd
shiftxy (-136, -159)
pd
shiftxy (-45, 198)
pd
shiftxy (-98, -166)
pd
shiftxy (-113, 269)
pd
shiftxy (30, -190)
pu