shiftxy (637, 30)
pd
shiftxy (-487, 341)
pd
shiftxy (-127, 334)
pd
shiftxy (-6, 341)
pd
shiftxy (40, 334)
pd
shiftxy (41, 335)
pd
shiftxy (35, 341)
pd
shiftxy (0, 340)
pd
shiftxy (40, 341)
pd
shiftxy (47, 340)
pd
shiftxy (40, 341)
pd
shiftxy (41, 341)
pd
shiftxy (40, 340)
pd
shiftxy (35, 341)
pd
shiftxy (163, 341)
pd
shiftxy (-35, 340)
pd
shiftxy (40, 347)
pd
shiftxy (47, 347)
pd
shiftxy (0, 346)
pd
shiftxy (-41, 335)
pd
shiftxy (-81, 347)
pd
shiftxy (-81, 340)
pd
shiftxy (-87, 341)
pd
shiftxy (-81, 341)
pd
shiftxy (-87, 340)
pd
shiftxy (-76, 335)
pd
shiftxy (-46, 334)
pd
shiftxy (122, 171)
pd
shiftxy (324, 36)
pd
shiftxy (325, 6)
pd
shiftxy (325, -6)
pd
shiftxy (324, 0)
pd
shiftxy (331, 0)
pd
shiftxy (324, 0)
pd
shiftxy (325, 12)
pd
shiftxy (324, 0)
pd
shiftxy (325, 0)
pd
shiftxy (319, 7)
pd
shiftxy (324, -7)
pd
shiftxy (325, -85)
pd
shiftxy (324, 0)
pd
shiftxy (325, 0)
pd
shiftxy (325, 0)
pd
shiftxy (324, -6)
pd
shiftxy (325, -6)
pd
shiftxy (324, 0)
pd
shiftxy (325, -6)
pd
shiftxy (319, 0)
pu
shiftxy (417, -2731)
pd
shiftxy (-319, -85)
pu
shiftxy (-58, -682)
pd
shiftxy (331, -79)
pd
shiftxy (324, 0)
pd
shiftxy (325, 6)
pd
shiftxy (324, 0)
pd
shiftxy (325, 0)
pd
shiftxy (325, 6)
pd
shiftxy (0, -133)
pu
shiftxy (-35, -341)
pd
shiftxy (-81, 255)
pd
shiftxy (-331, 86)
pd
shiftxy (-330, -6)
pd
shiftxy (-325, 0)
pd
shiftxy (-324, 0)
pd
shiftxy (-319, 6)
pu
shiftxy (-701, -834)
pd
shiftxy (-319, 37)
pd
shiftxy (-325, -6)
pd
shiftxy (-324, 6)
pd
shiftxy (-325, 0)
pd
shiftxy (-324, -6)
pd
shiftxy (-331, 0)
pd
shiftxy (-330, 0)
pd
shiftxy (-319, 0)
pd
shiftxy (-319, 0)
pd
shiftxy (-324, 0)
pd
shiftxy (-325, -49)
pd
shiftxy (-319, 0)
pd
shiftxy (-324, 0)
pd
shiftxy (-319, 0)
pd
shiftxy (-325, 6)
pd
shiftxy (-324, 0)
pd
shiftxy (-331, -49)
pu
shiftxy (-35, 493)
pd
shiftxy (319, 6)
pd
shiftxy (325, 6)
pd
shiftxy (324, -42)
pd
shiftxy (325, 48)
pd
shiftxy (325, 0)
pd
shiftxy (324, 0)
pd
shiftxy (319, 0)
pd
shiftxy (325, 0)
pd
shiftxy (330, 6)
pd
shiftxy (330, 0)
pd
shiftxy (325, -42)
pd
shiftxy (325, 0)
pd
shiftxy (324, 6)
pd
shiftxy (319, 0)
pd
shiftxy (324, 0)
pd
shiftxy (325, 6)
pd
shiftxy (325, -6)
pd
shiftxy (318, 0)
pu
shiftxy (-5, -773)
pd
shiftxy (46, -340)
pd
shiftxy (41, -341)
pd
shiftxy (46, -340)
pd
shiftxy (6, -341)
pd
shiftxy (40, -341)
pd
shiftxy (41, -340)
pd
shiftxy (6, -335)
pd
shiftxy (40, -341)
pd
shiftxy (0, -346)
pd
shiftxy (-203, -79)
pd
shiftxy (-324, -6)
pd
shiftxy (-325, 0)
pd
shiftxy (-324, 0)
pd
shiftxy (-319, -7)
pd
shiftxy (-331, 0)
pd
shiftxy (-330, 0)
pd
shiftxy (-324, -6)
pd
shiftxy (-325, 0)
pd
shiftxy (-330, 0)
pd
shiftxy (-325, 0)
pd
shiftxy (-325, 0)
pd
shiftxy (-324, 0)
pd
shiftxy (-325, 0)
pd
shiftxy (-319, 0)
pd
shiftxy (-330, 0)
pd
shiftxy (-330, 0)
pd
shiftxy (-325, 0)
pd
shiftxy (-325, 0)
pd
shiftxy (-324, 0)
pu
shiftxy (6, 19)
pd
shiftxy (5, 340)
pd
shiftxy (41, 341)
pd
shiftxy (41, 341)
pd
shiftxy (-6, 340)
pd
shiftxy (35, 341)
pd
shiftxy (40, 334)
pd
shiftxy (41, 341)
pd
shiftxy (40, 341)
pd
shiftxy (-5, 334)
pd
shiftxy (40, 341)
pd
shiftxy (41, 298)
pd
shiftxy (330, 6)
pd
shiftxy (325, 0)
pd
shiftxy (324, 0)
pd
shiftxy (331, 0)
pd
shiftxy (324, 0)
pd
shiftxy (325, -6)
pd
shiftxy (324, 0)
pd
shiftxy (325, -6)
pd
shiftxy (319, 0)
pd
shiftxy (324, 0)
pd
shiftxy (325, 0)
pd
shiftxy (319, 6)
pd
shiftxy (324, 6)
pd
shiftxy (325, 0)
pd
shiftxy (324, 0)
pd
shiftxy (331, -6)
pd
shiftxy (324, 0)
pd
shiftxy (325, 0)
pu
shiftxy (249, -548)
pd
shiftxy (-40, 347)
pd
shiftxy (121, 341)
pd
shiftxy (-87, 347)
pd
shiftxy (-40, 340)
pd
shiftxy (-81, 341)
pd
shiftxy (-47, 340)
pd
shiftxy (-40, 384)
pd
shiftxy (40, 334)
pd
shiftxy (82, 341)
pd
shiftxy (81, 341)
pd
shiftxy (81, 340)
pd
shiftxy (81, 341)
pd
shiftxy (46, 347)
pd
shiftxy (47, 340)
pu
shiftxy (-284, 152)
pd
shiftxy (-325, 0)
pd
shiftxy (-319, 0)
pd
shiftxy (-324, 0)
pd
shiftxy (-331, 0)
pd
shiftxy (-324, 6)
pd
shiftxy (-325, 0)
pd
shiftxy (-324, 0)
pd
shiftxy (-331, 0)
pd
shiftxy (-324, 0)
pu
shiftxy (1634, -900)
pd
shiftxy (-324, 6)
pd
shiftxy (-366, -170)
pd
shiftxy (-121, -341)
pd
shiftxy (-447, -128)
pd
shiftxy (-492, 299)
pd
shiftxy (-452, -299)
pd
shiftxy (-534, -255)
pd
shiftxy (-284, -43)
pd
shiftxy (-243, 43)
pd
shiftxy (-81, 383)
pd
shiftxy (481, -602)
pd
shiftxy (284, -37)
pu
shiftxy (371, -1009)
pd
shiftxy (324, 0)
pd
shiftxy (325, 0)
pd
shiftxy (325, 0)
pu
shiftxy (-487, -718)
pd
shiftxy (324, -6)
pd
shiftxy (325, 0)
pd
shiftxy (324, 0)
pd
shiftxy (331, -6)
pd
shiftxy (330, 0)
pd
shiftxy (325, -6)
pd
shiftxy (330, 6)
pd
shiftxy (325, -85)
pd
shiftxy (52, 298)
pd
shiftxy (81, 340)
pd
shiftxy (41, 341)
pd
shiftxy (365, 164)
pd
shiftxy (324, -6)
pd
shiftxy (325, 0)
pd
shiftxy (325, -6)
pd
shiftxy (278, 0)
pd
shiftxy (237, -6)
pu
shiftxy (441, -2166)
pd
shiftxy (-325, 0)
pd
shiftxy (-324, -6)
pd
shiftxy (-325, 0)
pd
shiftxy (-319, 0)
pd
shiftxy (-324, 49)
pd
shiftxy (-319, -128)
pu
shiftxy (-17, 12)
pd
shiftxy (34, 347)
pd
shiftxy (-156, 341)
pd
shiftxy (-41, 334)
pd
shiftxy (319, 0)
pu
shiftxy (-806, -1964)
pd
shiftxy (-324, 0)
pd
shiftxy (-319, 0)
pu
shiftxy (-35, -110)
pd
shiftxy (325, -6)
pd
shiftxy (324, 0)
pu
shiftxy (1867, -176)
pd
shiftxy (284, 340)
pd
shiftxy (284, 341)
pd
shiftxy (278, 347)
pd
shiftxy (244, 389)
pd
shiftxy (-122, 341)
pd
shiftxy (-87, 340)
pd
shiftxy (-122, 335)
pd
shiftxy (-87, 340)
pd
shiftxy (-127, 341)
pd
shiftxy (-128, 335)
pd
shiftxy (-278, -250)
pu
shiftxy (-4208, -304)
pd
shiftxy (-325, 0)
pd
shiftxy (-330, 6)
pd
shiftxy (-325, -42)
pu
shiftxy (-162, -104)
pd
shiftxy (-41, 347)
pd
shiftxy (284, 42)
pd
shiftxy (319, -127)
pd
shiftxy (325, 0)
pd
shiftxy (446, -43)
pu
shiftxy (139, -158)
pd
shiftxy (-208, -85)
pd
shiftxy (-331, 42)
pd
shiftxy (-330, 0)
pd
shiftxy (-325, -6)
pd
shiftxy (-324, 43)
pu
shiftxy (-678, -389)
pd
shiftxy (-325, 0)
pd
shiftxy (-325, 42)
pd
shiftxy (-324, -36)
pd
shiftxy (-319, 340)
pu
shiftxy (-93, 347)
pd
shiftxy (81, -347)
pd
shiftxy (203, -334)
pu
shiftxy (684, 1557)
pd
shiftxy (-278, 341)
pd
shiftxy (-41, 340)
pd
shiftxy (0, 341)
pd
shiftxy (35, 468)
pd
shiftxy (76, -6)
pd
shiftxy (86, 91)
pu
shiftxy (-231, -413)
pd
shiftxy (324, 170)
pd
shiftxy (325, 0)
pd
shiftxy (319, 341)
pd
shiftxy (318, -6)
pd
shiftxy (325, 0)
pd
shiftxy (325, 0)
pd
shiftxy (318, -6)
pd
shiftxy (325, 0)
pd
shiftxy (325, 0)
pd
shiftxy (324, 0)
pu
shiftxy (1154, -475)
pd
shiftxy (-35, -340)
pd
shiftxy (40, -335)
pd
shiftxy (-243, -511)
pd
shiftxy (-325, 0)
pd
shiftxy (-330, 49)
pd
shiftxy (-325, -6)
pd
shiftxy (-324, 0)
pd
shiftxy (-331, 0)
pd
shiftxy (-330, 0)
pd
shiftxy (-325, 0)
pd
shiftxy (-324, 0)
pd
shiftxy (-325, 6)
pd
shiftxy (-319, 0)
pd
shiftxy (-324, 36)
pd
shiftxy (-325, 49)
pu
shiftxy (-1541, -6515)
pd
shiftxy (324, -255)
pd
shiftxy (325, -213)
pd
shiftxy (324, -6)
pd
shiftxy (331, 0)
pd
shiftxy (324, -6)
pd
shiftxy (325, 0)
pd
shiftxy (324, 6)
pd
shiftxy (325, 0)
pd
shiftxy (330, 6)
pd
shiftxy (325, 0)
pd
shiftxy (325, 0)
pd
shiftxy (324, 0)
pd
shiftxy (325, 0)
pd
shiftxy (324, -6)
pd
shiftxy (331, 0)
pd
shiftxy (324, 6)
pd
shiftxy (325, 0)
pd
shiftxy (324, 0)
pd
shiftxy (331, 6)
pd
shiftxy (324, 42)
pd
shiftxy (325, 256)
pu
shiftxy (-365, -244)
pd
shiftxy (406, 341)
pd
shiftxy (156, 335)
pd
shiftxy (-41, 334)
pd
shiftxy (-46, 335)
pd
shiftxy (-6, 340)
pd
shiftxy (-34, 341)
pd
shiftxy (-41, 341)
pd
shiftxy (35, 340)
pd
shiftxy (237, 43)
pd
shiftxy (325, 0)
pd
shiftxy (325, 6)
pd
shiftxy (330, 128)
pd
shiftxy (325, 383)
pd
shiftxy (324, 426)
pu