shiftxy (3682, 208)
pd
shiftxy (-69, 152)
pd
shiftxy (-18, 151)
pd
shiftxy (0, 152)
pd
shiftxy (6, 152)
pd
shiftxy (-13, 151)
pd
shiftxy (-6, 152)
pd
shiftxy (-6, 171)
pu
shiftxy (-100, 113)
pd
shiftxy (-44, 152)
pd
shiftxy (19, -114)
pd
shiftxy (50, -19)
pd
shiftxy (44, -19)
pd
shiftxy (75, 76)
pd
shiftxy (49, 0)
pd
shiftxy (50, 0)
pd
shiftxy (57, 0)
pd
shiftxy (49, -95)
pd
shiftxy (50, -37)
pu
shiftxy (-6, -19)
pd
shiftxy (-25, 151)
pu
shiftxy (88, -398)
pd
shiftxy (50, -284)
pd
shiftxy (49, -76)
pd
shiftxy (50, -38)
pd
shiftxy (57, 38)
pd
shiftxy (31, 38)
pd
shiftxy (6, 152)
pd
shiftxy (-25, 151)
pd
shiftxy (-25, 152)
pd
shiftxy (-31, 152)
pd
shiftxy (-50, 151)
pu
shiftxy (12, -284)
pd
shiftxy (32, -152)
pd
shiftxy (12, -152)
pd
shiftxy (-12, -132)
pd
shiftxy (-50, 19)
pd
shiftxy (-50, 170)
pu
shiftxy (62, -94)
pd
shiftxy (-50, 151)
pd
shiftxy (0, 152)
pd
shiftxy (0, 152)
pd
shiftxy (13, 113)
pd
shiftxy (43, -189)
pu
shiftxy (144, -133)
pd
shiftxy (56, -265)
pd
shiftxy (50, -114)
pd
shiftxy (56, -57)
pd
shiftxy (56, 38)
pd
shiftxy (50, 76)
pd
shiftxy (-25, 132)
pd
shiftxy (-6, 133)
pd
shiftxy (0, 133)
pd
shiftxy (-12, 152)
pd
shiftxy (-7, 151)
pd
shiftxy (-12, 133)
pd
shiftxy (-6, 152)
pd
shiftxy (0, 170)
pd
shiftxy (-25, 152)
pd
shiftxy (-13, 152)
pd
shiftxy (-37, 151)
pd
shiftxy (-63, 152)
pd
shiftxy (-31, -38)
pd
shiftxy (50, -95)
pu
shiftxy (75, -95)
pd
shiftxy (-50, 190)
pd
shiftxy (-50, 114)
pd
shiftxy (-50, 38)
pd
shiftxy (44, -152)
pd
shiftxy (56, -152)
pd
shiftxy (25, -151)
pd
shiftxy (19, -152)
pd
shiftxy (12, -152)
pd
shiftxy (-6, -151)
pd
shiftxy (-6, -171)
pd
shiftxy (0, -133)
pd
shiftxy (-6, -151)
pu
shiftxy (-7, -19)
pd
shiftxy (-50, 151)
pd
shiftxy (-37, 152)
pu
shiftxy (37, -322)
pd
shiftxy (63, -133)
pd
shiftxy (25, -152)
pd
shiftxy (-19, -94)
pd
shiftxy (-56, 0)
pd
shiftxy (-50, 189)
pu
shiftxy (56, -227)
pd
shiftxy (-44, 151)
pd
shiftxy (-12, 152)
pd
shiftxy (0, 152)
pd
shiftxy (62, -114)
pd
shiftxy (50, -209)
pu
shiftxy (-6, -284)
pd
shiftxy (-75, 152)
pd
shiftxy (-44, 151)
pd
shiftxy (-12, 152)
pd
shiftxy (-13, 171)
pd
shiftxy (0, 151)
pd
shiftxy (7, 152)
pd
shiftxy (31, 0)
pd
shiftxy (50, -209)
pd
shiftxy (56, -113)
pu
shiftxy (162, -228)
pd
shiftxy (44, -284)
pd
shiftxy (50, -76)
pd
shiftxy (50, -57)
pd
shiftxy (50, 57)
pd
shiftxy (31, 0)
pd
shiftxy (0, 152)
pd
shiftxy (-31, 151)
pd
shiftxy (-13, 152)
pd
shiftxy (-43, 133)
pd
shiftxy (-38, 151)
pu
shiftxy (13, -189)
pd
shiftxy (-44, 94)
pd
shiftxy (-13, -151)
pd
shiftxy (0, -152)
pd
shiftxy (7, -152)
pd
shiftxy (87, -94)
pd
shiftxy (-50, 19)
pd
shiftxy (-50, 151)
pu
shiftxy (50, 304)
pd
shiftxy (31, -152)
pd
shiftxy (25, -152)
pd
shiftxy (7, -151)
pu
shiftxy (-38, -190)
pd
shiftxy (-100, 171)
pd
shiftxy (-25, 151)
pd
shiftxy (-12, 152)
pd
shiftxy (-6, 171)
pd
shiftxy (6, 151)
pd
shiftxy (6, 152)
pd
shiftxy (25, 19)
pd
shiftxy (56, -114)
pd
shiftxy (50, -151)
pd
shiftxy (50, -190)
pu
shiftxy (169, 227)
pd
shiftxy (-38, 152)
pd
shiftxy (19, -95)
pd
shiftxy (50, -57)
pu
shiftxy (-6, 57)
pd
shiftxy (-13, 152)
pd
shiftxy (-12, 38)
pu
shiftxy (62, -569)
pd
shiftxy (6, -152)
pd
shiftxy (6, -151)
pd
shiftxy (7, -133)
pd
shiftxy (12, -152)
pd
shiftxy (13, -132)
pd
shiftxy (25, -133)
pd
shiftxy (18, -152)
pd
shiftxy (-50, 266)
pu
shiftxy (-12, 132)
pd
shiftxy (6, -360)
pd
shiftxy (44, -113)
pd
shiftxy (-31, 56)
pd
shiftxy (-32, 152)
pd
shiftxy (-6, 152)
pd
shiftxy (-18, 151)
pd
shiftxy (-13, 152)
pd
shiftxy (-12, 152)
pd
shiftxy (-13, 151)
pd
shiftxy (0, 152)
pd
shiftxy (31, 19)
pu
shiftxy (-755, -133)
pd
shiftxy (-50, 323)
pd
shiftxy (-50, 151)
pd
shiftxy (-50, 114)
pd
shiftxy (-37, 57)
pd
shiftxy (-6, -171)
pd
shiftxy (-13, -132)
pd
shiftxy (-6, -152)
pd
shiftxy (0, -152)
pd
shiftxy (31, -151)
pd
shiftxy (56, -152)
pu
shiftxy (-231, -303)
pd
shiftxy (-50, 75)
pd
shiftxy (-43, -132)
pd
shiftxy (-57, 265)
pu
shiftxy (-43, -189)
pd
shiftxy (50, -171)
pd
shiftxy (56, -57)
pd
shiftxy (44, 19)
pd
shiftxy (50, 114)
pu
shiftxy (6, 0)
pd
shiftxy (-63, -152)
pu
shiftxy (-68, 133)
pd
shiftxy (-19, 170)
pd
shiftxy (-6, 152)
pd
shiftxy (-7, 152)
pd
shiftxy (-12, 151)
pd
shiftxy (-12, 152)
pd
shiftxy (-19, 152)
pd
shiftxy (-25, 95)
pu
shiftxy (-144, 113)
pd
shiftxy (50, 57)
pd
shiftxy (56, 19)
pd
shiftxy (50, 38)
pd
shiftxy (44, 19)
pd
shiftxy (50, 0)
pd
shiftxy (50, 0)
pd
shiftxy (44, -19)
pd
shiftxy (43, -57)
pd
shiftxy (50, -114)
pd
shiftxy (-81, 19)
pu
shiftxy (-518, -417)
pd
shiftxy (-50, 304)
pd
shiftxy (-56, 132)
pd
shiftxy (-50, 133)
pd
shiftxy (-44, 19)
pd
shiftxy (88, -133)
pd
shiftxy (50, -132)
pd
shiftxy (37, -152)
pd
shiftxy (13, -152)
pd
shiftxy (18, -151)
pd
shiftxy (0, -152)
pd
shiftxy (-31, -38)
pd
shiftxy (-50, -57)
pd
shiftxy (-50, 38)
pd
shiftxy (-50, 57)
pd
shiftxy (-50, 284)
pu
shiftxy (63, -57)
pd
shiftxy (50, -113)
pd
shiftxy (50, -19)
pd
shiftxy (-100, 132)
pd
shiftxy (0, 152)
pd
shiftxy (6, 171)
pd
shiftxy (12, 113)
pd
shiftxy (57, -113)
pu
shiftxy (-13, 19)
pd
shiftxy (38, -152)
pd
shiftxy (18, -152)
pd
shiftxy (-12, -151)
pu
shiftxy (-63, -95)
pd
shiftxy (-56, 133)
pd
shiftxy (-31, 151)
pd
shiftxy (-12, 133)
pd
shiftxy (0, 152)
pd
shiftxy (6, 151)
pd
shiftxy (25, 152)
pu
shiftxy (-69, -303)
pd
shiftxy (-44, 132)
pd
shiftxy (-74, 152)
pu
shiftxy (-13, -683)
pd
shiftxy (56, -113)
pd
shiftxy (50, -19)
pd
shiftxy (44, -95)
pu
shiftxy (0, 38)
pd
shiftxy (-50, 0)
pd
shiftxy (-50, -19)
pu
shiftxy (-19, -322)
pd
shiftxy (-50, 284)
pd
shiftxy (-50, 95)
pd
shiftxy (-50, 38)
pu
shiftxy (-6, 76)
pd
shiftxy (50, -19)
pd
shiftxy (31, 0)
pd
shiftxy (0, 132)
pd
shiftxy (-12, 152)
pd
shiftxy (-13, 152)
pd
shiftxy (-12, 151)
pd
shiftxy (12, 152)
pd
shiftxy (7, 57)
pd
shiftxy (56, 38)
pd
shiftxy (50, -114)
pd
shiftxy (56, -76)
pd
shiftxy (12, -170)
pd
shiftxy (-62, 170)
pu
shiftxy (-350, -208)
pd
shiftxy (-43, 132)
pu
shiftxy (18, -94)
pd
shiftxy (7, -19)
pd
shiftxy (-50, 75)
pd
shiftxy (-44, 38)
pd
shiftxy (-50, 0)
pu
shiftxy (-6, -208)
pd
shiftxy (50, -57)
pd
shiftxy (50, -76)
pu
shiftxy (-50, -38)
pd
shiftxy (19, -38)
pd
shiftxy (18, -151)
pu
shiftxy (-6, -38)
pd
shiftxy (-50, 57)
pd
shiftxy (-12, 113)
pd
shiftxy (31, -151)
pu
shiftxy (12, -171)
pd
shiftxy (-81, 152)
pd
shiftxy (-19, 151)
pd
shiftxy (-24, 152)
pd
shiftxy (-13, 152)
pd
shiftxy (-12, 151)
pd
shiftxy (6, 152)
pd
shiftxy (25, 76)
pd
shiftxy (43, -57)
pd
shiftxy (50, -57)
pd
shiftxy (50, -57)
pd
shiftxy (50, -76)
pu
shiftxy (-131, 171)
pd
shiftxy (-12, -246)
pd
shiftxy (18, -152)
pd
shiftxy (100, -152)
pd
shiftxy (19, -170)
pd
shiftxy (-12, -152)
pu
shiftxy (-213, 550)
pd
shiftxy (-37, 151)
pd
shiftxy (-44, 171)
pu
shiftxy (56, -322)
pd
shiftxy (-50, 132)
pd
shiftxy (7, -37)
pd
shiftxy (50, -133)
pu
shiftxy (-119, 208)
pd
shiftxy (-19, -151)
pd
shiftxy (0, -152)
pd
shiftxy (-18, -152)
pu
shiftxy (-19, -57)
pd
shiftxy (-31, 152)
pd
shiftxy (-32, 171)
pd
shiftxy (-25, 151)
pd
shiftxy (-43, 152)
pd
shiftxy (12, -38)
pd
shiftxy (50, -303)
pd
shiftxy (44, -247)
pu
shiftxy (56, -151)
pd
shiftxy (-56, 151)
pd
shiftxy (-44, 152)
pd
shiftxy (25, -95)
pd
shiftxy (50, -170)
pd
shiftxy (50, -19)
pu
shiftxy (-6, 19)
pd
shiftxy (37, 151)
pd
shiftxy (0, 133)
pd
shiftxy (-6, 152)
pd
shiftxy (0, 151)
pd
shiftxy (6, 133)
pd
shiftxy (50, -152)
pd
shiftxy (81, -284)
pd
shiftxy (50, -360)
pd
shiftxy (56, -95)
pd
shiftxy (50, -19)
pu
shiftxy (369, -95)
pd
shiftxy (12, -151)
pd
shiftxy (62, -152)
pu
shiftxy (13, 0)
pd
shiftxy (-6, 152)
pd
shiftxy (-13, 170)
pd
shiftxy (-31, 266)
pd
shiftxy (-19, 151)
pd
shiftxy (-12, 152)
pd
shiftxy (-6, 152)
pd
shiftxy (6, 170)
pd
shiftxy (31, 19)
pd
shiftxy (44, -95)
pd
shiftxy (50, -113)
pu
shiftxy (-955, -133)
pd
shiftxy (0, -171)
pd
shiftxy (-25, -151)
pu
shiftxy (-19, -57)
pd
shiftxy (-44, 170)
pd
shiftxy (-43, 152)
pd
shiftxy (-38, 133)
pu
shiftxy (19, -417)
pd
shiftxy (-31, -114)
pd
shiftxy (-38, 171)
pd
shiftxy (-6, 151)
pd
shiftxy (0, 152)
pd
shiftxy (-19, 171)
pd
shiftxy (0, 132)
pd
shiftxy (-25, 171)
pd
shiftxy (25, 152)
pd
shiftxy (19, -19)
pd
shiftxy (37, -323)
pd
shiftxy (44, -189)
pd
shiftxy (50, -209)
pd
shiftxy (0, -19)
pd
shiftxy (-37, 171)
pd
shiftxy (-38, 133)
pd
shiftxy (-37, 151)
pd
shiftxy (0, 152)
pu
shiftxy (-219, -360)
pd
shiftxy (-43, 113)
pd
shiftxy (-13, -132)
pd
shiftxy (0, -133)
pd
shiftxy (6, -152)
pd
shiftxy (88, -113)
pd
shiftxy (-56, 0)
pd
shiftxy (-50, 151)
pu
shiftxy (-25, 19)
pd
shiftxy (50, -284)
pd
shiftxy (43, -57)
pd
shiftxy (44, -38)
pd
shiftxy (44, 57)
pd
shiftxy (31, 0)
pd
shiftxy (0, 152)
pd
shiftxy (-31, 132)
pd
shiftxy (-19, 152)
pd
shiftxy (-38, 133)
pd
shiftxy (-43, 151)
pu
shiftxy (-144, -57)
pd
shiftxy (-62, 152)
pu
shiftxy (12, -152)
pd
shiftxy (13, 133)
pd
shiftxy (-44, 76)
pd
shiftxy (-50, 76)
pd
shiftxy (-50, 38)
pd
shiftxy (-50, -152)
pu
shiftxy (56, -436)
pd
shiftxy (50, -246)
pd
shiftxy (50, -57)
pu
shiftxy (19, -38)
pd
shiftxy (6, -95)
pd
shiftxy (-50, 0)
pd
shiftxy (-50, 38)
pd
shiftxy (-49, 152)
pu
shiftxy (81, -38)
pd
shiftxy (-25, 132)
pd
shiftxy (-13, 152)
pd
shiftxy (0, 152)
pd
shiftxy (6, 170)
pd
shiftxy (19, 57)
pd
shiftxy (50, -57)
pd
shiftxy (50, -57)
pu
shiftxy (187, -94)
pd
shiftxy (38, -133)
pd
shiftxy (12, -152)
pd
shiftxy (0, -132)
pu
shiftxy (-37, -171)
pd
shiftxy (-75, 152)
pd
shiftxy (-25, 170)
pd
shiftxy (-13, 152)
pd
shiftxy (0, 152)
pd
shiftxy (7, 151)
pd
shiftxy (0, 133)
pd
shiftxy (37, -19)
pd
shiftxy (50, -114)
pd
shiftxy (50, -151)
pd
shiftxy (50, -304)
pd
shiftxy (87, -151)
pd
shiftxy (56, -171)
pd
shiftxy (44, -19)
pu
shiftxy (-19, 0)
pd
shiftxy (-12, 133)
pd
shiftxy (-19, 151)
pd
shiftxy (-12, 152)
pd
shiftxy (-7, 171)
pd
shiftxy (44, -57)
pd
shiftxy (50, -190)
pd
shiftxy (50, -189)
pd
shiftxy (50, -38)
pu
shiftxy (-25, 227)
pd
shiftxy (19, 152)
pd
shiftxy (-13, 152)
pd
shiftxy (-25, 132)
pu
shiftxy (-630, -834)
pd
shiftxy (-75, 152)
pd
shiftxy (-25, 151)
pd
shiftxy (-12, 152)
pd
shiftxy (-7, 152)
pd
shiftxy (7, 170)
pd
shiftxy (6, 133)
pu
shiftxy (-206, 0)
pd
shiftxy (81, -152)
pd
shiftxy (44, -151)
pd
shiftxy (-50, 76)
pd
shiftxy (-50, 75)
pd
shiftxy (-19, -132)
pd
shiftxy (0, -133)
pd
shiftxy (19, -171)
pd
shiftxy (19, -132)
pd
shiftxy (12, -152)
pd
shiftxy (12, -152)
pd
shiftxy (19, -132)
pd
shiftxy (31, -152)
pd
shiftxy (-37, 133)
pu
shiftxy (-100, 19)
pd
shiftxy (50, -152)
pd
shiftxy (44, -95)
pd
shiftxy (6, -19)
pd
shiftxy (-50, 152)
pd
shiftxy (-44, 171)
pd
shiftxy (32, 151)
pd
shiftxy (0, 152)
pd
shiftxy (-25, 152)
pd
shiftxy (-19, 151)
pd
shiftxy (-19, 152)
pd
shiftxy (-12, 170)
pd
shiftxy (0, 152)
pd
shiftxy (25, 95)
pd
shiftxy (56, -114)
pd
shiftxy (50, -76)
pd
shiftxy (50, -113)
pd
shiftxy (-81, 56)
pu
shiftxy (-69, -208)
pd
shiftxy (50, -436)
pu
shiftxy (-131, 512)
pd
shiftxy (-13, 57)
pd
shiftxy (-43, 57)
pd
shiftxy (-50, 37)
pd
shiftxy (-50, -56)
pu
shiftxy (0, -190)
pd
shiftxy (43, -57)
pd
shiftxy (44, -76)
pu
shiftxy (-25, -189)
pd
shiftxy (-25, 151)
pd
shiftxy (-19, 19)
pu
shiftxy (-43, -132)
pd
shiftxy (50, -133)
pd
shiftxy (50, -95)
pd
shiftxy (43, 38)
pd
shiftxy (19, 114)
pd
shiftxy (0, 151)
pd
shiftxy (-62, 171)
pd
shiftxy (-88, 152)
pd
shiftxy (-6, 170)
pu
shiftxy (125, 38)
pd
shiftxy (37, -151)
pu
shiftxy (-68, -493)
pd
shiftxy (-50, 57)
pd
shiftxy (-19, 94)
pd
shiftxy (37, -170)
pu
shiftxy (0, -171)
pd
shiftxy (-68, 171)
pd
shiftxy (-25, 151)
pd
shiftxy (-31, 152)
pd
shiftxy (-7, 171)
pd
shiftxy (0, 151)
pd
shiftxy (13, 133)
pd
shiftxy (19, 76)
pd
shiftxy (56, -57)
pd
shiftxy (50, -38)
pd
shiftxy (50, -57)
pd
shiftxy (49, -76)
pu
shiftxy (-324, -853)
pd
shiftxy (19, -132)
pd
shiftxy (43, -38)
pd
shiftxy (13, 132)
pd
shiftxy (-6, 152)
pd
shiftxy (-13, 171)
pd
shiftxy (-31, 151)
pd
shiftxy (-38, 133)
pd
shiftxy (-49, 152)
pd
shiftxy (-44, 151)
pu
shiftxy (-88, -606)
pd
shiftxy (50, 284)
pd
shiftxy (50, 114)
pd
shiftxy (50, -152)
pd
shiftxy (50, -246)
pu
shiftxy (6, 227)
pd
shiftxy (-56, 171)
pd
shiftxy (-56, 151)
pd
shiftxy (-50, 133)
pd
shiftxy (-56, -170)
pd
shiftxy (-56, -171)
pd
shiftxy (-50, -303)
pd
shiftxy (-50, 208)
pd
shiftxy (-44, 209)
pd
shiftxy (-43, 170)
pd
shiftxy (-44, 57)
pd
shiftxy (12, -151)
pd
shiftxy (0, -152)
pd
shiftxy (-6, -171)
pd
shiftxy (-12, -170)
pd
shiftxy (0, -171)
pd
shiftxy (6, -171)
pu
shiftxy (-38, 76)
pd
shiftxy (-50, 57)
pd
shiftxy (38, -57)
pu
shiftxy (-13, -133)
pd
shiftxy (-49, 152)
pd
shiftxy (37, -95)
pd
shiftxy (50, -57)
pd
shiftxy (50, -18)
pd
shiftxy (50, -76)
pu
shiftxy (12, -57)
pd
shiftxy (-12, 151)
pd
shiftxy (-13, 152)
pd
shiftxy (0, 171)
pd
shiftxy (0, 170)
pd
shiftxy (19, 152)
pd
shiftxy (25, -95)
pd
shiftxy (44, -189)
pu
shiftxy (50, 38)
pd
shiftxy (-32, 151)
pd
shiftxy (-43, 152)
pd
shiftxy (-38, 133)
pd
shiftxy (-50, 151)
pu
shiftxy (163, -587)
pd
shiftxy (18, 170)
pd
shiftxy (19, 152)
pd
shiftxy (44, 152)
pd
shiftxy (18, 151)
pu
shiftxy (69, -189)
pd
shiftxy (-31, -152)
pd
shiftxy (-31, -152)
pd
shiftxy (-13, -170)
pd
shiftxy (-19, -152)
pd
shiftxy (-24, -152)
pd
shiftxy (-13, -38)
pd
shiftxy (-50, 95)
pu
shiftxy (69, -57)
pd
shiftxy (-50, 152)
pd
shiftxy (-6, 152)
pd
shiftxy (-44, 132)
pd
shiftxy (-44, 152)
pu
shiftxy (319, 57)
pd
shiftxy (43, -171)
pd
shiftxy (25, -151)
pd
shiftxy (19, -152)
pd
shiftxy (-25, -171)
pd
shiftxy (31, -151)
pu
shiftxy (119, 6028)
pd
shiftxy (25, 171)
pd
shiftxy (31, 152)
pd
shiftxy (19, 151)
pd
shiftxy (0, 152)
pd
shiftxy (-13, 171)
pd
shiftxy (-31, 151)
pd
shiftxy (-38, 171)
pd
shiftxy (-49, 171)
pd
shiftxy (-50, 132)
pd
shiftxy (31, -94)
pd
shiftxy (50, -133)
pd
shiftxy (43, -209)
pu
shiftxy (-31, -512)
pd
shiftxy (-43, -265)
pu
shiftxy (-25, -76)
pd
shiftxy (50, -114)
pd
shiftxy (49, 190)
pu
shiftxy (-62, -152)
pd
shiftxy (-37, 152)
pd
shiftxy (25, 152)
pd
shiftxy (31, 132)
pd
shiftxy (12, 133)
pd
shiftxy (19, 152)
pd
shiftxy (-6, 151)
pd
shiftxy (-25, 152)
pd
shiftxy (-69, 133)
pd
shiftxy (-37, 151)
pd
shiftxy (31, -151)
pd
shiftxy (50, -95)
pd
shiftxy (50, -246)
pu
shiftxy (-237, -228)
pd
shiftxy (-57, 57)
pd
shiftxy (-50, 171)
pu
shiftxy (-68, -19)
pd
shiftxy (50, -266)
pd
shiftxy (50, -76)
pd
shiftxy (50, -19)
pd
shiftxy (31, 38)
pd
shiftxy (-31, 152)
pd
shiftxy (-75, 133)
pd
shiftxy (-13, 151)
pd
shiftxy (0, 152)
pd
shiftxy (6, 152)
pd
shiftxy (19, 57)
pd
shiftxy (50, -19)
pd
shiftxy (50, -38)
pd
shiftxy (50, -19)
pu
shiftxy (-162, 265)
pd
shiftxy (87, -246)
pd
shiftxy (62, 0)
pd
shiftxy (-31, 75)
pd
shiftxy (-50, 76)
pd
shiftxy (-50, 76)
pd
shiftxy (-56, 19)
pd
shiftxy (-50, -152)
pu
shiftxy (-93, -170)
pd
shiftxy (-50, -266)
pu
shiftxy (-88, -208)
pd
shiftxy (50, -303)
pd
shiftxy (50, -190)
pd
shiftxy (50, -133)
pd
shiftxy (56, -114)
pd
shiftxy (-18, 38)
pd
shiftxy (-63, 171)
pd
shiftxy (-50, 152)
pd
shiftxy (-25, 151)
pd
shiftxy (-18, 171)
pd
shiftxy (-7, 152)
pd
shiftxy (-12, 151)
pd
shiftxy (12, 152)
pd
shiftxy (19, 152)
pd
shiftxy (25, 151)
pu
shiftxy (69, -76)
pd
shiftxy (-19, -151)
pd
shiftxy (-31, -152)
pd
shiftxy (-19, -133)
pd
shiftxy (0, -151)
pd
shiftxy (6, -152)
pd
shiftxy (25, -152)
pd
shiftxy (44, -151)
pd
shiftxy (56, -152)
pd
shiftxy (25, -76)
pd
shiftxy (-50, 133)
pd
shiftxy (-50, 95)
pd
shiftxy (-56, 265)
pu
shiftxy (-69, 569)
pd
shiftxy (57, 246)
pd
shiftxy (56, 19)
pu
shiftxy (118, 38)
pd
shiftxy (0, -170)
pd
shiftxy (0, -152)
pd
shiftxy (7, -171)
pd
shiftxy (25, -151)
pd
shiftxy (18, -171)
pd
shiftxy (69, -152)
pu
shiftxy (705, 38)
pd
shiftxy (44, -57)
pd
shiftxy (25, 38)
pd
shiftxy (-19, 152)
pd
shiftxy (-12, 152)
pd
shiftxy (-19, 132)
pd
shiftxy (-13, 171)
pd
shiftxy (-18, 171)
pd
shiftxy (-19, 151)
pd
shiftxy (0, -38)
pu
shiftxy (-13, 95)
pd
shiftxy (50, -19)
pu
shiftxy (-12, -303)
pd
shiftxy (44, -455)
pu
shiftxy (0, 208)
pd
shiftxy (56, -322)
pd
shiftxy (50, -265)
pu
shiftxy (18, -171)
pd
shiftxy (-31, 152)
pd
shiftxy (-25, 151)
pd
shiftxy (-25, 152)
pd
shiftxy (-18, 152)
pd
shiftxy (-13, 151)
pd
shiftxy (0, 152)
pd
shiftxy (-6, 171)
pd
shiftxy (-6, 151)
pu
shiftxy (218, 133)
pd
shiftxy (-6, -171)
pd
shiftxy (12, -151)
pd
shiftxy (13, -171)
pd
shiftxy (25, -151)
pd
shiftxy (18, -152)
pd
shiftxy (-6, 19)
pd
shiftxy (-50, 284)
pu
shiftxy (44, -95)
pd
shiftxy (56, -227)
pd
shiftxy (50, -228)
pd
shiftxy (50, -284)
pu
shiftxy (56, 265)
pd
shiftxy (44, -170)
pd
shiftxy (44, -19)
pd
shiftxy (-69, 57)
pd
shiftxy (-31, 151)
pd
shiftxy (12, 152)
pd
shiftxy (19, 171)
pd
shiftxy (0, 132)
pd
shiftxy (-56, 152)
pd
shiftxy (-31, 152)
pd
shiftxy (6, 151)
pd
shiftxy (19, 38)
pd
shiftxy (56, 0)
pd
shiftxy (50, -76)
pd
shiftxy (56, -94)
pu
shiftxy (175, -114)
pd
shiftxy (49, -417)
pu
shiftxy (38, -38)
pd
shiftxy (50, -209)
pd
shiftxy (-6, -284)
pd
shiftxy (-69, 152)
pd
shiftxy (-56, 151)
pd
shiftxy (31, -94)
pd
shiftxy (50, -95)
pd
shiftxy (50, -114)
pd
shiftxy (56, -38)
pd
shiftxy (-25, 152)
pd
shiftxy (-25, 132)
pd
shiftxy (-37, 171)
pd
shiftxy (-25, 152)
pd
shiftxy (-7, 151)
pd
shiftxy (-6, 152)
pd
shiftxy (0, 152)
pd
shiftxy (-6, 151)
pu
shiftxy (-62, 95)
pd
shiftxy (-25, -76)
pd
shiftxy (18, -151)
pd
shiftxy (7, -133)
pd
shiftxy (12, -152)
pd
shiftxy (25, -151)
pd
shiftxy (19, -133)
pd
shiftxy (18, -152)
pd
shiftxy (-12, -57)
pd
shiftxy (-50, 76)
pu
shiftxy (-56, -19)
pd
shiftxy (-50, 95)
pd
shiftxy (-50, 114)
pd
shiftxy (-31, -38)
pd
shiftxy (56, -133)
pd
shiftxy (37, -132)
pd
shiftxy (-43, -19)
pd
shiftxy (-50, 19)
pd
shiftxy (-56, 113)
pu
shiftxy (-57, 38)
pd
shiftxy (69, 398)
pd
shiftxy (19, 152)
pd
shiftxy (-19, 152)
pu
shiftxy (19, -57)
pd
shiftxy (-50, 114)
pd
shiftxy (-25, 151)
pd
shiftxy (75, -170)
pd
shiftxy (56, -152)
pd
shiftxy (-6, -152)
pd
shiftxy (-31, -151)
pd
shiftxy (37, -152)
pd
shiftxy (75, -152)
pd
shiftxy (56, -151)
pd
shiftxy (0, -133)
pd
shiftxy (-50, -19)
pd
shiftxy (-50, 0)
pd
shiftxy (-50, 19)
pd
shiftxy (-50, 57)
pu
shiftxy (38, 0)
pd
shiftxy (-63, 151)
pd
shiftxy (19, 152)
pd
shiftxy (19, 57)
pd
shiftxy (56, -133)
pd
shiftxy (44, -132)
pu
shiftxy (-144, 492)
pd
shiftxy (-50, 171)
pd
shiftxy (-19, 152)
pd
shiftxy (25, -152)
pd
shiftxy (44, -171)
pd
shiftxy (-69, 114)
pd
shiftxy (-49, 247)
pu
shiftxy (-88, -38)
pd
shiftxy (-6, 113)
pd
shiftxy (-56, 114)
pd
shiftxy (6, 19)
pd
shiftxy (50, -151)
pd
shiftxy (-56, -95)
pd
shiftxy (12, -152)
pd
shiftxy (19, -171)
pd
shiftxy (25, -132)
pd
shiftxy (37, -152)
pd
shiftxy (32, -152)
pd
shiftxy (18, -151)
pd
shiftxy (19, -133)
pd
shiftxy (-44, 0)
pd
shiftxy (-43, -114)
pd
shiftxy (-50, -19)
pd
shiftxy (-50, 114)
pd
shiftxy (-50, 209)
pd
shiftxy (-50, 227)
pu
shiftxy (106, -114)
pd
shiftxy (-44, 76)
pd
shiftxy (44, -76)
pd
shiftxy (50, -151)
pd
shiftxy (-19, -152)
pu
shiftxy (13, 57)
pd
shiftxy (-44, 152)
pd
shiftxy (-31, 170)
pd
pd
shiftxy (50, -227)
pd
shiftxy (50, -38)
pu
shiftxy (-19, 265)
pd
shiftxy (-50, 114)
pd
shiftxy (-56, 38)
pd
shiftxy (-50, -95)
pd
pd
shiftxy (25, -152)
pd
shiftxy (25, -132)
pd
shiftxy (37, -171)
pd
shiftxy (50, -152)
pu
shiftxy (-168, 95)
pd
shiftxy (-56, 57)
pd
shiftxy (-50, 114)
pd
shiftxy (-50, 76)
pd
shiftxy (-19, 57)
pd
shiftxy (75, -152)
pd
shiftxy (62, -152)
pu
shiftxy (1124, 228)
pd
shiftxy (-50, 113)
pd
shiftxy (56, -113)
pu
shiftxy (12, 38)
pd
shiftxy (13, 151)
pd
shiftxy (-6, 152)
pd
shiftxy (-13, 152)
pd
shiftxy (-12, 132)
pd
shiftxy (-13, 152)
pd
shiftxy (-18, 152)
pd
shiftxy (-63, 170)
pd
shiftxy (-6, 152)
pd
shiftxy (44, -57)
pd
shiftxy (49, -246)
pd
shiftxy (38, -304)
pd
shiftxy (50, -208)
pu
shiftxy (6, 0)
pd
shiftxy (19, 151)
pd
shiftxy (6, 152)
pd
shiftxy (6, 133)
pu
shiftxy (75, -171)
pd
shiftxy (-50, 171)
pd
shiftxy (19, -57)
pd
shiftxy (31, -152)
pd
shiftxy (13, -151)
pd
shiftxy (37, -171)
pd
shiftxy (-6, 19)
pd
shiftxy (-50, 95)
pd
shiftxy (37, -152)
pd
shiftxy (50, -133)
pd
shiftxy (13, -132)
pd
shiftxy (31, -133)
pd
shiftxy (31, 208)
pu
shiftxy (25, -208)
pd
shiftxy (0, 152)
pd
shiftxy (-12, 151)
pd
shiftxy (-7, 152)
pd
shiftxy (7, 152)
pd
shiftxy (6, 151)
pd
shiftxy (25, 152)
pd
shiftxy (25, 152)
pd
shiftxy (0, 132)
pd
shiftxy (-25, 38)
pd
shiftxy (50, -133)
pd
shiftxy (81, -75)
pd
shiftxy (50, -57)
pd
shiftxy (87, 0)
pu
shiftxy (0, 38)
pd
shiftxy (-43, -152)
pd
shiftxy (-7, -133)
pd
shiftxy (0, -151)
pd
shiftxy (13, -152)
pd
shiftxy (6, -152)
pd
shiftxy (19, -151)
pd
shiftxy (68, -152)
pd
shiftxy (7, 0)
pd
shiftxy (-44, 95)
pd
shiftxy (-50, 189)
pu
shiftxy (-100, -132)
pd
shiftxy (56, -19)
pd
shiftxy (0, 132)
pd
shiftxy (-18, 152)
pd
shiftxy (6, 152)
pd
shiftxy (0, 132)
pd
shiftxy (0, 171)
pd
shiftxy (0, 152)
pd
shiftxy (-87, 170)
pd
shiftxy (25, 76)
pd
shiftxy (49, -19)
pd
shiftxy (50, -38)
pd
shiftxy (50, -113)
pu
shiftxy (75, -929)
pd
shiftxy (50, -133)
pd
shiftxy (50, -38)
pd
shiftxy (56, -19)
pd
shiftxy (50, -19)
pd
shiftxy (50, -19)
pd
shiftxy (50, 0)
pd
shiftxy (50, -38)
pd
shiftxy (50, -19)
pd
shiftxy (44, 0)
pd
shiftxy (-69, 152)
pu
shiftxy (37, -95)
pd
shiftxy (-50, 95)
pd
shiftxy (-49, 0)
pd
shiftxy (-57, 0)
pd
shiftxy (-50, 360)
pu
shiftxy (-43, -322)
pd
shiftxy (6, 133)
pd
shiftxy (6, 151)
pd
shiftxy (-12, 152)
pd
shiftxy (-19, 133)
pd
shiftxy (-6, 151)
pd
shiftxy (-13, 152)
pd
shiftxy (-31, 152)
pd
shiftxy (-6, 94)
pd
shiftxy (50, -75)
pu
shiftxy (237, -19)
pd
shiftxy (50, -171)
pd
shiftxy (56, 171)
pu
shiftxy (-62, -114)
pd
shiftxy (43, 151)
pd
shiftxy (-6, 152)
pd
shiftxy (-25, 152)
pd
shiftxy (-37, 114)
pd
shiftxy (50, -152)
pu
shiftxy (-25, -152)
pd
shiftxy (-44, -95)
pu
shiftxy (44, -189)
pd
shiftxy (-38, 152)
pd
shiftxy (56, 151)
pd
shiftxy (-37, 171)
pd
shiftxy (-19, 76)
pd
shiftxy (50, -171)
pu
shiftxy (225, -76)
pd
shiftxy (50, -95)
pd
shiftxy (50, -75)
pd
shiftxy (56, 0)
pd
shiftxy (50, 37)
pd
shiftxy (50, 38)
pd
shiftxy (56, 38)
pd
shiftxy (50, 0)
pd
shiftxy (50, -19)
pd
shiftxy (50, -94)
pu
shiftxy (12, -152)
pd
shiftxy (-50, -76)
pd
shiftxy (-56, 133)
pd
shiftxy (-56, 19)
pd
shiftxy (-56, -95)
pd
shiftxy (-50, -57)
pd
shiftxy (-50, -57)
pu
shiftxy (68, 95)
pd
shiftxy (94, 152)
pu
shiftxy (56, 0)
pd
shiftxy (56, -152)
pu
shiftxy (7, 0)
pd
shiftxy (31, 152)
pu
shiftxy (75, -474)
pd
shiftxy (50, -342)
pd
shiftxy (56, -75)
pu
shiftxy (-6, -57)
pd
shiftxy (-44, 132)
pd
shiftxy (-25, 152)
pd
shiftxy (-25, 152)
pd
shiftxy (-6, 151)
pd
shiftxy (-13, 152)
pd
shiftxy (7, 152)
pd
shiftxy (6, 38)
pd
shiftxy (50, -19)
pd
shiftxy (50, -171)
pu
shiftxy (75, 417)
pd
shiftxy (50, -76)
pd
shiftxy (56, -57)
pd
shiftxy (50, 0)
pd
shiftxy (50, 19)
pd
shiftxy (56, 38)
pd
shiftxy (43, 38)
pd
shiftxy (44, -19)
pd
shiftxy (44, -38)
pd
shiftxy (50, -94)
pu
shiftxy (25, 0)
pd
shiftxy (-25, -152)
pu
shiftxy (25, 19)
pd
shiftxy (-50, -95)
pd
shiftxy (-56, 95)
pd
shiftxy (-50, 95)
pd
shiftxy (-50, -95)
pd
shiftxy (-50, -57)
pd
shiftxy (-56, -19)
pu
shiftxy (50, 57)
pd
shiftxy (106, 152)
pu
shiftxy (43, -38)
pd
shiftxy (50, -133)
pu
shiftxy (131, -322)
pd
shiftxy (50, -57)
pd
shiftxy (50, -57)
pd
shiftxy (50, 0)
pd
shiftxy (19, 95)
pd
shiftxy (-38, 151)
pd
shiftxy (-93, 171)
pd
shiftxy (-75, 152)
pd
shiftxy (-50, 170)
pd
shiftxy (-6, 0)
pd
shiftxy (50, -151)
pd
shiftxy (50, -95)
pd
shiftxy (56, -76)
pd
shiftxy (50, -95)
pd
shiftxy (43, -132)
pu
shiftxy (38, 18)
pd
shiftxy (-56, 114)
pd
shiftxy (-50, 114)
pd
shiftxy (-50, 114)
pd
shiftxy (-31, 151)
pd
shiftxy (-50, 133)
pd
shiftxy (-50, 57)
pd
shiftxy (87, -152)
pd
shiftxy (13, -151)
pd
shiftxy (93, -171)
pd
shiftxy (69, -152)
pd
shiftxy (50, -151)
pd
shiftxy (6, -152)
pd
shiftxy (-6, -57)
pd
shiftxy (-56, -19)
pd
shiftxy (-50, -19)
pu
shiftxy (-38, -114)
pd
shiftxy (-50, 133)
pd
shiftxy (-37, 171)
pd
shiftxy (31, -152)
pd
shiftxy (56, -152)
pd
shiftxy (38, -132)
pd
shiftxy (-50, 19)
pd
shiftxy (-50, 19)
pu
shiftxy (56, -152)
pd
shiftxy (-56, 152)
pd
shiftxy (25, -95)
pd
shiftxy (50, -38)
pd
shiftxy (50, -38)
pd
shiftxy (43, 19)
pd
shiftxy (50, -19)
pu
shiftxy (31, 38)
pd
shiftxy (-49, 152)
pd
shiftxy (-82, 151)
pd
shiftxy (13, -38)
pd
shiftxy (50, -75)
pd
shiftxy (44, -95)
pu
shiftxy (-344, -171)
pd
shiftxy (-50, 38)
pd
shiftxy (-50, 38)
pd
shiftxy (-50, 57)
pd
shiftxy (-49, 76)
pd
shiftxy (-38, 170)
pd
shiftxy (31, -151)
pd
shiftxy (88, -152)
pu
shiftxy (-19, 76)
pd
shiftxy (-94, 170)
pd
shiftxy (7, 0)
pd
shiftxy (56, -56)
pd
shiftxy (50, -76)
pu
shiftxy (12, 19)
pd
shiftxy (-25, 132)
pd
shiftxy (-44, 133)
pd
shiftxy (-49, 152)
pd
shiftxy (-50, 132)
pd
shiftxy (-44, 152)
pd
shiftxy (-69, 171)
pd
shiftxy (-37, 151)
pd
shiftxy (12, -37)
pd
shiftxy (44, -171)
pd
shiftxy (50, -95)
pd
shiftxy (50, -171)
pd
shiftxy (50, -113)
pd
shiftxy (50, -133)
pd
shiftxy (50, -171)
pu
shiftxy (75, -132)
pd
shiftxy (-44, 151)
pd
shiftxy (-50, 114)
pd
shiftxy (-50, 133)
pd
shiftxy (-50, 170)
pd
shiftxy (-31, 114)
pd
shiftxy (37, -151)
pd
shiftxy (44, -152)
pd
shiftxy (56, -152)
pd
shiftxy (63, -151)
pd
shiftxy (31, -152)
pd
shiftxy (6, -152)
pu
shiftxy (-406, 171)
pd
shiftxy (-56, -171)
pd
shiftxy (-50, 57)
pd
shiftxy (-56, 171)
pd
shiftxy (-50, 341)
pu
shiftxy (-137, -379)
pd
shiftxy (-50, 170)
pd
shiftxy (-50, 152)
pd
shiftxy (-56, 171)
pd
shiftxy (-56, 170)
pd
shiftxy (-44, 152)
pd
shiftxy (-63, 152)
pd
shiftxy (-43, 151)
pd
shiftxy (19, -76)
pd
shiftxy (56, -170)
pd
shiftxy (43, -114)
pd
shiftxy (50, -152)
pd
shiftxy (50, -151)
pd
shiftxy (56, -114)
pd
shiftxy (50, -152)
pu
shiftxy (-6, -189)
pd
shiftxy (-50, 95)
pd
shiftxy (-50, 75)
pd
shiftxy (19, -56)
pd
shiftxy (100, -152)
pu
shiftxy (-19, -76)
pd
shiftxy (-87, 152)
pd
shiftxy (-31, 151)
pd
shiftxy (37, -170)
pd
shiftxy (44, -76)
pd
shiftxy (43, -57)
pd
shiftxy (57, -57)
pd
shiftxy (49, -19)
pu
shiftxy (-25, 57)
pd
shiftxy (-6, 133)
pd
shiftxy (-37, 132)
pd
shiftxy (-63, 152)
pd
shiftxy (-50, 133)
pd
shiftxy (-43, 133)
pd
shiftxy (-50, 151)
pd
shiftxy (31, -95)
pd
shiftxy (56, -151)
pd
shiftxy (50, -133)
pd
shiftxy (56, -114)
pd
shiftxy (50, -132)
pu
shiftxy (212, -228)
pd
shiftxy (-49, 152)
pd
shiftxy (-32, 132)
pd
shiftxy (-12, 133)
pd
shiftxy (-13, 171)
pd
shiftxy (-6, 133)
pd
shiftxy (6, 170)
pd
shiftxy (0, 152)
pd
shiftxy (19, 151)
pd
shiftxy (19, 38)
pd
shiftxy (50, 38)
pd
shiftxy (50, -132)
pd
shiftxy (43, -152)
pu
shiftxy (-75, 76)
pd
shiftxy (38, -152)
pd
shiftxy (19, -152)
pd
shiftxy (0, -151)
pd
shiftxy (0, -152)
pd
shiftxy (0, -152)
pd
shiftxy (-25, -151)
pu
shiftxy (18, -171)
pd
shiftxy (32, 152)
pd
shiftxy (18, 151)
pd
shiftxy (25, 152)
pd
shiftxy (7, 171)
pd
shiftxy (-19, 151)
pd
shiftxy (-13, 152)
pd
shiftxy (-37, 152)
pd
shiftxy (-44, 151)
pu
shiftxy (-1023, -1118)
pd
shiftxy (-19, 152)
pd
shiftxy (-25, 151)
pd
shiftxy (-13, 152)
pd
shiftxy (-6, 152)
pd
shiftxy (-6, 151)
pd
shiftxy (-19, 152)
pd
shiftxy (-19, 152)
pd
shiftxy (-62, 37)
pu
shiftxy (-44, -834)
pd
shiftxy (63, -151)
pu
shiftxy (43, -95)
pd
shiftxy (-43, 19)
pd
shiftxy (-50, 114)
pd
shiftxy (-50, 0)
pd
shiftxy (-13, -76)
pd
shiftxy (75, -152)
pu
shiftxy (-112, -19)
pd
shiftxy (-56, 0)
pd
shiftxy (-50, 0)
pd
shiftxy (-56, 57)
pd
shiftxy (-13, 76)
pd
shiftxy (63, -152)
pu
shiftxy (-231, 834)
pd
shiftxy (50, 342)
pu
shiftxy (-81, 151)
pd
shiftxy (-7, -170)
pd
shiftxy (-18, -152)
pd
shiftxy (-19, -152)
pd
shiftxy (-13, -151)
pd
shiftxy (-12, -152)
pu
shiftxy (-187, 57)
pd
shiftxy (-13, 151)
pd
shiftxy (-31, 133)
pd
shiftxy (-13, 152)
pd
shiftxy (-12, 152)
pd
shiftxy (-31, 151)
pd
shiftxy (-31, -76)
pu
shiftxy (168, -1251)
pd
shiftxy (-56, 57)
pd
shiftxy (-50, 57)
pd
shiftxy (-50, 76)
pd
shiftxy (-25, 76)
pd
shiftxy (62, -152)
pd
shiftxy (100, -152)
pd
shiftxy (13, 152)
pd
shiftxy (19, 152)
pd
shiftxy (12, 170)
pd
shiftxy (6, 171)
pd
shiftxy (13, 95)
pd
shiftxy (43, -76)
pd
shiftxy (50, -152)
pd
shiftxy (38, -265)
pd
shiftxy (50, -152)
pu
shiftxy (3033, 1100)
pd
shiftxy (6, 151)
pd
shiftxy (38, 152)
pd
shiftxy (25, 133)
pd
shiftxy (31, 151)
pd
shiftxy (19, 133)
pd
shiftxy (25, 152)
pd
shiftxy (18, 132)
pu
shiftxy (-6, -379)
pd
shiftxy (-50, -284)
pd
shiftxy (-50, -209)
pu
shiftxy (-12, -76)
pd
shiftxy (31, 133)
pd
shiftxy (25, 171)
pd
shiftxy (31, 151)
pd
shiftxy (19, 152)
pd
shiftxy (19, 152)
pu
shiftxy (18, -683)
pd
shiftxy (-50, -38)
pd
shiftxy (-50, 0)
pd
shiftxy (-56, -38)
pu
shiftxy (-18, 0)
pd
shiftxy (56, 228)
pd
shiftxy (43, 284)
pd
shiftxy (50, 342)
pd
shiftxy (50, 170)
pu
shiftxy (-206, -1080)
pd
shiftxy (50, -19)
pd
shiftxy (50, 19)
pd
shiftxy (50, 0)
pd
shiftxy (63, 75)
pd
shiftxy (49, -56)
pd
shiftxy (50, -152)
pd
shiftxy (50, -114)
pu
shiftxy (0, 19)
pd
shiftxy (-56, 133)
pu
shiftxy (63, 114)
pd
shiftxy (6, -152)
pd
shiftxy (-19, -152)
pd
shiftxy (19, -76)
pu
shiftxy (-25, 0)
pd
shiftxy (-69, 152)
pd
shiftxy (-25, 57)
pd
shiftxy (50, -114)
pd
shiftxy (50, -114)
pd
shiftxy (50, 95)
pd
shiftxy (81, -38)
pd
shiftxy (44, 95)
pd
shiftxy (44, 57)
pd
shiftxy (56, -76)
pd
shiftxy (50, -57)
pd
shiftxy (50, -57)
pd
shiftxy (43, -38)
pd
shiftxy (56, -19)
pd
shiftxy (50, -37)
pd
shiftxy (57, -19)
pd
shiftxy (49, -19)
pd
shiftxy (44, -38)
pd
shiftxy (50, 0)
pd
shiftxy (50, 0)
pd
shiftxy (44, -19)
pd
shiftxy (50, 0)
pd
shiftxy (50, 0)
pu
shiftxy (6, 19)
pd
shiftxy (19, 151)
pd
shiftxy (-7, 171)
pd
shiftxy (0, 190)
pd
shiftxy (-25, 151)
pd
shiftxy (-25, 152)
pd
shiftxy (-25, 133)
pd
shiftxy (-43, 151)
pd
shiftxy (-44, 133)
pd
shiftxy (-62, 152)
pd
shiftxy (-44, 151)
pd
shiftxy (-62, 152)
pd
shiftxy (-44, 171)
pd
shiftxy (-25, 57)
pd
shiftxy (50, -171)
pd
shiftxy (50, -114)
pd
shiftxy (56, -133)
pd
shiftxy (50, -132)
pd
shiftxy (50, -133)
pd
shiftxy (50, -190)
pd
shiftxy (50, -246)
pd
shiftxy (50, -322)
pd
shiftxy (43, 0)
pu
shiftxy (63, 57)
pd
shiftxy (31, 151)
pd
shiftxy (31, 152)
pd
shiftxy (25, 171)
pu
shiftxy (-19, -285)
pd
shiftxy (-50, -227)
pu
shiftxy (-6, -38)
pd
shiftxy (50, -114)
pd
shiftxy (50, -76)
pd
shiftxy (50, -38)
pd
shiftxy (50, -38)
pd
shiftxy (56, -38)
pd
shiftxy (50, 0)
pd
shiftxy (56, -56)
pd
shiftxy (50, 0)
pd
shiftxy (50, -19)
pd
shiftxy (50, -19)
pd
shiftxy (50, 0)
pd
shiftxy (50, 0)
pd
shiftxy (50, 19)
pd
shiftxy (43, 0)
pd
shiftxy (50, 0)
pd
shiftxy (44, 19)
pd
shiftxy (50, 0)
pd
shiftxy (56, -19)
pd
shiftxy (50, 0)
pd
shiftxy (50, 0)
pd
shiftxy (50, 0)
pd
shiftxy (50, 0)
pd
shiftxy (50, 0)
pd
shiftxy (50, -19)
pd
shiftxy (43, 0)
pd
shiftxy (50, 0)
pd
shiftxy (50, 0)
pd
shiftxy (50, 0)
pd
shiftxy (50, 0)
pd
shiftxy (50, 0)
pd
shiftxy (56, 0)
pd
shiftxy (50, 0)
pd
shiftxy (56, 0)
pd
shiftxy (50, -19)
pd
shiftxy (56, 19)
pd
shiftxy (50, 0)
pd
shiftxy (50, 38)
pd
shiftxy (57, 37)
pu
shiftxy (0, -37)
pd
shiftxy (-50, -38)
pd
shiftxy (-57, -19)
pd
shiftxy (-50, 0)
pd
shiftxy (-43, -38)
pd
shiftxy (-50, 0)
pd
shiftxy (-44, 0)
pd
shiftxy (-50, -19)
pd
shiftxy (-50, 0)
pd
shiftxy (-50, 0)
pd
shiftxy (-50, 19)
pd
shiftxy (-50, 0)
pd
shiftxy (-49, 0)
pd
shiftxy (-57, 19)
pd
shiftxy (-50, 0)
pd
shiftxy (-56, 0)
pd
shiftxy (-50, 0)
pd
shiftxy (-50, 0)
pd
shiftxy (-50, 0)
pd
shiftxy (-49, 0)
pd
shiftxy (-44, 0)
pd
shiftxy (-50, 0)
pd
shiftxy (-50, -19)
pd
shiftxy (-44, -19)
pd
shiftxy (-50, 0)
pd
shiftxy (-50, 0)
pd
shiftxy (-49, 0)
pd
shiftxy (-50, 19)
pd
shiftxy (-57, 0)
pd
shiftxy (-50, 19)
pd
shiftxy (-49, -19)
pd
shiftxy (-50, 0)
pd
shiftxy (-57, 19)
pd
shiftxy (-49, 19)
pd
shiftxy (-50, 38)
pd
shiftxy (-50, 37)
pd
shiftxy (-44, 76)
pd
shiftxy (-50, 76)
pd
shiftxy (-50, 76)
pd
shiftxy (-50, 76)
pd
shiftxy (-50, 0)
pd
shiftxy (-56, -38)
pd
shiftxy (-81, 38)
pd
shiftxy (-50, 76)
pd
shiftxy (-50, -38)
pd
shiftxy (-50, -19)
pd
shiftxy (-50, 151)
pd
shiftxy (-31, 133)
pd
shiftxy (31, -152)
pd
shiftxy (50, -170)
pu
shiftxy (31, 114)
pd
shiftxy (-43, 151)
pd
shiftxy (-32, 171)
pd
shiftxy (-18, 152)
pd
shiftxy (12, -152)
pd
shiftxy (50, -247)
pd
shiftxy (50, -94)
pd
shiftxy (50, 170)
pd
shiftxy (44, -170)
pd
shiftxy (50, -76)
pu
shiftxy (-19, 0)
pd
shiftxy (-69, 151)
pu
shiftxy (106, -94)
pd
shiftxy (-25, 151)
pd
shiftxy (-25, 152)
pd
shiftxy (-37, 152)
pd
shiftxy (-37, 151)
pd
shiftxy (-44, 133)
pd
shiftxy (-56, 152)
pd
shiftxy (-50, 170)
pd
shiftxy (-63, 152)
pu
shiftxy (50, -967)
pd
shiftxy (-18, -133)
pd
shiftxy (-25, 0)
pu
shiftxy (-13, 0)
pd
shiftxy (-6, 152)
pd
shiftxy (6, 152)
pd
shiftxy (-6, 132)
pd
shiftxy (-13, 152)
pd
shiftxy (0, 152)
pd
shiftxy (-12, 151)
pd
shiftxy (-19, 133)
pd
shiftxy (-6, 152)
pu
shiftxy (87, -910)
pd
shiftxy (-18, -152)
pd
shiftxy (-13, -151)
pu
shiftxy (19, -38)
pd
shiftxy (-50, 0)
pu
shiftxy (12, -57)
pd
shiftxy (-18, 151)
pd
shiftxy (0, 171)
pd
shiftxy (-13, 152)
pd
shiftxy (0, 151)
pd
shiftxy (-6, 152)
pd
shiftxy (0, 152)
pd
shiftxy (-6, 170)
pd
shiftxy (0, 152)
pd
shiftxy (-7, 152)
pd
shiftxy (50, -57)
pd
shiftxy (50, -133)
pd
shiftxy (50, -152)
pd
shiftxy (56, -151)
pd
shiftxy (50, -133)
pd
shiftxy (50, -190)
pd
shiftxy (50, -208)
pd
shiftxy (44, -322)
pu
shiftxy (56, 227)
pd
shiftxy (50, -227)
pd
shiftxy (-19, 75)
pd
shiftxy (-31, 152)
pd
shiftxy (0, 133)
pd
shiftxy (6, 133)
pd
shiftxy (19, 151)
pu
shiftxy (-6, -95)
pd
shiftxy (43, 76)
pd
shiftxy (50, 0)
pu
shiftxy (57, -227)
pd
shiftxy (-50, -304)
pd
shiftxy (-50, -75)
pd
shiftxy (-50, 246)
pu
shiftxy (181, 303)
pd
shiftxy (0, -151)
pd
shiftxy (-13, -171)
pd
shiftxy (-25, -152)
pd
shiftxy (-31, -151)
pd
shiftxy (19, -171)
pd
shiftxy (100, -152)
pu
shiftxy (6, 0)
pd
shiftxy (-119, 152)
pd
shiftxy (-75, 266)
pd
shiftxy (-37, 132)
pd
shiftxy (-6, 152)
pd
shiftxy (0, 152)
pd
shiftxy (-19, 56)
pd
shiftxy (56, 133)
pd
shiftxy (50, -19)
pd
shiftxy (50, -19)
pu
shiftxy (-343, -512)
pd
shiftxy (12, -75)
pd
shiftxy (25, -19)
pd
shiftxy (75, -152)
pd
shiftxy (44, -133)
pd
shiftxy (-6, -151)
pu
shiftxy (-156, -854)
pd
shiftxy (-50, -75)
pd
shiftxy (-44, -95)
pd
shiftxy (-50, -57)
pd
shiftxy (-50, -57)
pd
shiftxy (-56, -19)
pd
shiftxy (-50, 0)
pd
shiftxy (-44, 0)
pd
shiftxy (-50, 114)
pd
shiftxy (-50, 114)
pd
shiftxy (-50, 113)
pd
shiftxy (-43, 114)
pd
shiftxy (-50, 152)
pd
shiftxy (-50, 227)
pu
shiftxy (-19, -19)
pd
shiftxy (50, -227)
pd
shiftxy (44, -152)
pd
shiftxy (50, -133)
pd
shiftxy (43, -132)
pd
shiftxy (44, -114)
pd
shiftxy (50, -95)
pd
shiftxy (50, -57)
pd
shiftxy (50, 0)
pd
shiftxy (56, 0)
pd
shiftxy (50, 38)
pd
shiftxy (50, 76)
pd
shiftxy (44, 38)
pd
shiftxy (50, 95)
pu
shiftxy (-44, 76)
pd
shiftxy (-131, -171)
pu
shiftxy (31, -95)
pd
shiftxy (125, 171)
pd
shiftxy (75, 151)
pu
shiftxy (93, 816)
pd
shiftxy (-50, 0)
pd
shiftxy (-56, 0)
pd
shiftxy (-50, 0)
pd
shiftxy (-56, 19)
pd
shiftxy (-44, 19)
pd
shiftxy (-49, 19)
pd
shiftxy (-50, 18)
pd
shiftxy (-44, 57)
pd
shiftxy (-56, 38)
pd
shiftxy (-50, 19)
pd
shiftxy (-50, 95)
pd
shiftxy (-69, 0)
pd
shiftxy (113, -152)
pu
shiftxy (6, 95)
pd
shiftxy (-75, 152)
pd
shiftxy (50, 0)
pd
shiftxy (50, -19)
pd
shiftxy (50, 0)
pu
shiftxy (-319, -95)
pd
shiftxy (-31, -152)
pd
shiftxy (0, -151)
pd
shiftxy (6, -152)
pd
shiftxy (19, -152)
pd
shiftxy (25, -132)
pd
shiftxy (50, -152)
pd
shiftxy (62, -133)
pd
shiftxy (75, -170)
pd
shiftxy (63, -152)
pu
shiftxy (37, -38)
pd
shiftxy (-93, 152)
pd
shiftxy (-63, 151)
pd
shiftxy (-75, 133)
pd
shiftxy (-50, 152)
pd
shiftxy (-37, 133)
pd
shiftxy (-31, 151)
pd
shiftxy (-19, 152)
pd
shiftxy (-6, 152)
pd
shiftxy (-13, 170)
pd
shiftxy (7, 133)
pd
shiftxy (-25, 133)
pd
shiftxy (0, 37)
pd
shiftxy (56, -246)
pd
shiftxy (56, 95)
pd
shiftxy (50, 38)
pd
shiftxy (50, 19)
pd
shiftxy (56, 0)
pd
shiftxy (50, 19)
pd
shiftxy (44, 0)
pd
shiftxy (49, 0)
pu
shiftxy (-630, 777)
pd
shiftxy (6, -152)
pd
shiftxy (-6, -151)
pd
shiftxy (0, -152)
pd
shiftxy (0, -152)
pd
shiftxy (13, -246)
pd
shiftxy (6, -152)
pd
shiftxy (0, -133)
pd
shiftxy (12, -151)
pd
shiftxy (7, -171)
pd
shiftxy (6, -152)
pd
shiftxy (0, -151)
pd
shiftxy (-6, -133)
pd
shiftxy (12, -152)
pd
shiftxy (6, -132)
pd
shiftxy (13, -152)
pu
shiftxy (0, -38)
pd
shiftxy (-25, 152)
pd
shiftxy (-31, 151)
pd
shiftxy (-32, 152)
pd
shiftxy (-31, 171)
pd
shiftxy (-37, 132)
pd
shiftxy (-25, 171)
pd
shiftxy (-31, 133)
pd
shiftxy (-38, 151)
pd
shiftxy (-37, 152)
pd
shiftxy (-32, 133)
pd
shiftxy (-25, 170)
pd
shiftxy (-31, 152)
pd
shiftxy (-25, 152)
pd
shiftxy (-37, 170)
pd
shiftxy (-50, 152)
pd
shiftxy (50, -133)
pd
shiftxy (50, -170)
pd
shiftxy (50, -247)
pd
shiftxy (50, -246)
pd
shiftxy (56, -247)
pd
shiftxy (44, -246)
pd
shiftxy (56, -284)
pd
shiftxy (50, -266)
pd
shiftxy (43, -246)
pu
shiftxy (75, -436)
pd
shiftxy (6, 151)
pd
shiftxy (0, 152)
pd
shiftxy (-12, 133)
pd
shiftxy (-19, 151)
pd
shiftxy (-6, 152)
pd
shiftxy (-6, 152)
pd
shiftxy (0, 151)
pd
shiftxy (-6, 152)
pd
shiftxy (-7, 152)
pd
shiftxy (0, 151)
pd
shiftxy (0, 152)
pd
shiftxy (-12, 228)
pd
shiftxy (-13, 151)
pd
shiftxy (0, 152)
pd
shiftxy (0, 152)
pd
shiftxy (0, 151)
pd
shiftxy (-6, 171)
pd
shiftxy (0, 151)
pu
shiftxy (38, -2824)
pd
shiftxy (-50, 322)
pd
shiftxy (-50, 246)
pd
shiftxy (-50, 266)
pd
shiftxy (-50, 246)
pd
shiftxy (-44, 266)
pd
shiftxy (-44, 265)
pd
shiftxy (-43, 266)
pd
shiftxy (-56, 227)
pd
shiftxy (-50, 209)
pd
shiftxy (-50, 189)
pd
shiftxy (25, -76)
pd
shiftxy (37, -170)
pd
shiftxy (38, -171)
pd
shiftxy (31, -152)
pd
shiftxy (31, -151)
pd
shiftxy (25, -171)
pd
shiftxy (31, -152)
pd
shiftxy (31, -151)
pd
shiftxy (32, -133)
pd
shiftxy (18, -133)
pd
shiftxy (25, -151)
pd
shiftxy (38, -133)
pd
shiftxy (37, -152)
pd
shiftxy (31, -132)
pd
shiftxy (38, -152)
pd
shiftxy (25, -171)
pd
shiftxy (25, -151)
pu