shiftxy (6217, 0)
pd
shiftxy (-161, 175)
pd
shiftxy (-175, 169)
pd
shiftxy (-160, 168)
pd
shiftxy (-175, 169)
pd
shiftxy (-174, 168)
pd
shiftxy (-174, 169)
pd
shiftxy (-161, 175)
pu
shiftxy (4, 555)
pd
shiftxy (107, 42)
pd
shiftxy (108, 7)
pd
shiftxy (111, -7)
pd
shiftxy (108, 0)
pd
shiftxy (107, 0)
pd
shiftxy (161, -21)
pu
shiftxy (-49, -183)
pd
shiftxy (107, 21)
pd
shiftxy (107, -210)
pd
shiftxy (108, -106)
pd
shiftxy (107, -126)
pd
shiftxy (112, -105)
pd
shiftxy (107, -113)
pd
shiftxy (103, -98)
pd
shiftxy (107, -126)
pd
shiftxy (103, -106)
pd
shiftxy (102, 43)
pd
shiftxy (112, 105)
pd
shiftxy (107, 98)
pd
shiftxy (108, 84)
pd
shiftxy (107, 113)
pd
shiftxy (107, 105)
pd
shiftxy (108, 112)
pd
shiftxy (111, 92)
pd
shiftxy (108, 112)
pd
shiftxy (156, 204)
pd
shiftxy (107, -148)
pu
shiftxy (63, -35)
pd
shiftxy (0, 169)
pd
shiftxy (80, 168)
pd
shiftxy (-53, 162)
pd
shiftxy (107, -42)
pu
shiftxy (-22, -197)
pd
shiftxy (-108, -63)
pu
shiftxy (67, 435)
pd
shiftxy (14, 105)
pd
shiftxy (-108, -84)
pu
shiftxy (-76, 77)
pd
shiftxy (14, -91)
pd
shiftxy (0, -119)
pd
shiftxy (67, -169)
pd
shiftxy (107, -77)
pu
shiftxy (27, 569)
pd
shiftxy (103, 168)
pu
shiftxy (-81, -281)
pd
shiftxy (-102, 127)
pd
shiftxy (-45, 42)
pu
shiftxy (-130, 344)
pd
shiftxy (170, -169)
pd
shiftxy (-13, 169)
pd
shiftxy (-161, 168)
pu
shiftxy (-492, 281)
pd
shiftxy (-107, -133)
pd
shiftxy (-14, -169)
pd
shiftxy (0, -175)
pd
shiftxy (27, -176)
pd
shiftxy (0, -175)
pd
shiftxy (-13, -176)
pd
shiftxy (-5, -168)
pd
shiftxy (-40, 0)
pd
shiftxy (40, -162)
pd
shiftxy (-13, -84)
pd
shiftxy (-107, 0)
pd
shiftxy (-108, 0)
pd
shiftxy (-107, 7)
pd
shiftxy (-107, 0)
pd
shiftxy (-107, 7)
pd
shiftxy (-108, 0)
pd
shiftxy (-102, 0)
pd
shiftxy (-112, 0)
pd
shiftxy (-107, 0)
pd
shiftxy (-108, 21)
pu
shiftxy (94, 91)
pd
shiftxy (107, 7)
pd
shiftxy (112, 0)
pd
shiftxy (112, 0)
pd
shiftxy (107, 0)
pd
shiftxy (63, 113)
pd
shiftxy (0, 168)
pd
shiftxy (0, 169)
pd
shiftxy (13, 196)
pd
shiftxy (-40, 162)
pd
shiftxy (0, 168)
pd
shiftxy (9, 169)
pu
shiftxy (451, -499)
pd
shiftxy (-107, 0)
pd
shiftxy (-103, 0)
pd
shiftxy (-103, 0)
pd
shiftxy (-107, -7)
pd
shiftxy (-80, -63)
pd
shiftxy (-112, 63)
pd
shiftxy (-107, 0)
pd
shiftxy (-112, -7)
pd
shiftxy (-107, 0)
pu
shiftxy (9, -7)
pd
shiftxy (0, 169)
pd
shiftxy (13, 175)
pd
shiftxy (0, 176)
pu
shiftxy (-80, 84)
pd
shiftxy (40, -168)
pd
shiftxy (-5, -169)
pd
shiftxy (0, -168)
pd
shiftxy (0, -169)
pd
shiftxy (-13, -168)
pd
shiftxy (0, -162)
pd
shiftxy (4, -161)
pd
shiftxy (-53, -85)
pd
shiftxy (-107, 0)
pu
shiftxy (-18, 7)
pd
shiftxy (0, 169)
pd
shiftxy (4, 161)
pd
shiftxy (0, 169)
pd
shiftxy (-4, 168)
pd
shiftxy (18, 169)
pd
shiftxy (0, 175)
pd
shiftxy (4, 169)
pd
shiftxy (45, 91)
pd
shiftxy (107, 0)
pd
shiftxy (161, -42)
pd
shiftxy (107, 0)
pd
shiftxy (107, 0)
pd
shiftxy (103, -7)
pd
shiftxy (157, 21)
pd
shiftxy (107, -7)
pd
shiftxy (103, 0)
pd
shiftxy (111, -7)
pu
shiftxy (121, -35)
pd
shiftxy (-9, -176)
pd
shiftxy (5, -168)
pd
shiftxy (-14, -176)
pu
shiftxy (134, -617)
pd
shiftxy (-111, -57)
pd
shiftxy (-121, 21)
pd
shiftxy (-112, 0)
pd
shiftxy (-112, 0)
pd
shiftxy (-102, 0)
pd
shiftxy (-108, 0)
pu
shiftxy (-44, 21)
pd
shiftxy (13, 169)
pd
shiftxy (0, 169)
pd
shiftxy (13, 168)
pd
shiftxy (36, 260)
pd
shiftxy (14, 175)
pd
shiftxy (-5, 169)
pu
shiftxy (-22, 1151)
pd
shiftxy (13, 169)
pd
shiftxy (14, 161)
pd
shiftxy (-5, 162)
pd
shiftxy (5, 175)
pd
shiftxy (4, 253)
pu
shiftxy (-460, -154)
pd
shiftxy (107, 0)
pd
shiftxy (103, 0)
pd
shiftxy (107, 21)
pd
shiftxy (107, -7)
pd
shiftxy (134, 0)
pd
shiftxy (108, 0)
pd
shiftxy (107, -7)
pd
shiftxy (112, 0)
pd
shiftxy (40, 0)
pu
shiftxy (103, 21)
pd
shiftxy (0, 168)
pu
shiftxy (527, 28)
pd
shiftxy (-107, 64)
pd
shiftxy (-112, 21)
pd
shiftxy (-107, 84)
pd
shiftxy (-22, -147)
pd
shiftxy (4, -169)
pd
shiftxy (-13, -161)
pd
shiftxy (0, -169)
pd
shiftxy (-9, -161)
pd
shiftxy (-14, -169)
pd
shiftxy (0, -169)
pd
shiftxy (-71, -21)
pd
shiftxy (-103, 0)
pu
shiftxy (-237, 71)
pd
shiftxy (-147, -21)
pd
shiftxy (-112, 7)
pu
shiftxy (-27, -43)
pd
shiftxy (107, -28)
pd
shiftxy (108, 0)
pd
shiftxy (107, 0)
pd
shiftxy (107, 0)
pd
shiftxy (54, 85)
pd
shiftxy (4, 161)
pu
shiftxy (-183, 492)
pd
shiftxy (-107, 7)
pd
shiftxy (-108, 0)
pd
shiftxy (-161, 7)
pd
shiftxy (-102, 0)
pd
shiftxy (-108, 7)
pd
shiftxy (-107, -7)
pd
shiftxy (-112, 42)
pu
shiftxy (-13, -737)
pd
shiftxy (107, -7)
pu
shiftxy (-107, -57)
pd
shiftxy (18, 176)
pd
shiftxy (0, 168)
pd
shiftxy (4, 176)
pd
shiftxy (14, 190)
pd
shiftxy (0, 189)
pd
shiftxy (0, 169)
pd
shiftxy (13, 168)
pd
shiftxy (-4, 169)
pd
shiftxy (13, 168)
pu
shiftxy (76, -7)
pd
shiftxy (-107, 35)
pd
shiftxy (-23, -147)
pd
shiftxy (0, -169)
pd
shiftxy (0, -168)
pd
shiftxy (-13, -169)
pd
shiftxy (0, -161)
pd
shiftxy (0, -162)
pd
shiftxy (-9, -168)
pd
shiftxy (0, -169)
pd
shiftxy (-4, -168)
pd
shiftxy (-18, -169)
pd
shiftxy (-54, 21)
pd
shiftxy (-112, 21)
pu
shiftxy (36, -7)
pd
shiftxy (-27, 169)
pd
shiftxy (0, 161)
pd
shiftxy (0, 176)
pd
shiftxy (14, 175)
pd
shiftxy (0, 169)
pd
shiftxy (0, 168)
pd
shiftxy (9, 169)
pd
shiftxy (0, 161)
pd
shiftxy (-5, 169)
pd
shiftxy (107, 126)
pu
shiftxy (-147, -49)
pd
shiftxy (-107, 21)
pu
shiftxy (13, -14)
pd
shiftxy (-27, 176)
pd
shiftxy (-49, 168)
pd
shiftxy (45, 0)
pu
shiftxy (-72, -7)
pd
shiftxy (-26, 169)
pu
shiftxy (-103, -527)
pd
shiftxy (-103, 0)
pu
shiftxy (-14, -7)
pd
shiftxy (0, 169)
pu
shiftxy (-40, 49)
pd
shiftxy (0, -176)
pd
shiftxy (-13, -168)
pd
shiftxy (4, -169)
pd
shiftxy (14, -175)
pd
shiftxy (-9, -176)
pd
shiftxy (4, -175)
pd
shiftxy (0, -169)
pd
shiftxy (0, -168)
pd
shiftxy (0, -169)
pd
shiftxy (-67, -63)
pd
shiftxy (-107, 0)
pu
shiftxy (-492, -7)
pd
shiftxy (0, 168)
pu
shiftxy (-9, -14)
pd
shiftxy (-35, -175)
pd
pu
shiftxy (-85, -155)
pd
shiftxy (4, 169)
pd
shiftxy (-18, 168)
pd
shiftxy (-27, 169)
pd
shiftxy (0, 175)
pd
shiftxy (-8, 169)
pd
shiftxy (-5, 168)
pd
shiftxy (0, 169)
pd
shiftxy (0, 168)
pd
shiftxy (0, 169)
pd
shiftxy (27, 168)
pd
shiftxy (0, 169)
pd
shiftxy (0, 169)
pd
shiftxy (-14, 161)
pd
shiftxy (-13, 169)
pd
shiftxy (27, 161)
pd
shiftxy (9, 211)
pd
shiftxy (53, 168)
pd
shiftxy (14, 162)
pd
shiftxy (27, 168)
pd
shiftxy (13, 176)
pd
shiftxy (27, 161)
pd
shiftxy (-22, 176)
pd
shiftxy (40, -63)
pu
shiftxy (-286, -1573)
pd
shiftxy (-108, 0)
pd
shiftxy (-107, -7)
pd
shiftxy (-112, 0)
pu
shiftxy (385, -372)
pd
shiftxy (0, 168)
pd
shiftxy (27, 28)
pd
shiftxy (0, 169)
pd
shiftxy (80, 140)
pd
shiftxy (45, 21)
pd
shiftxy (103, 0)
pd
shiftxy (111, 0)
pd
shiftxy (112, 0)
pd
shiftxy (112, 0)
pd
shiftxy (112, 0)
pd
shiftxy (102, -42)
pd
shiftxy (50, -105)
pd
shiftxy (107, 14)
pd
shiftxy (103, 0)
pd
shiftxy (120, 28)
pd
shiftxy (108, -21)
pd
shiftxy (111, 21)
pd
shiftxy (112, 28)
pd
shiftxy (125, 7)
pd
shiftxy (112, 0)
pd
shiftxy (89, -147)
pu
shiftxy (-13, 147)
pd
shiftxy (107, 0)
pd
shiftxy (112, -7)
pd
shiftxy (107, -21)
pd
shiftxy (107, -14)
pd
shiftxy (112, -28)
pd
shiftxy (107, 0)
pd
shiftxy (108, 0)
pu
shiftxy (-483, -997)
pd
shiftxy (27, -169)
pd
shiftxy (0, -189)
pd
shiftxy (-14, -176)
pd
shiftxy (5, -175)
pd
shiftxy (-14, -169)
pd
shiftxy (0, -168)
pd
shiftxy (-93, -64)
pd
shiftxy (-112, 7)
pd
shiftxy (-103, 0)
pd
shiftxy (-107, 0)
pd
shiftxy (-107, 0)
pu
shiftxy (-32, -140)
pd
shiftxy (112, 0)
pd
shiftxy (103, 7)
pd
shiftxy (103, 0)
pd
shiftxy (107, 0)
pd
shiftxy (107, 0)
pd
shiftxy (107, 7)
pd
shiftxy (108, 0)
pd
shiftxy (107, 0)
pd
shiftxy (107, 0)
pd
shiftxy (107, 28)
pd
shiftxy (5, 169)
pd
shiftxy (9, 168)
pd
shiftxy (0, 169)
pd
shiftxy (13, 161)
pd
shiftxy (-49, 169)
pd
shiftxy (63, 77)
pd
shiftxy (-27, 168)
pu
shiftxy (36, -1179)
pd
shiftxy (-112, -7)
pd
shiftxy (-107, 7)
pd
shiftxy (-108, -7)
pd
shiftxy (-107, -21)
pd
shiftxy (-107, 0)
pd
shiftxy (-107, 0)
pd
shiftxy (-108, 0)
pd
shiftxy (-107, 0)
pd
shiftxy (-107, 0)
pd
shiftxy (-112, 0)
pd
shiftxy (-107, 28)
pu
shiftxy (-362, -127)
pd
shiftxy (-5, 176)
pd
shiftxy (0, 168)
pd
shiftxy (0, 176)
pd
shiftxy (0, 168)
pd
shiftxy (-4, 169)
pd
shiftxy (27, 84)
pd
shiftxy (-14, 169)
pd
shiftxy (0, 161)
pd
shiftxy (0, 169)
pd
shiftxy (-4, 161)
pd
shiftxy (18, 176)
pd
shiftxy (-108, 210)
pd
shiftxy (-13, 169)
pd
shiftxy (54, 42)
pd
shiftxy (98, 49)
pd
shiftxy (107, 42)
pu
shiftxy (-961, -589)
pd
shiftxy (14, -169)
pd
shiftxy (0, -168)
pd
shiftxy (0, -162)
pd
shiftxy (0, -168)
pd
shiftxy (0, -169)
pd
shiftxy (4, -176)
pd
shiftxy (0, -175)
pd
shiftxy (-4, -169)
pd
shiftxy (0, -168)
pd
shiftxy (0, -169)
pd
shiftxy (0, -168)
pd
shiftxy (-54, -56)
pu
shiftxy (76, -106)
pd
shiftxy (112, -84)
pd
shiftxy (107, -42)
pu
shiftxy (112, 98)
pd
shiftxy (107, 21)
pd
shiftxy (107, 0)
pd
shiftxy (103, 0)
pd
shiftxy (107, 0)
pd
shiftxy (103, 42)
pu
shiftxy (54, 148)
pd
shiftxy (-81, 323)
pd
shiftxy (27, -176)
pd
shiftxy (67, -168)
pd
shiftxy (94, -169)
pd
shiftxy (-228, -168)
pu
shiftxy (-264, -379)
pd
shiftxy (0, -176)
pd
shiftxy (0, -168)
pd
shiftxy (-4, -239)
pd
shiftxy (-14, -162)
pd
shiftxy (14, -175)
pd
shiftxy (9, -232)
pd
shiftxy (103, -274)
pd
shiftxy (125, -161)
pd
shiftxy (156, -169)
pd
shiftxy (166, -168)
pd
shiftxy (174, -169)
pd
shiftxy (165, -168)
pd
shiftxy (0, -169)
pd
shiftxy (-13, -21)
pu
shiftxy (58, 126)
pd
shiftxy (-103, 120)
pd
shiftxy (-107, 105)
pd
shiftxy (-103, 98)
pd
shiftxy (-107, 106)
pd
shiftxy (-107, 105)
pd
shiftxy (-108, 127)
pd
shiftxy (-107, 112)
pd
shiftxy (-107, 168)
pu
shiftxy (-112, 316)
pd
shiftxy (-107, 0)
pd
shiftxy (-112, 0)
pd
shiftxy (-107, 0)
pd
shiftxy (-108, -7)
pu
shiftxy (-76, -84)
pd
shiftxy (0, 7)
pd
shiftxy (81, 91)
pd
shiftxy (0, 169)
pu
shiftxy (4, 428)
pd
shiftxy (-13, 176)
pd
shiftxy (0, 168)
pd
shiftxy (0, 169)
pd
shiftxy (112, 232)
pu
shiftxy (-103, -703)
pd
shiftxy (103, -42)
pd
shiftxy (107, 0)
pd
shiftxy (107, 0)
pd
shiftxy (108, -42)
pu
shiftxy (-613, -793)
pd
shiftxy (-107, 91)
pu
shiftxy (241, 1481)
pd
shiftxy (-107, -126)
pd
shiftxy (-112, -105)
pd
shiftxy (-107, -106)
pd
shiftxy (-103, -112)
pd
shiftxy (-107, -105)
pd
shiftxy (-103, -99)
pd
shiftxy (-103, -98)
pd
shiftxy (-102, -126)
pd
shiftxy (-108, -106)
pd
shiftxy (-107, -119)
pd
shiftxy (-107, -112)
pd
shiftxy (-108, -106)
pd
shiftxy (-107, -133)
pd
shiftxy (-107, -112)
pd
shiftxy (-107, -113)
pd
shiftxy (-108, -112)
pd
shiftxy (-111, -21)
pd
shiftxy (-108, 84)
pd
shiftxy (-107, 113)
pd
shiftxy (-107, 105)
pd
shiftxy (-107, 105)
pd
shiftxy (-108, 84)
pd
shiftxy (-107, 113)
pd
shiftxy (-107, 105)
pd
shiftxy (-108, 91)
pd
shiftxy (-107, 106)
pd
shiftxy (-103, 105)
pd
shiftxy (-111, 84)
pd
shiftxy (-108, 106)
pd
shiftxy (-107, 105)
pd
shiftxy (-107, 105)
pd
shiftxy (-103, 85)
pd
shiftxy (-107, 112)
pd
shiftxy (-107, 105)
pd
shiftxy (-103, 84)
pd
shiftxy (-112, 148)
pd
shiftxy (-40, 35)
pd
shiftxy (-108, -42)
pd
shiftxy (-111, 21)
pd
shiftxy (-49, -239)
pd
shiftxy (-41, 91)
pd
shiftxy (-111, -42)
pd
shiftxy (-54, -21)
pd
shiftxy (-107, -14)
pd
shiftxy (-108, 0)
pd
shiftxy (-134, 21)
pd
shiftxy (-138, -133)
pd
shiftxy (-27, -176)
pd
shiftxy (-67, -175)
pd
shiftxy (-67, -176)
pu
shiftxy (-13, 14)
pd
shiftxy (111, 211)
pd
shiftxy (108, 232)
pd
shiftxy (107, 238)
pu
shiftxy (-58, -337)
pd
shiftxy (35, 106)
pd
shiftxy (45, 168)
pd
shiftxy (40, -168)
pd
shiftxy (-13, 21)
pd
shiftxy (13, 168)
pd
shiftxy (32, 56)
pd
shiftxy (107, 0)
pd
shiftxy (67, -7)
pu
shiftxy (201, 92)
pd
shiftxy (40, -35)
pd
shiftxy (76, -35)
pd
shiftxy (-13, -106)
pd
shiftxy (54, -84)
pu
shiftxy (4, 147)
pd
shiftxy (40, 21)
pd
shiftxy (-40, 169)
pd
shiftxy (107, 70)
pu
shiftxy (76, -225)
pd
shiftxy (108, -91)
pd
shiftxy (102, -105)
pd
shiftxy (108, -105)
pd
shiftxy (107, -106)
pd
shiftxy (107, -84)
pd
shiftxy (107, -133)
pd
shiftxy (103, -92)
pd
shiftxy (103, -84)
pd
shiftxy (107, -105)
pd
shiftxy (108, -99)
pd
shiftxy (107, -84)
pd
shiftxy (107, -112)
pd
shiftxy (107, -106)
pd
shiftxy (108, -84)
pd
shiftxy (107, -105)
pd
shiftxy (103, -98)
pd
shiftxy (107, -85)
pd
shiftxy (103, -98)
pd
shiftxy (111, -105)
pd
shiftxy (108, -56)
pd
shiftxy (107, 35)
pd
shiftxy (107, 98)
pu
shiftxy (-116, -42)
pd
shiftxy (112, 126)
pd
shiftxy (103, 113)
pd
shiftxy (102, 126)
pd
shiftxy (108, 21)
pd
shiftxy (107, 105)
pd
shiftxy (103, 106)
pd
shiftxy (107, 98)
pd
shiftxy (107, 126)
pd
shiftxy (108, 106)
pd
shiftxy (111, 133)
pd
shiftxy (108, 98)
pd
shiftxy (107, 106)
pd
shiftxy (107, 105)
pd
shiftxy (107, 21)
pd
shiftxy (14, 105)
pd
shiftxy (112, 99)
pd
shiftxy (178, 182)
pd
shiftxy (112, 85)
pu
shiftxy (-326, 2352)
pd
shiftxy (-103, 0)
pd
shiftxy (-103, -84)
pu
shiftxy (756, -2409)
pd
shiftxy (-108, 0)
pd
shiftxy (-107, 0)
pd
shiftxy (-107, 0)
pd
shiftxy (-112, 49)
pd
shiftxy (-107, -105)
pd
shiftxy (-112, -119)
pd
shiftxy (-107, -113)
pd
shiftxy (-108, -112)
pd
shiftxy (-107, -105)
pd
shiftxy (-107, -134)
pd
shiftxy (-107, -105)
pd
shiftxy (-108, -106)
pd
shiftxy (-107, -105)
pd
shiftxy (-103, -126)
pd
shiftxy (-107, -106)
pd
shiftxy (-103, -98)
pu
shiftxy (5, -56)
pd
shiftxy (174, 176)
pd
shiftxy (156, 168)
pd
shiftxy (161, 162)
pd
shiftxy (148, 161)
pd
shiftxy (170, 169)
pd
shiftxy (161, 168)
pd
shiftxy (156, 169)
pd
shiftxy (188, 189)
pd
shiftxy (147, 169)
pu
shiftxy (-1645, 737)
pd
shiftxy (-102, 0)
pd
shiftxy (-108, 0)
pd
shiftxy (-107, -14)
pu
shiftxy (125, -1678)
pd
shiftxy (-107, 126)
pd
shiftxy (-107, 7)
pd
shiftxy (-112, -239)
pu
shiftxy (18, -91)
pd
shiftxy (103, -119)
pd
shiftxy (107, -21)
pd
shiftxy (107, 147)
pu
shiftxy (-103, -126)
pd
shiftxy (108, 168)
pd
shiftxy (-27, 169)
pu
shiftxy (-286, 7)
pd
shiftxy (-14, -169)
pd
shiftxy (81, -168)
pu
shiftxy (45, -625)
pd
shiftxy (-175, 168)
pd
shiftxy (-174, 176)
pd
shiftxy (-183, 161)
pd
shiftxy (-184, 162)
pd
shiftxy (-174, 168)
pd
shiftxy (-192, 169)
pd
shiftxy (-188, 168)
pd
shiftxy (-179, 169)
pd
shiftxy (-187, 169)
pd
shiftxy (-175, 161)
pd
shiftxy (-147, 169)
pd
shiftxy (-76, 301)
pd
shiftxy (54, 85)
pd
shiftxy (-135, 126)
pu
shiftxy (264, 190)
pd
shiftxy (14, -169)
pd
shiftxy (-32, -168)
pd
shiftxy (27, -162)
pd
shiftxy (-36, -84)
pd
shiftxy (-107, -21)
pu
shiftxy (206, 140)
pd
shiftxy (26, -63)
pd
shiftxy (59, 42)
pd
shiftxy (22, 120)
pd
shiftxy (-14, 161)
pd
shiftxy (54, -211)
pu
shiftxy (45, 141)
pd
shiftxy (-103, 77)
pu
shiftxy (94, 162)
pd
shiftxy (107, 0)
pd
shiftxy (107, -7)
pd
shiftxy (108, 0)
pd
shiftxy (107, -14)
pd
shiftxy (103, 0)
pd
shiftxy (107, 0)
pd
shiftxy (107, 0)
pd
shiftxy (108, 7)
pd
shiftxy (107, 21)
pd
shiftxy (107, -7)
pd
shiftxy (107, 7)
pd
shiftxy (112, 0)
pd
shiftxy (112, 0)
pd
shiftxy (107, 21)
pd
shiftxy (103, -14)
pd
shiftxy (134, 0)
pd
shiftxy (107, 0)
pd
shiftxy (108, 7)
pd
shiftxy (107, -7)
pd
shiftxy (107, 0)
pd
shiftxy (103, 21)
pd
shiftxy (107, 7)
pd
shiftxy (112, -7)
pd
shiftxy (107, 0)
pd
shiftxy (103, -7)
pd
shiftxy (107, 0)
pd
shiftxy (103, 7)
pd
shiftxy (107, 0)
pu
shiftxy (-1627, 63)
pd
shiftxy (-102, 0)
pd
shiftxy (-108, 0)
pd
shiftxy (-107, 0)
pd
shiftxy (-107, 0)
pd
shiftxy (-107, 7)
pd
shiftxy (-108, 0)
pd
shiftxy (-107, 0)
pd
shiftxy (-107, -21)
pd
shiftxy (-112, -7)
pd
shiftxy (-107, 0)
pd
shiftxy (-108, 0)
pd
shiftxy (-107, 0)
pd
shiftxy (-112, -7)
pu
shiftxy (-62, 56)
pd
shiftxy (49, 56)
pd
shiftxy (-40, 84)
pd
shiftxy (85, -91)
pd
shiftxy (111, -42)
pd
shiftxy (112, 14)
pd
shiftxy (103, 0)
pd
shiftxy (107, 7)
pd
shiftxy (103, 0)
pd
shiftxy (103, 0)
pd
shiftxy (107, 0)
pd
shiftxy (107, 14)
pd
shiftxy (112, 0)
pd
shiftxy (107, 0)
pd
shiftxy (108, 0)
pd
shiftxy (107, 0)
pd
shiftxy (107, 0)
pd
shiftxy (107, 21)
pd
shiftxy (108, 0)
pd
shiftxy (107, 7)
pd
shiftxy (107, -7)
pd
shiftxy (112, 7)
pd
shiftxy (107, 7)
pd
shiftxy (103, 0)
pd
shiftxy (107, 0)
pd
shiftxy (108, 0)
pd
shiftxy (102, 0)
pd
shiftxy (108, 0)
pd
shiftxy (107, -7)
pd
shiftxy (107, 0)
pd
shiftxy (108, 0)
pd
shiftxy (107, 0)
pd
shiftxy (80, -105)
pd
shiftxy (-31, 189)
pd
shiftxy (0, 169)
pd
shiftxy (0, 168)
pd
shiftxy (27, 190)
pd
shiftxy (0, 162)
pd
shiftxy (0, 168)
pd
shiftxy (0, 176)
pd
shiftxy (0, 168)
pd
shiftxy (-5, 183)
pd
shiftxy (81, 84)
pd
shiftxy (107, -7)
pd
shiftxy (112, -21)
pu
shiftxy (272, 618)
pd
shiftxy (-107, 14)
pd
shiftxy (-107, -7)
pd
shiftxy (-103, 21)
pd
shiftxy (-107, -7)
pd
shiftxy (-107, 0)
pd
shiftxy (-184, -63)
pd
shiftxy (-107, -21)
pd
shiftxy (-103, -7)
pd
shiftxy (-103, 0)
pd
shiftxy (-111, 0)
pd
shiftxy (-112, 7)
pd
shiftxy (-107, 7)
pd
shiftxy (-112, 0)
pd
shiftxy (-112, 0)
pd
shiftxy (-107, 7)
pd
shiftxy (-107, 0)
pd
shiftxy (-108, -7)
pd
shiftxy (-102, 0)
pd
shiftxy (-108, 0)
pd
shiftxy (-107, 0)
pd
shiftxy (-103, -21)
pd
shiftxy (-107, 7)
pd
shiftxy (-112, 7)
pd
shiftxy (-103, 0)
pd
shiftxy (-107, -7)
pd
shiftxy (-107, 0)
pd
shiftxy (-76, -92)
pd
shiftxy (-107, 78)
pd
shiftxy (-103, 0)
pd
shiftxy (-112, 7)
pd
shiftxy (-107, 0)
pd
shiftxy (-107, 7)
pd
shiftxy (-108, 0)
pd
shiftxy (-107, 0)
pd
shiftxy (-107, 21)
pd
shiftxy (-108, 42)
pd
shiftxy (-111, 49)
pd
shiftxy (-108, 14)
pd
shiftxy (-107, 42)
pd
shiftxy (-112, 21)
pd
shiftxy (-107, 21)
pd
shiftxy (-107, 35)
pd
shiftxy (-107, 14)
pd
shiftxy (-108, 21)
pd
shiftxy (-107, 64)
pd
shiftxy (-107, 49)
pd
shiftxy (-103, 21)
pd
shiftxy (-107, 42)
pd
shiftxy (-107, 42)
pu
shiftxy (339, -470)
pd
shiftxy (107, 21)
pu
shiftxy (-120, -71)
pd
shiftxy (107, 22)
pd
shiftxy (107, 0)
pd
shiftxy (108, 0)
pd
shiftxy (102, 14)
pd
shiftxy (103, -7)
pd
shiftxy (112, 0)
pd
shiftxy (107, 0)
pu
shiftxy (-67, 105)
pd
shiftxy (-107, -21)
pu
shiftxy (590, -77)
pd
shiftxy (0, -169)
pd
shiftxy (27, -168)
pd
shiftxy (26, -169)
pd
shiftxy (0, -168)
pd
shiftxy (27, -162)
pd
shiftxy (14, -190)
pd
shiftxy (71, -168)
pd
shiftxy (94, -176)
pd
shiftxy (-80, -105)
pd
shiftxy (-27, -168)
pd
shiftxy (-18, 42)
pu
shiftxy (80, 365)
pd
shiftxy (-107, 210)
pu
shiftxy (764, 190)
pd
shiftxy (0, 98)
pd
shiftxy (14, -175)
pu
shiftxy (219, 1467)
pd
shiftxy (-152, 169)
pd
shiftxy (-143, 168)
pd
shiftxy (-134, 162)
pd
shiftxy (-139, 168)
pd
shiftxy (-147, 169)
pd
shiftxy (-121, 161)
pd
shiftxy (-147, 162)
pd
shiftxy (-130, 168)
pd
shiftxy (-130, 169)
pd
shiftxy (-143, 161)
pd
shiftxy (-134, 169)
pd
shiftxy (-152, 175)
pd
shiftxy (-138, 169)
pd
shiftxy (-139, 169)
pd
shiftxy (72, -85)
pd
shiftxy (107, -126)
pd
shiftxy (112, -155)
pd
shiftxy (107, -105)
pd
shiftxy (107, -140)
pd
shiftxy (107, -106)
pd
shiftxy (108, -154)
pd
shiftxy (107, -120)
pd
shiftxy (107, -126)
pd
shiftxy (108, -140)
pd
shiftxy (107, -127)
pd
shiftxy (107, -126)
pd
shiftxy (103, -112)
pd
shiftxy (107, -127)
pd
shiftxy (107, -147)
pd
shiftxy (108, -127)
pd
shiftxy (102, -126)
pd
shiftxy (108, -126)
pu
shiftxy (-706, 919)
pd
shiftxy (-108, 127)
pd
shiftxy (-107, 147)
pd
shiftxy (-103, 120)
pd
shiftxy (-107, 119)
pd
shiftxy (-112, 147)
pd
shiftxy (-107, 127)
pd
shiftxy (-107, 126)
pd
shiftxy (-108, 127)
pd
shiftxy (-107, 133)
pd
shiftxy (-112, 126)
pd
shiftxy (-35, 42)
pd
shiftxy (147, -168)
pd
shiftxy (134, -155)
pd
shiftxy (148, -168)
pd
shiftxy (129, -169)
pd
shiftxy (134, -168)
pd
shiftxy (148, -169)
pd
shiftxy (130, -175)
pd
shiftxy (120, -169)
pu
shiftxy (-348, -4234)
pd
shiftxy (102, -63)
pu
shiftxy (-156, -583)
pd
shiftxy (-40, -56)
pd
shiftxy (-54, 183)
pd
shiftxy (-107, 105)
pd
shiftxy (-107, 105)
pd
shiftxy (-112, 14)
pd
shiftxy (188, -98)
pd
shiftxy (160, -175)
pd
shiftxy (-26, -169)
pd
shiftxy (120, -161)
pd
shiftxy (81, -169)
pd
shiftxy (44, -168)
pd
shiftxy (54, -162)
pd
shiftxy (40, -169)
pd
shiftxy (94, -161)
pd
shiftxy (54, -169)
pd
shiftxy (0, -42)
pu
shiftxy (18, 141)
pd
shiftxy (67, 49)
pd
shiftxy (-54, 161)
pd
shiftxy (-54, 21)
pd
shiftxy (-80, 0)
pd
shiftxy (80, -231)
pd
shiftxy (76, 63)
pu
shiftxy (27, -288)
pd
shiftxy (-13, 0)
pd
shiftxy (67, 162)
pd
shiftxy (40, 168)
pd
shiftxy (-54, 42)
pd
shiftxy (41, 169)
pd
shiftxy (-14, 161)
pd
shiftxy (-4, 169)
pd
shiftxy (67, 0)
pd
shiftxy (103, -113)
pd
shiftxy (107, -84)
pd
shiftxy (107, -105)
pd
shiftxy (103, -105)
pd
shiftxy (107, -85)
pd
shiftxy (108, -112)
pd
shiftxy (-27, 21)
pd
shiftxy (-188, 168)
pd
shiftxy (-174, 162)
pd
shiftxy (-184, 169)
pu
shiftxy (-214, -857)
pd
shiftxy (107, -42)
pd
shiftxy (112, -21)
pd
shiftxy (103, -42)
pd
shiftxy (103, -22)
pd
shiftxy (107, -21)
pd
shiftxy (107, -42)
pd
shiftxy (103, -21)
pd
shiftxy (107, -21)
pd
shiftxy (112, -7)
pd
shiftxy (103, -42)
pd
shiftxy (111, 42)
pd
shiftxy (108, 7)
pd
shiftxy (107, -7)
pd
shiftxy (103, 0)
pd
shiftxy (107, -7)
pd
shiftxy (107, 0)
pd
shiftxy (108, 14)
pd
shiftxy (107, -7)
pd
shiftxy (107, 0)
pd
shiftxy (103, -7)
pd
shiftxy (107, 7)
pd
shiftxy (112, 28)
pd
shiftxy (107, 0)
pd
shiftxy (107, -7)
pd
shiftxy (108, 7)
pd
shiftxy (107, 0)
pd
shiftxy (112, 0)
pd
shiftxy (107, 7)
pd
shiftxy (107, 0)
pd
shiftxy (112, -63)
pd
shiftxy (107, -105)
pd
shiftxy (108, -106)
pd
shiftxy (107, -105)
pd
shiftxy (103, -105)
pd
shiftxy (107, -106)
pd
shiftxy (107, -105)
pd
shiftxy (107, -105)
pd
shiftxy (108, -106)
pd
shiftxy (107, -105)
pd
shiftxy (107, -105)
pd
shiftxy (107, -84)
pd
shiftxy (108, 98)
pd
shiftxy (103, 105)
pd
shiftxy (107, 105)
pd
shiftxy (107, 85)
pd
shiftxy (107, 105)
pd
shiftxy (108, 112)
pd
shiftxy (107, 113)
pd
shiftxy (121, 196)
pd
shiftxy (107, 21)
pd
shiftxy (71, 127)
pd
shiftxy (108, 14)
pd
shiftxy (107, -70)
pd
shiftxy (112, -71)
pu
shiftxy (13, 7)
pd
shiftxy (-27, 169)
pd
shiftxy (9, 56)
pd
shiftxy (40, 84)
pd
shiftxy (81, -316)
pd
shiftxy (49, 106)
pu
shiftxy (27, -92)
pd
shiftxy (-81, 22)
pd
shiftxy (-71, 161)
pd
shiftxy (116, 190)
pd
shiftxy (80, 42)
pd
shiftxy (41, 119)
pd
shiftxy (-41, 35)
pd
shiftxy (-4, 127)
pd
shiftxy (0, 203)
pd
shiftxy (89, 21)
pd
shiftxy (188, 141)
pd
shiftxy (-134, 28)
pd
shiftxy (54, 70)
pd
shiftxy (40, 70)
pd
shiftxy (-40, 176)
pd
shiftxy (138, 175)
pd
shiftxy (-13, 169)
pd
shiftxy (-40, 232)
pd
shiftxy (4, 7)
pd
shiftxy (58, -127)
pd
shiftxy (107, 106)
pd
shiftxy (112, 21)
pd
shiftxy (103, -78)
pd
shiftxy (103, -84)
pd
shiftxy (80, -126)
pd
shiftxy (108, -21)
pd
shiftxy (102, -42)
pu
shiftxy (-76, -43)
pd
shiftxy (-107, 0)
pu
shiftxy (-76, -7)
pd
shiftxy (107, -168)
pd
shiftxy (103, -91)
pd
shiftxy (107, 42)
pd
shiftxy (108, 21)
pu
shiftxy (-90, 70)
pd
shiftxy (-94, -105)
pu
shiftxy (-120, 42)
pd
shiftxy (-81, 168)
pd
shiftxy (-31, 162)
pd
shiftxy (-139, 168)
pu
shiftxy (291, 1215)
pd
shiftxy (107, -225)
pd
shiftxy (112, -147)
pd
shiftxy (72, -105)
pd
shiftxy (-103, 175)
pd
shiftxy (-121, 169)
pd
shiftxy (-36, 189)
pd
shiftxy (45, 169)
pd
shiftxy (45, 126)
pd
shiftxy (40, 21)
pu
shiftxy (-1193, -2752)
pd
shiftxy (-108, 112)
pd
shiftxy (-9, -63)
pu
shiftxy (-80, 77)
pd
shiftxy (18, 169)
pd
shiftxy (4, 168)
pd
shiftxy (18, 169)
pd
shiftxy (13, 175)
pd
shiftxy (0, 169)
pd
shiftxy (14, 161)
pd
shiftxy (0, 169)
pd
shiftxy (13, 175)
pd
shiftxy (0, 169)
pd
shiftxy (14, 168)
pd
shiftxy (0, 169)
pd
shiftxy (13, 168)
pd
shiftxy (0, 169)
pd
shiftxy (9, 161)
pd
shiftxy (-4, 162)
pd
shiftxy (17, 168)
pd
shiftxy (14, 169)
pd
shiftxy (-5, 161)
pd
shiftxy (14, 169)
pd
shiftxy (-5, 168)
pu
shiftxy (-330, -2078)
pd
shiftxy (-9, -161)
pd
shiftxy (0, -169)
pd
shiftxy (-18, -176)
pd
shiftxy (0, -168)
pd
shiftxy (-14, -176)
pd
shiftxy (5, -168)
pd
shiftxy (-14, -162)
pu
shiftxy (492, -596)
pd
shiftxy (-54, -190)
pd
shiftxy (41, -169)
pu
shiftxy (-76, -7)
pd
shiftxy (-14, 169)
pd
shiftxy (67, 168)
pd
shiftxy (81, -189)
pu
shiftxy (40, 21)
pd
shiftxy (-18, -84)
pd
shiftxy (67, -35)
pu
shiftxy (-331, 969)
pd
shiftxy (0, -169)
pd
shiftxy (18, -168)
pd
shiftxy (-40, -169)
pd
shiftxy (-188, -168)
pd
shiftxy (-178, -169)
pd
shiftxy (-193, -169)
pd
shiftxy (-169, -168)
pd
shiftxy (-188, -162)
pu
shiftxy (-31, -21)
pd
shiftxy (-161, 169)
pd
shiftxy (-161, 168)
pd
shiftxy (-161, 169)
pd
shiftxy (-161, 168)
pd
shiftxy (-170, 176)
pd
shiftxy (-22, 204)
pu
shiftxy (737, -1033)
pd
shiftxy (-107, 134)
pd
shiftxy (-103, 105)
pd
shiftxy (-107, 106)
pd
shiftxy (-107, 105)
pd
shiftxy (-108, 119)
pd
shiftxy (-107, 99)
pd
shiftxy (-107, 112)
pd
shiftxy (-107, 105)
pd
shiftxy (-54, 225)
pd
shiftxy (27, -190)
pd
shiftxy (143, -175)
pd
shiftxy (165, -169)
pd
shiftxy (157, -168)
pd
shiftxy (160, -169)
pd
shiftxy (161, -168)
pd
shiftxy (125, -162)
pd
shiftxy (-174, -175)
pd
shiftxy (-183, -169)
pu
shiftxy (-45, -14)
pd
shiftxy (-161, 169)
pd
shiftxy (-174, 161)
pd
shiftxy (-174, 176)
pd
shiftxy (-175, 168)
pd
shiftxy (-156, 169)
pd
shiftxy (-179, 175)
pd
shiftxy (-174, 169)
pd
shiftxy (-116, 105)
pd
shiftxy (107, -84)
pd
shiftxy (103, -106)
pd
shiftxy (111, -105)
pd
shiftxy (103, -105)
pd
shiftxy (108, -105)
pd
shiftxy (107, -99)
pd
shiftxy (112, -105)
pd
shiftxy (102, -105)
pd
shiftxy (108, -106)
pd
shiftxy (107, -105)
pd
shiftxy (107, -105)
pd
shiftxy (107, -106)
pd
shiftxy (108, 0)
pd
shiftxy (107, 85)
pd
shiftxy (107, 98)
pd
shiftxy (107, 105)
pu
shiftxy (-362, -428)
pd
shiftxy (161, 168)
pd
shiftxy (193, 162)
pd
shiftxy (174, 168)
pd
shiftxy (170, 169)
pd
shiftxy (192, 168)
pd
shiftxy (174, 169)
pd
shiftxy (192, 168)
pd
shiftxy (188, 176)
pd
shiftxy (107, 232)
pd
shiftxy (-80, 161)
pd
shiftxy (-31, 176)
pd
shiftxy (13, 168)
pd
shiftxy (0, 176)
pd
shiftxy (13, 168)
pd
shiftxy (-4, 169)
pd
shiftxy (13, 168)
pd
shiftxy (14, 169)
pd
shiftxy (0, 161)
pd
shiftxy (0, 169)
pd
shiftxy (9, 161)
pd
shiftxy (4, 176)
pd
shiftxy (14, 168)
pd
shiftxy (13, 169)
pd
shiftxy (0, 168)
pd
shiftxy (18, 176)
pd
shiftxy (0, 169)
pd
shiftxy (13, 168)
pd
shiftxy (14, 169)
pd
shiftxy (0, 161)
pd
shiftxy (13, 169)
pu
shiftxy (-2789, 414)
pd
shiftxy (-4, -169)
pd
shiftxy (0, -168)
pd
shiftxy (0, -169)
pd
shiftxy (0, -175)
pd
shiftxy (0, -176)
pd
shiftxy (4, -168)
pd
shiftxy (0, -155)
pd
shiftxy (0, -168)
pd
shiftxy (5, -169)
pd
shiftxy (0, -161)
pd
shiftxy (0, -176)
pd
shiftxy (-14, -161)
pd
shiftxy (0, -176)
pd
shiftxy (0, -168)
pd
shiftxy (-152, -169)
pd
shiftxy (-161, -168)
pd
shiftxy (-156, -176)
pd
shiftxy (-161, -169)
pd
shiftxy (-161, -168)
pd
shiftxy (-161, -169)
pd
shiftxy (-161, -168)
pd
shiftxy (-161, -169)
pd
shiftxy (-161, -168)
pd
shiftxy (-160, -169)
pd
shiftxy (-161, -175)
pu
shiftxy (0, -98)
pd
shiftxy (147, 168)
pd
shiftxy (161, 169)
pd
shiftxy (179, 161)
pd
shiftxy (179, 169)
pd
shiftxy (147, 168)
pd
shiftxy (174, 176)
pd
shiftxy (161, 175)
pd
shiftxy (161, 176)
pd
shiftxy (166, 175)
pd
shiftxy (161, 169)
pd
shiftxy (174, 168)
pd
shiftxy (210, 78)
pd
shiftxy (40, 35)
pd
shiftxy (112, 21)
pd
shiftxy (103, -7)
pd
shiftxy (107, 0)
pd
shiftxy (112, 0)
pd
shiftxy (107, 63)
pd
shiftxy (112, 84)
pu
shiftxy (1224, -2605)
pd
shiftxy (-107, -21)
pd
shiftxy (-107, -42)
pd
shiftxy (-107, -84)
pd
shiftxy (-108, -106)
pd
shiftxy (-107, -98)
pd
shiftxy (-107, -84)
pd
shiftxy (-103, -106)
pd
shiftxy (-107, -112)
pd
shiftxy (-108, -105)
pd
shiftxy (-107, 84)
pd
shiftxy (-112, 105)
pd
shiftxy (-107, 113)
pd
shiftxy (-103, 105)
pd
shiftxy (-107, 105)
pd
shiftxy (-112, 106)
pd
shiftxy (-107, 105)
pd
shiftxy (-107, 112)
pd
shiftxy (-107, 99)
pd
shiftxy (-108, 105)
pd
shiftxy (-107, 105)
pd
shiftxy (-107, 85)
pd
shiftxy (-108, 105)
pd
shiftxy (-26, 0)
pd
shiftxy (214, -169)
pd
shiftxy (170, -161)
pd
shiftxy (174, -176)
pd
shiftxy (161, -168)
pd
shiftxy (175, -169)
pd
shiftxy (169, -175)
pd
shiftxy (161, -176)
pd
shiftxy (161, -168)
pu
shiftxy (49, -28)
pd
shiftxy (161, 161)
pd
shiftxy (192, 162)
pd
shiftxy (175, 168)
pd
shiftxy (187, 169)
pd
shiftxy (81, -7)
pd
shiftxy (147, 154)
pd
shiftxy (121, 127)
pd
shiftxy (134, 63)
pd
shiftxy (-80, 105)
pd
shiftxy (107, 105)
pd
shiftxy (67, 42)
pd
shiftxy (107, 106)
pd
shiftxy (108, 91)
pd
shiftxy (26, 42)
pd
shiftxy (41, -161)
pd
shiftxy (-14, -422)
pu
shiftxy (-4313, 548)
pd
shiftxy (-152, -168)
pu
shiftxy (-143, -21)
pd
shiftxy (-174, 161)
pd
shiftxy (-179, 169)
pd
shiftxy (-188, 161)
pd
shiftxy (-187, 169)
pd
shiftxy (-170, 168)
pd
shiftxy (-188, 169)
pd
shiftxy (-188, 175)
pd
shiftxy (-187, 169)
pd
shiftxy (-175, 161)
pd
shiftxy (-187, 169)
pd
shiftxy (-161, 168)
pd
shiftxy (-121, 176)
pd
shiftxy (-67, 84)
pd
shiftxy (54, 161)
pd
shiftxy (-76, 127)
pd
shiftxy (-59, -42)
pd
shiftxy (112, 63)
pd
shiftxy (85, -232)
pd
shiftxy (98, 84)
pu
shiftxy (67, -842)
pd
shiftxy (112, -105)
pd
shiftxy (107, -232)
pd
shiftxy (108, -400)
pu
shiftxy (-1533, 1102)
pd
shiftxy (-108, -105)
pu