shiftxy (192, 197)
pd
shiftxy (-3, -3)
pd
shiftxy (-8, 0)
pd
shiftxy (-1, 0)
shiftxy (-1, 1)
shiftxy (-1, 0)
shiftxy (-1, 0)
shiftxy (-1, 0)
shiftxy (-1, 0)
shiftxy (-1, 0)
shiftxy (-1, 0)
shiftxy (-1, 0)
shiftxy (-1, 0)
shiftxy (-1, 0)
shiftxy (-1, 0)
shiftxy (-1, -1)
shiftxy (-1, 0)
shiftxy (-1, 0)
shiftxy (-1, 0)
shiftxy (-1, 0)
shiftxy (-1, 0)
shiftxy (-1, 0)
pd
shiftxy (-1, 0)
shiftxy (-1, 0)
shiftxy (-1, 0)
shiftxy (-1, 0)
shiftxy (-1, 0)
shiftxy (-1, 0)
shiftxy (0, -1)
shiftxy (-1, 0)
shiftxy (-1, 0)
shiftxy (-1, 0)
shiftxy (-1, 0)
shiftxy (-1, 0)
shiftxy (-1, 0)
shiftxy (-1, -1)
shiftxy (-1, 0)
shiftxy (-1, 0)
shiftxy (-1, 0)
shiftxy (-1, 0)
shiftxy (-1, -1)
shiftxy (-1, 0)
shiftxy (-1, 0)
shiftxy (-1, 0)
shiftxy (-1, -1)
shiftxy (-1, 0)
shiftxy (-1, 0)
shiftxy (-1, 0)
shiftxy (-1, -1)
shiftxy (-1, 0)
shiftxy (-1, 0)
shiftxy (-1, -1)
shiftxy (-1, 0)
shiftxy (-1, 0)
shiftxy (-1, -1)
shiftxy (-1, 0)
shiftxy (-1, 0)
shiftxy (-1, -1)
shiftxy (-1, 0)
shiftxy (-1, 0)
shiftxy (-1, -1)
shiftxy (-1, 0)
shiftxy (-1, 0)
shiftxy (0, -1)
shiftxy (-1, 0)
shiftxy (-1, -1)
shiftxy (-1, 0)
shiftxy (-1, 0)
shiftxy (0, -1)
shiftxy (-1, 0)
shiftxy (-1, 0)
shiftxy (-1, -1)
shiftxy (-1, 0)
shiftxy (0, -1)
shiftxy (-1, 0)
shiftxy (-1, 0)
shiftxy (-1, -1)
shiftxy (-1, 0)
shiftxy (0, -1)
shiftxy (-1, 0)
shiftxy (-1, -1)
shiftxy (-1, 0)
shiftxy (-1, -1)
shiftxy (-1, 0)
shiftxy (-1, -1)
shiftxy (-1, -1)
shiftxy (-1, 0)
shiftxy (-1, -1)
shiftxy (-1, -1)
shiftxy (-1, 0)
shiftxy (0, -1)
shiftxy (-1, 0)
shiftxy (-1, -1)
shiftxy (-1, 0)
shiftxy (0, -1)
shiftxy (-1, 0)
shiftxy (-1, -1)
shiftxy (0, -1)
shiftxy (-1, 0)
shiftxy (-1, -1)
shiftxy (-1, -1)
shiftxy (-1, 0)
shiftxy (-1, -1)
shiftxy (0, -1)
shiftxy (-1, 0)
shiftxy (-1, -1)
shiftxy (-1, -1)
shiftxy (0, -1)
shiftxy (-1, 0)
shiftxy (-1, -1)
shiftxy (0, -1)
shiftxy (-1, 0)
pu
shiftxy (-1, -1)
pd
shiftxy (-8, -8)
pd
shiftxy (-7, 2)
pd
shiftxy (-1, 0)
shiftxy (-1, 0)
shiftxy (0, 1)
shiftxy (-1, 0)
shiftxy (-1, 0)
shiftxy (-1, 0)
shiftxy (-1, 0)
shiftxy (-1, 0)
shiftxy (-1, 0)
shiftxy (-1, 1)
shiftxy (-1, 0)
shiftxy (-1, 0)
shiftxy (-1, 0)
shiftxy (-1, 0)
shiftxy (-1, 0)
shiftxy (-1, 0)
shiftxy (-1, 0)
shiftxy (-1, 0)
shiftxy (-1, 0)
shiftxy (0, -1)
shiftxy (-1, 0)
shiftxy (-1, 0)
shiftxy (-1, 0)
shiftxy (-1, 0)
shiftxy (-1, 0)
shiftxy (-1, 0)
shiftxy (0, -1)
shiftxy (-1, 0)
shiftxy (-1, 0)
shiftxy (-1, 0)
shiftxy (0, -1)
shiftxy (-1, 0)
shiftxy (-1, 0)
shiftxy (-1, 0)
shiftxy (0, -1)
pu
shiftxy (-1, 0)
pd
shiftxy (-1, 0)
shiftxy (0, -1)
shiftxy (-1, 0)
shiftxy (-1, -1)
shiftxy (-1, 0)
shiftxy (0, -1)
shiftxy (-1, 0)
shiftxy (-1, -1)
shiftxy (-1, 0)
shiftxy (0, -1)
shiftxy (-1, 0)
shiftxy (0, -1)
shiftxy (-1, 0)
shiftxy (0, -1)
shiftxy (-1, 0)
shiftxy (0, -1)
shiftxy (-1, 0)
shiftxy (-1, -1)
shiftxy (-1, -1)
shiftxy (0, -1)
shiftxy (-1, 0)
shiftxy (0, -1)
shiftxy (-1, 0)
shiftxy (0, -1)
shiftxy (-1, 0)
shiftxy (0, -1)
shiftxy (-1, -1)
shiftxy (0, -1)
shiftxy (-1, 0)
shiftxy (0, -1)
shiftxy (-1, 0)
shiftxy (0, -1)
shiftxy (-1, 0)
shiftxy (0, -1)
shiftxy (-1, -1)
shiftxy (0, -1)
shiftxy (-1, -1)
shiftxy (0, -1)
shiftxy (-1, -1)
shiftxy (0, -1)
shiftxy (-1, 0)
shiftxy (0, -1)
shiftxy (-1, -1)
shiftxy (0, -1)
shiftxy (-1, -1)
shiftxy (0, -1)
shiftxy (-1, -1)
shiftxy (0, -1)
shiftxy (-1, -1)
shiftxy (0, -1)
shiftxy (-1, 0)
shiftxy (0, -1)
shiftxy (0, -1)
shiftxy (-1, 0)
shiftxy (0, -1)
shiftxy (0, -1)
shiftxy (-1, -1)
shiftxy (0, -1)
shiftxy (0, -1)
shiftxy (-1, 0)
shiftxy (0, -1)
shiftxy (0, -1)
shiftxy (-1, 0)
shiftxy (0, -1)
shiftxy (0, -1)
shiftxy (-1, -1)
pd
shiftxy (0, -1)
shiftxy (0, -1)
shiftxy (-1, 0)
shiftxy (0, -1)
shiftxy (0, -1)
shiftxy (0, -1)
shiftxy (-1, 0)
shiftxy (0, -1)
shiftxy (0, -1)
shiftxy (0, -1)
shiftxy (0, -1)
shiftxy (0, -1)
pd
shiftxy (0, -1)
shiftxy (1, 0)
shiftxy (0, -1)
shiftxy (1, 0)
shiftxy (1, 0)
shiftxy (1, 0)
shiftxy (0, 1)
shiftxy (1, 0)
shiftxy (1, 0)
shiftxy (0, 1)
shiftxy (1, 0)
shiftxy (1, 0)
shiftxy (0, 1)
shiftxy (1, 0)
shiftxy (1, 0)
pu
shiftxy (0, 1)
pd
shiftxy (1, 0)
shiftxy (1, 0)
shiftxy (0, 1)
shiftxy (1, 0)
shiftxy (1, 0)
shiftxy (0, 1)
shiftxy (1, 0)
shiftxy (1, 0)
shiftxy (0, 1)
shiftxy (1, 0)
shiftxy (1, 0)
shiftxy (1, 0)
shiftxy (0, 1)
shiftxy (1, 0)
shiftxy (1, 0)
shiftxy (1, 0)
shiftxy (0, 1)
shiftxy (1, 0)
shiftxy (1, 0)
shiftxy (1, 0)
shiftxy (1, 0)
shiftxy (1, 0)
shiftxy (0, 1)
shiftxy (1, 0)
shiftxy (1, 0)
shiftxy (1, 0)
shiftxy (1, 0)
shiftxy (1, 0)
shiftxy (1, 0)
pd
shiftxy (1, 0)
shiftxy (1, 0)
shiftxy (1, 0)
shiftxy (1, 0)
shiftxy (1, 0)
shiftxy (1, 0)
shiftxy (1, 0)
shiftxy (0, -1)
shiftxy (1, 0)
shiftxy (1, 0)
shiftxy (1, 0)
shiftxy (1, 0)
shiftxy (0, -1)
shiftxy (1, 0)
shiftxy (1, 0)
shiftxy (1, 0)
shiftxy (0, -1)
shiftxy (1, 0)
shiftxy (0, -1)
shiftxy (1, 0)
pd
shiftxy (0, -1)
shiftxy (-1, 0)
shiftxy (0, -1)
shiftxy (0, -1)
shiftxy (0, -1)
shiftxy (0, -1)
shiftxy (-1, 0)
shiftxy (0, -1)
shiftxy (0, -1)
shiftxy (0, -1)
shiftxy (0, -1)
pd
shiftxy (-3, -8)
pd
shiftxy (4, -3)
pd
shiftxy (1, 0)
shiftxy (0, -1)
shiftxy (1, 0)
shiftxy (0, -1)
shiftxy (1, 0)
shiftxy (0, -1)
shiftxy (1, 0)
shiftxy (0, -1)
shiftxy (1, 0)
shiftxy (0, -1)
shiftxy (1, 0)
shiftxy (0, -1)
shiftxy (1, 0)
shiftxy (1, -1)
shiftxy (0, -1)
shiftxy (1, 0)
shiftxy (1, -1)
shiftxy (1, -1)
shiftxy (1, -1)
shiftxy (1, -1)
shiftxy (1, -1)
shiftxy (1, 0)
shiftxy (0, -1)
shiftxy (1, 0)
shiftxy (0, -1)
shiftxy (1, 0)
shiftxy (0, -1)
shiftxy (1, -1)
shiftxy (1, -1)
shiftxy (1, -1)
shiftxy (1, -1)
shiftxy (1, -1)
shiftxy (0, -1)
shiftxy (1, 0)
shiftxy (0, -1)
shiftxy (1, 0)
shiftxy (0, -1)
shiftxy (1, 0)
shiftxy (0, -1)
shiftxy (1, 0)
shiftxy (0, -1)
shiftxy (1, 0)
shiftxy (0, -1)
pd
shiftxy (1, 0)
shiftxy (0, -1)
shiftxy (1, -1)
shiftxy (0, -1)
shiftxy (1, 0)
shiftxy (0, -1)
shiftxy (1, 0)
shiftxy (1, -1)
shiftxy (1, 0)
pd
shiftxy (1, 0)
shiftxy (1, 0)
shiftxy (1, 0)
shiftxy (0, 1)
shiftxy (1, 0)
shiftxy (1, 0)
shiftxy (1, 0)
shiftxy (1, 0)
shiftxy (0, 1)
shiftxy (1, 0)
shiftxy (1, 0)
pd
shiftxy (8, 2)
pd
shiftxy (1, -3)
pd
shiftxy (0, -1)
shiftxy (1, 0)
shiftxy (0, -1)
shiftxy (0, -1)
shiftxy (0, -1)
shiftxy (0, -1)
shiftxy (0, -1)
shiftxy (1, 0)
shiftxy (0, -1)
shiftxy (0, -1)
shiftxy (0, -1)
shiftxy (0, -1)
shiftxy (0, -1)
pd
shiftxy (0, -1)
shiftxy (0, -1)
shiftxy (0, -1)
shiftxy (0, -1)
shiftxy (0, -1)
shiftxy (0, -1)
shiftxy (0, -1)
shiftxy (0, -1)
shiftxy (0, -1)
shiftxy (0, -1)
shiftxy (-1, 0)
shiftxy (0, -1)
shiftxy (0, -1)
shiftxy (0, -1)
shiftxy (0, -1)
shiftxy (-1, 0)
shiftxy (0, -1)
pd
shiftxy (0, -1)
shiftxy (0, -1)
shiftxy (-1, 0)
shiftxy (0, -1)
shiftxy (0, -1)
shiftxy (-1, 0)
shiftxy (0, -1)
shiftxy (0, -1)
shiftxy (0, -1)
shiftxy (-1, 0)
shiftxy (0, -1)
shiftxy (0, -1)
shiftxy (-1, 0)
shiftxy (0, -1)
shiftxy (0, -1)
shiftxy (-1, 0)
shiftxy (0, -1)
pd
shiftxy (-1, 0)
shiftxy (0, -1)
shiftxy (0, -1)
shiftxy (-1, 0)
shiftxy (0, -1)
shiftxy (0, -1)
shiftxy (-1, 0)
shiftxy (0, -1)
shiftxy (0, -1)
shiftxy (0, -1)
shiftxy (1, 0)
shiftxy (0, -1)
shiftxy (1, 0)
pd
shiftxy (1, 0)
shiftxy (1, 0)
shiftxy (1, 0)
shiftxy (1, 0)
shiftxy (1, 0)
shiftxy (0, 1)
shiftxy (1, 0)
shiftxy (1, 0)
shiftxy (1, 0)
shiftxy (0, 1)
shiftxy (1, 0)
shiftxy (1, 0)
pd
shiftxy (1, 1)
shiftxy (1, 0)
shiftxy (1, 0)
shiftxy (0, 1)
shiftxy (1, 0)
shiftxy (1, 0)
shiftxy (1, 1)
shiftxy (1, 0)
shiftxy (1, 1)
shiftxy (1, 0)
shiftxy (1, 0)
shiftxy (0, 1)
shiftxy (1, 0)
shiftxy (1, 0)
shiftxy (0, 1)
shiftxy (1, 0)
shiftxy (1, 0)
shiftxy (0, 1)
shiftxy (1, 0)
shiftxy (1, 0)
shiftxy (0, 1)
shiftxy (1, 0)
shiftxy (1, 1)
shiftxy (1, 0)
shiftxy (1, 1)
shiftxy (1, 0)
shiftxy (1, 1)
shiftxy (1, 0)
shiftxy (0, 1)
shiftxy (1, 0)
shiftxy (1, 1)
shiftxy (1, 0)
shiftxy (0, 1)
shiftxy (1, 0)
shiftxy (1, 0)
shiftxy (0, 1)
shiftxy (1, 0)
shiftxy (1, 1)
shiftxy (0, 1)
shiftxy (1, 0)
shiftxy (1, 1)
shiftxy (1, 0)
shiftxy (0, 1)
shiftxy (1, 0)
shiftxy (0, 1)
shiftxy (1, 0)
shiftxy (0, 1)
shiftxy (1, 0)
shiftxy (1, 1)
shiftxy (1, 1)
shiftxy (1, 1)
shiftxy (1, 1)
shiftxy (1, 1)
shiftxy (1, 1)
shiftxy (0, 1)
shiftxy (1, 0)
shiftxy (0, 1)
shiftxy (1, 1)
shiftxy (0, 1)
shiftxy (1, 0)
shiftxy (0, 1)
shiftxy (1, 1)
shiftxy (0, 1)
shiftxy (1, 1)
pd
shiftxy (0, 1)
shiftxy (1, 1)
shiftxy (0, 1)
shiftxy (0, 1)
shiftxy (0, 1)
shiftxy (1, 0)
shiftxy (0, 1)
shiftxy (0, 1)
shiftxy (0, 1)
shiftxy (0, 1)
shiftxy (0, 1)
shiftxy (1, 0)
shiftxy (0, 1)
shiftxy (0, 1)
shiftxy (0, 1)
shiftxy (0, 1)
shiftxy (0, 1)
shiftxy (0, 1)
shiftxy (0, 1)
shiftxy (0, 1)
shiftxy (0, 1)
shiftxy (0, 1)
shiftxy (0, 1)
shiftxy (0, 1)
shiftxy (0, 1)
shiftxy (-1, 0)
shiftxy (0, 1)
shiftxy (0, 1)
shiftxy (0, 1)
shiftxy (0, 1)
shiftxy (0, 1)
shiftxy (0, 1)
shiftxy (-1, 0)
shiftxy (0, 1)
pd
shiftxy (-2, 7)
pd
shiftxy (8, 7)
pd
shiftxy (0, 1)
shiftxy (1, 0)
shiftxy (0, 1)
shiftxy (1, 0)
shiftxy (0, 1)
shiftxy (1, 0)
shiftxy (0, 1)
shiftxy (1, 1)
shiftxy (1, 1)
shiftxy (1, 1)
shiftxy (1, 1)
shiftxy (0, 1)
shiftxy (1, 0)
shiftxy (0, 1)
shiftxy (1, 0)
shiftxy (0, 1)
shiftxy (1, 0)
shiftxy (0, 1)
shiftxy (1, 1)
shiftxy (1, 1)
shiftxy (0, 1)
shiftxy (1, 0)
shiftxy (0, 1)
shiftxy (1, 1)
shiftxy (1, 1)
shiftxy (0, 1)
shiftxy (1, 0)
shiftxy (0, 1)
shiftxy (1, 1)
shiftxy (1, 1)
shiftxy (0, 1)
shiftxy (1, 1)
shiftxy (0, 1)
shiftxy (1, 0)
shiftxy (0, 1)
shiftxy (1, 1)
shiftxy (0, 1)
shiftxy (1, 1)
shiftxy (0, 1)
shiftxy (1, 1)
shiftxy (0, 1)
shiftxy (1, 0)
shiftxy (0, 1)
shiftxy (0, 1)
shiftxy (1, 0)
shiftxy (0, 1)
shiftxy (0, 1)
shiftxy (1, 1)
shiftxy (0, 1)
shiftxy (1, 1)
shiftxy (0, 1)
shiftxy (1, 1)
shiftxy (0, 1)
shiftxy (0, 1)
shiftxy (1, 0)
shiftxy (0, 1)
shiftxy (0, 1)
shiftxy (0, 1)
shiftxy (1, 0)
shiftxy (0, 1)
shiftxy (0, 1)
shiftxy (1, 1)
shiftxy (0, 1)
shiftxy (0, 1)
shiftxy (1, 1)
shiftxy (0, 1)
shiftxy (0, 1)
shiftxy (1, 1)
pu
shiftxy (0, 1)
pd
shiftxy (0, 1)
shiftxy (0, 1)
shiftxy (1, 0)
shiftxy (0, 1)
shiftxy (0, 1)
shiftxy (0, 1)
shiftxy (0, 1)
shiftxy (1, 0)
shiftxy (0, 1)
shiftxy (0, 1)
shiftxy (0, 1)
shiftxy (0, 1)
shiftxy (0, 1)
shiftxy (1, 0)
shiftxy (0, 1)
shiftxy (0, 1)
shiftxy (0, 1)
shiftxy (0, 1)
shiftxy (0, 1)
shiftxy (0, 1)
shiftxy (0, 1)
shiftxy (1, 0)
shiftxy (0, 1)
shiftxy (0, 1)
shiftxy (0, 1)
shiftxy (0, 1)
shiftxy (0, 1)
shiftxy (0, 1)
shiftxy (0, 1)
shiftxy (0, 1)
shiftxy (0, 1)
shiftxy (0, 1)
shiftxy (0, 1)
shiftxy (0, 1)
shiftxy (0, 1)
shiftxy (0, 1)
shiftxy (0, 1)
shiftxy (0, 1)
shiftxy (0, 1)
shiftxy (1, 0)
shiftxy (0, 1)
shiftxy (0, 1)
pu
shiftxy (0, 1)
pd
shiftxy (0, 1)
shiftxy (0, 1)
shiftxy (0, 1)
shiftxy (0, 1)
shiftxy (0, 1)
shiftxy (0, 1)
shiftxy (0, 1)
shiftxy (0, 1)
shiftxy (0, 1)
shiftxy (0, 1)
shiftxy (0, 1)
shiftxy (0, 1)
shiftxy (0, 1)
shiftxy (0, 1)
shiftxy (0, 1)
shiftxy (1, 0)
shiftxy (0, 1)
pd
shiftxy (1, 0)
shiftxy (0, 1)
shiftxy (1, 0)
shiftxy (0, 1)
shiftxy (1, 0)
shiftxy (0, 1)
shiftxy (0, 1)
shiftxy (0, 1)
shiftxy (1, 0)
shiftxy (-1, 0)
shiftxy (0, 1)
shiftxy (0, 1)
pu
shiftxy (-1, 0)
pd
shiftxy (0, 1)
shiftxy (-1, 0)
shiftxy (-1, 0)
shiftxy (0, 1)
shiftxy (0, -1)
shiftxy (-1, 0)
shiftxy (-1, 0)
shiftxy (0, -1)
shiftxy (-1, 0)
shiftxy (0, -1)
shiftxy (-1, 0)
pu
shiftxy (-5, -11)
pd
shiftxy (0, -1)
shiftxy (0, -1)
shiftxy (0, -1)
shiftxy (0, -1)
shiftxy (0, -1)
shiftxy (1, 0)
shiftxy (0, -1)
shiftxy (0, -1)
shiftxy (0, -1)
shiftxy (0, -1)
pd
shiftxy (0, -1)
shiftxy (0, -1)
shiftxy (0, -1)
shiftxy (0, -1)
shiftxy (0, -1)
shiftxy (0, -1)
shiftxy (0, -1)
shiftxy (0, -1)
shiftxy (-1, 0)
shiftxy (0, -1)
shiftxy (-1, 0)
pd
shiftxy (-1, 0)
shiftxy (0, 1)
shiftxy (-1, 0)
shiftxy (-1, 0)
shiftxy (-1, 0)
shiftxy (0, 1)
shiftxy (-1, 0)
shiftxy (-1, 0)
shiftxy (0, 1)
shiftxy (-1, 0)
shiftxy (-1, 1)
shiftxy (-1, 0)
shiftxy (0, 1)
shiftxy (-1, 0)
shiftxy (0, 1)
shiftxy (-1, 0)
shiftxy (-1, 1)
shiftxy (-1, 1)
shiftxy (0, 1)
shiftxy (-1, 0)
pd
shiftxy (0, 1)
shiftxy (-1, 0)
shiftxy (0, 1)
shiftxy (0, 1)
shiftxy (-1, 0)
shiftxy (0, 1)
shiftxy (0, 1)
shiftxy (-1, 0)
shiftxy (0, 1)
shiftxy (0, 1)
pd
shiftxy (-1, 4)
pd
shiftxy (9, 0)
pd
shiftxy (0, -1)
shiftxy (1, 0)
shiftxy (1, 0)
shiftxy (1, 0)
shiftxy (1, 0)
shiftxy (1, 0)
shiftxy (1, 0)
shiftxy (1, 0)
shiftxy (1, 0)
shiftxy (1, 0)
shiftxy (1, 0)
pu
shiftxy (-25, -3)
pd
shiftxy (0, -1)
shiftxy (0, -1)
shiftxy (0, -1)
shiftxy (1, 0)
shiftxy (0, -1)
shiftxy (0, -1)
shiftxy (0, -1)
shiftxy (1, 0)
shiftxy (0, -1)
shiftxy (0, -1)
pu
shiftxy (1, 0)
pd
shiftxy (2, -4)
pd
shiftxy (-11, -11)
pd
shiftxy (-11, -11)
pd
shiftxy (-5, 3)
pd
shiftxy (-1, 0)
shiftxy (0, 1)
shiftxy (-1, 0)
shiftxy (-1, 0)
shiftxy (-1, 0)
shiftxy (0, 1)
shiftxy (-1, 0)
shiftxy (-1, 0)
shiftxy (-1, 0)
shiftxy (-1, 0)
shiftxy (0, 1)
shiftxy (-1, 0)
shiftxy (-1, 0)
shiftxy (-1, 0)
shiftxy (-1, 0)
shiftxy (-1, 0)
shiftxy (-1, 0)
shiftxy (-1, 0)
shiftxy (-1, 0)
shiftxy (-1, 0)
shiftxy (0, -1)
shiftxy (-1, 0)
shiftxy (-1, 0)
shiftxy (-1, 0)
shiftxy (-1, 0)
shiftxy (0, -1)
shiftxy (-1, 0)
shiftxy (-1, 0)
shiftxy (-1, 0)
shiftxy (0, -1)
shiftxy (-1, 0)
shiftxy (-1, 0)
shiftxy (0, -1)
shiftxy (-1, 0)
shiftxy (-1, 0)
shiftxy (0, -1)
shiftxy (-1, 0)
shiftxy (0, -1)
shiftxy (-1, 0)
shiftxy (-1, 0)
shiftxy (0, -1)
shiftxy (-1, 0)
shiftxy (0, -1)
shiftxy (-1, 0)
pd
shiftxy (0, -1)
shiftxy (-1, 0)
shiftxy (0, -1)
shiftxy (-1, 0)
shiftxy (0, -1)
shiftxy (-1, -1)
shiftxy (0, -1)
shiftxy (-1, 0)
shiftxy (0, -1)
shiftxy (0, -1)
shiftxy (-1, 0)
shiftxy (0, -1)
shiftxy (-1, -1)
shiftxy (0, -1)
shiftxy (0, -1)
shiftxy (-1, 0)
shiftxy (0, -1)
shiftxy (0, -1)
shiftxy (0, -1)
shiftxy (0, -1)
shiftxy (-1, 0)
shiftxy (0, -1)
shiftxy (0, -1)
shiftxy (0, -1)
shiftxy (0, -1)
shiftxy (0, -1)
shiftxy (0, -1)
shiftxy (0, -1)
shiftxy (0, -1)
shiftxy (0, -1)
shiftxy (0, -1)
shiftxy (0, -1)
shiftxy (0, -1)
shiftxy (1, -1)
shiftxy (0, -1)
shiftxy (0, -1)
shiftxy (0, -1)
shiftxy (1, 0)
shiftxy (0, -1)
shiftxy (0, -1)
shiftxy (1, 0)
shiftxy (0, -1)
shiftxy (0, -1)
shiftxy (1, 0)
shiftxy (0, -1)
pd
shiftxy (2, -2)
pd
shiftxy (-13, -13)
pd
shiftxy (-13, -13)
pd
shiftxy (-5, 5)
pd
shiftxy (-1, 0)
shiftxy (0, 1)
shiftxy (-1, 0)
shiftxy (0, 1)
shiftxy (-1, 0)
shiftxy (0, 1)
shiftxy (-1, 0)
shiftxy (-1, 0)
shiftxy (0, 1)
shiftxy (-1, 0)
shiftxy (0, 1)
shiftxy (-1, 0)
shiftxy (0, 1)
shiftxy (-1, 0)
shiftxy (0, 1)
shiftxy (-1, 0)
shiftxy (-1, 0)
shiftxy (0, 1)
shiftxy (-1, 0)
pd
shiftxy (0, 1)
shiftxy (-1, 0)
shiftxy (0, 1)
shiftxy (-1, 0)
shiftxy (-1, 0)
shiftxy (0, 1)
shiftxy (-1, 0)
shiftxy (0, 1)
shiftxy (-1, 0)
shiftxy (0, 1)
pd
shiftxy (0, 1)
shiftxy (0, 1)
shiftxy (1, 1)
shiftxy (0, 1)
shiftxy (0, 1)
shiftxy (1, 1)
shiftxy (0, 1)
shiftxy (0, 1)
shiftxy (1, 0)
shiftxy (0, 1)
shiftxy (0, 1)
shiftxy (0, 1)
shiftxy (1, 0)
shiftxy (0, 1)
shiftxy (0, 1)
shiftxy (1, 0)
shiftxy (0, 1)
shiftxy (0, 1)
shiftxy (1, 0)
shiftxy (0, 1)
shiftxy (0, 1)
shiftxy (0, 1)
shiftxy (1, 0)
shiftxy (0, 1)
shiftxy (0, 1)
shiftxy (1, 0)
shiftxy (0, 1)
pd
shiftxy (1, 1)
shiftxy (0, 1)
shiftxy (1, 1)
shiftxy (0, 1)
shiftxy (1, 1)
shiftxy (0, 1)
shiftxy (1, 0)
shiftxy (0, 1)
shiftxy (0, 1)
shiftxy (1, 0)
shiftxy (0, 1)
shiftxy (1, 1)
shiftxy (0, 1)
shiftxy (1, 0)
shiftxy (0, 1)
shiftxy (1, 1)
shiftxy (0, 1)
shiftxy (1, 0)
shiftxy (0, 1)
shiftxy (1, 1)
shiftxy (1, 1)
shiftxy (1, 1)
shiftxy (0, 1)
shiftxy (1, 1)
shiftxy (1, 1)
shiftxy (0, 1)
shiftxy (1, 0)
shiftxy (0, 1)
shiftxy (1, 0)
shiftxy (0, 1)
shiftxy (1, 0)
shiftxy (0, 1)
shiftxy (1, 1)
shiftxy (1, 1)
shiftxy (1, 1)
shiftxy (1, 1)
shiftxy (1, 1)
shiftxy (1, 1)
shiftxy (1, 1)
shiftxy (1, 1)
shiftxy (1, 1)
shiftxy (1, 1)
shiftxy (1, 0)
shiftxy (0, 1)
shiftxy (1, 0)
shiftxy (0, 1)
shiftxy (1, 0)
shiftxy (0, 1)
shiftxy (1, 0)
shiftxy (1, 1)
shiftxy (1, 1)
shiftxy (1, 1)
shiftxy (1, 0)
shiftxy (1, 1)
shiftxy (1, 1)
shiftxy (1, 0)
shiftxy (0, 1)
shiftxy (1, 0)
shiftxy (1, 1)
shiftxy (1, 0)
shiftxy (0, 1)
shiftxy (1, 0)
shiftxy (1, 1)
shiftxy (1, 0)
shiftxy (0, 1)
shiftxy (1, 0)
shiftxy (1, 1)
shiftxy (1, 0)
shiftxy (1, 1)
shiftxy (1, 0)
shiftxy (1, 1)
shiftxy (1, 0)
shiftxy (1, 1)
pd
shiftxy (1, 0)
shiftxy (0, 1)
shiftxy (1, 0)
shiftxy (1, 0)
shiftxy (1, 1)
shiftxy (1, 0)
shiftxy (1, 0)
shiftxy (0, 1)
shiftxy (1, 0)
shiftxy (1, 0)
shiftxy (0, 1)
shiftxy (1, 0)
shiftxy (1, 0)
shiftxy (1, 0)
shiftxy (0, 1)
shiftxy (1, 0)
shiftxy (1, 0)
shiftxy (1, 0)
shiftxy (0, 1)
shiftxy (1, 0)
shiftxy (1, 0)
shiftxy (1, 0)
shiftxy (0, 1)
shiftxy (1, 0)
shiftxy (1, 0)
shiftxy (1, 0)
shiftxy (1, 1)
shiftxy (1, 0)
shiftxy (1, 0)
shiftxy (1, 0)
shiftxy (0, 1)
shiftxy (1, 0)
shiftxy (1, 0)
shiftxy (1, 0)
shiftxy (1, 1)
shiftxy (1, 0)
shiftxy (1, 0)
shiftxy (1, 0)
shiftxy (1, 0)
shiftxy (0, 1)
shiftxy (1, 0)
shiftxy (1, 0)
shiftxy (1, 0)
shiftxy (1, 0)
shiftxy (1, 0)
shiftxy (1, 0)
shiftxy (0, 1)
shiftxy (1, 0)
shiftxy (1, 0)
pd
shiftxy (1, 0)
shiftxy (1, 0)
shiftxy (0, -1)
shiftxy (1, 0)
shiftxy (0, -1)
shiftxy (0, -1)
shiftxy (1, 0)
pu
shiftxy (14, -20)
pd
shiftxy (1, 0)
shiftxy (1, 0)
shiftxy (0, -1)
shiftxy (1, 0)
shiftxy (1, 0)
shiftxy (0, -1)
shiftxy (1, 0)
shiftxy (1, 0)
shiftxy (1, 0)
shiftxy (0, -1)
shiftxy (1, 0)
pd
shiftxy (1, 0)
shiftxy (1, 0)
shiftxy (0, -1)
shiftxy (1, 0)
shiftxy (0, -1)
shiftxy (0, -1)
shiftxy (0, -1)
shiftxy (0, -1)
shiftxy (0, -1)
shiftxy (-1, 0)
shiftxy (0, -1)
shiftxy (0, -1)
shiftxy (0, -1)
shiftxy (0, -1)
shiftxy (0, -1)
pd
shiftxy (-1, -1)
shiftxy (0, -1)
shiftxy (0, -1)
shiftxy (0, -2)
shiftxy (-1, -1)
shiftxy (0, -1)
shiftxy (0, -1)
shiftxy (0, -1)
shiftxy (-1, -1)
shiftxy (0, -1)
shiftxy (0, -1)
shiftxy (-1, -1)
shiftxy (0, -1)
shiftxy (0, -1)
shiftxy (-1, -1)
shiftxy (0, -1)
shiftxy (0, -1)
shiftxy (-1, -1)
shiftxy (0, -2)
shiftxy (-1, -1)
shiftxy (0, -1)
shiftxy (0, -1)
shiftxy (-1, -1)
shiftxy (0, -1)
shiftxy (-1, -1)
shiftxy (0, -1)
shiftxy (-1, -1)
shiftxy (0, -1)
shiftxy (0, -1)
shiftxy (-1, -1)
shiftxy (0, -1)
shiftxy (-1, 0)
shiftxy (0, -1)
shiftxy (-1, -1)
shiftxy (-1, -1)
shiftxy (0, -1)
shiftxy (-1, -1)
shiftxy (0, -1)
shiftxy (-1, -1)
shiftxy (0, -1)
shiftxy (-1, -1)
shiftxy (0, -1)
shiftxy (-1, -1)
shiftxy (-1, -1)
shiftxy (0, -1)
shiftxy (-1, -1)
shiftxy (-1, -1)
shiftxy (-1, -1)
shiftxy (0, -1)
shiftxy (-1, -1)
shiftxy (-1, -1)
shiftxy (0, -1)
shiftxy (-1, 0)
shiftxy (-1, -1)
shiftxy (0, -1)
shiftxy (-1, -1)
shiftxy (-1, -1)
shiftxy (-1, -1)
shiftxy (-1, -1)
shiftxy (-1, -1)
shiftxy (-1, -1)
shiftxy (0, -1)
shiftxy (-1, 0)
shiftxy (-1, -1)
shiftxy (-1, -1)
shiftxy (0, -1)
shiftxy (-1, 0)
shiftxy (-1, -1)
shiftxy (-1, -1)
shiftxy (-1, -1)
shiftxy (-1, -1)
shiftxy (-1, -1)
shiftxy (-1, 0)
shiftxy (-1, -1)
shiftxy (-1, -1)
shiftxy (-1, -1)
shiftxy (-1, -1)
shiftxy (-1, 0)
shiftxy (-1, -1)
shiftxy (-1, -1)
shiftxy (-1, 0)
shiftxy (-1, -1)
shiftxy (-1, 0)
shiftxy (0, -1)
shiftxy (-1, -1)
shiftxy (-1, 0)
shiftxy (-1, -1)
shiftxy (-1, 0)
shiftxy (-1, -1)
shiftxy (-1, -1)
shiftxy (-1, 0)
shiftxy (-1, -1)
shiftxy (-1, 0)
shiftxy (-1, -1)
shiftxy (-1, 0)
pu
shiftxy (-1, -1)
pd
shiftxy (-1, 0)
shiftxy (-1, 0)
shiftxy (0, -1)
shiftxy (-1, 0)
shiftxy (-1, 0)
shiftxy (0, -1)
shiftxy (-1, 0)
shiftxy (-1, 0)
shiftxy (-1, -1)
shiftxy (-1, 0)
shiftxy (-1, 0)
shiftxy (0, -1)
shiftxy (-1, 0)
shiftxy (-1, 0)
shiftxy (-1, -1)
shiftxy (-1, 0)
shiftxy (-1, 0)
shiftxy (0, -1)
shiftxy (-1, 0)
shiftxy (-1, 0)
shiftxy (-1, 0)
shiftxy (0, -1)
shiftxy (-1, 0)
shiftxy (-1, 0)
shiftxy (-1, 0)
pd
shiftxy (-1, 0)
shiftxy (0, 1)
shiftxy (-1, 0)
shiftxy (0, 1)
shiftxy (-1, 1)
shiftxy (0, 1)
shiftxy (-1, 0)
shiftxy (0, 1)
pu
shiftxy (-1, 0)
pd
shiftxy (0, 1)
shiftxy (-1, 0)
shiftxy (0, 1)
shiftxy (0, 1)
shiftxy (-1, 0)
shiftxy (0, 1)
shiftxy (-1, 0)
shiftxy (0, 1)
shiftxy (-1, 0)
shiftxy (0, 1)
shiftxy (-1, 0)
shiftxy (0, 1)
shiftxy (0, 1)
shiftxy (-1, 0)
shiftxy (0, 1)
shiftxy (-1, 0)
shiftxy (0, 1)
shiftxy (-1, 0)
shiftxy (0, 1)
pd
shiftxy (-5, 5)
pd
shiftxy (13, 13)
pd
shiftxy (13, 12)
pd
shiftxy (5, -2)
pd
shiftxy (1, -1)
shiftxy (1, 0)
shiftxy (1, 0)
shiftxy (0, -1)
shiftxy (1, 0)
shiftxy (1, 0)
shiftxy (1, -1)
shiftxy (1, 0)
shiftxy (1, 0)
shiftxy (1, 0)
shiftxy (1, 0)
shiftxy (1, 0)
shiftxy (1, 0)
shiftxy (1, 0)
shiftxy (1, 0)
shiftxy (1, 0)
shiftxy (1, 0)
shiftxy (1, 0)
shiftxy (1, 0)
shiftxy (1, 0)
shiftxy (1, 1)
shiftxy (1, 0)
shiftxy (1, 0)
shiftxy (1, 1)
shiftxy (1, 0)
shiftxy (1, 0)
shiftxy (0, 1)
shiftxy (1, 0)
shiftxy (1, 0)
shiftxy (0, 1)
shiftxy (1, 0)
shiftxy (1, 1)
shiftxy (1, 0)
shiftxy (0, 1)
shiftxy (1, 0)
shiftxy (0, 1)
shiftxy (1, 0)
shiftxy (0, 1)
shiftxy (1, 0)
shiftxy (0, 1)
shiftxy (1, 0)
shiftxy (0, 1)
shiftxy (1, 0)
shiftxy (0, 1)
shiftxy (1, 1)
shiftxy (0, 1)
shiftxy (1, 0)
shiftxy (0, 1)
shiftxy (1, 1)
shiftxy (0, 1)
shiftxy (1, 1)
shiftxy (0, 1)
shiftxy (0, 1)
shiftxy (1, 0)
shiftxy (0, 1)
shiftxy (0, 1)
shiftxy (0, 1)
shiftxy (0, 1)
shiftxy (1, 1)
shiftxy (0, 1)
shiftxy (0, 1)
shiftxy (0, 1)
shiftxy (0, 1)
pu
shiftxy (0, 1)
pd
shiftxy (0, 1)
shiftxy (0, 1)
shiftxy (0, 1)
shiftxy (0, 1)
shiftxy (0, 1)
shiftxy (0, 1)
shiftxy (-1, 0)
shiftxy (0, 1)
shiftxy (0, 1)
shiftxy (0, 1)
shiftxy (-1, 0)
shiftxy (0, 1)
shiftxy (0, 1)
shiftxy (-1, 0)
pu
shiftxy (0, 1)
pd
shiftxy (-3, 5)
pd
shiftxy (11, 11)
pd
shiftxy (1, 0)
shiftxy (0, 1)
shiftxy (1, 0)
shiftxy (0, 1)
shiftxy (1, 0)
shiftxy (0, 1)
shiftxy (1, 0)
shiftxy (0, 1)
shiftxy (1, 0)
shiftxy (0, 1)
shiftxy (1, 0)
shiftxy (0, 1)
shiftxy (1, 0)
shiftxy (0, 1)
shiftxy (1, 0)
shiftxy (0, 1)
shiftxy (1, 0)
shiftxy (0, 1)
shiftxy (1, 0)
shiftxy (0, 1)
shiftxy (1, 0)
pu
shiftxy (0, 1)
pd
shiftxy (0, -1)
shiftxy (1, 0)
shiftxy (1, 0)
shiftxy (0, -1)
shiftxy (1, 0)
shiftxy (1, 0)
shiftxy (0, -1)
pu
shiftxy (-41, -16)
pd
shiftxy (0, -1)
shiftxy (1, 0)
shiftxy (1, 0)
shiftxy (0, -1)
shiftxy (1, 0)
shiftxy (1, 0)
shiftxy (0, -1)
shiftxy (1, 0)
shiftxy (0, -1)
shiftxy (1, 0)
shiftxy (1, -1)
shiftxy (1, -1)
shiftxy (1, -1)
shiftxy (1, -1)
shiftxy (0, -1)
shiftxy (1, 0)
shiftxy (0, -1)
shiftxy (0, -1)
shiftxy (1, 0)
shiftxy (0, -1)
shiftxy (0, -1)
shiftxy (1, 0)
shiftxy (0, -1)
shiftxy (0, -1)
shiftxy (0, -1)
shiftxy (1, -1)
shiftxy (0, -1)
shiftxy (0, -1)
shiftxy (0, -1)
shiftxy (0, -1)
shiftxy (0, -1)
shiftxy (0, -1)
pd
shiftxy (0, -1)
shiftxy (0, -1)
shiftxy (-1, 0)
shiftxy (0, -1)
shiftxy (0, -1)
shiftxy (0, -1)
shiftxy (-1, -1)
shiftxy (0, -1)
shiftxy (0, -1)
shiftxy (-1, 0)
shiftxy (0, -1)
shiftxy (-1, -1)
shiftxy (0, -1)
shiftxy (-1, 0)
shiftxy (0, -1)
shiftxy (-1, 0)
shiftxy (0, -1)
shiftxy (-1, 0)
shiftxy (0, -1)
shiftxy (-1, 0)
shiftxy (0, -1)
shiftxy (-1, 0)
shiftxy (-1, 0)
shiftxy (0, -1)
shiftxy (-1, 0)
shiftxy (0, -1)
shiftxy (-1, 0)
shiftxy (-1, 0)
shiftxy (0, -1)
shiftxy (-1, 0)
shiftxy (-1, 0)
shiftxy (-1, 0)
shiftxy (0, -1)
shiftxy (-1, 0)
shiftxy (-1, 0)
shiftxy (-1, 0)
pu
shiftxy (-1, 0)
pd
shiftxy (-1, 0)
shiftxy (-1, 0)
shiftxy (-1, 0)
shiftxy (-1, 0)
shiftxy (-1, 0)
shiftxy (-1, 0)
shiftxy (-1, 0)
shiftxy (0, 1)
shiftxy (-1, 0)
shiftxy (-1, 0)
shiftxy (-1, 0)
shiftxy (0, 1)
shiftxy (-1, 0)
shiftxy (-1, 0)
shiftxy (0, 1)
shiftxy (-1, 0)
shiftxy (-1, 0)
shiftxy (0, 1)
shiftxy (-1, 0)
shiftxy (0, 1)
shiftxy (-1, 0)
shiftxy (0, 1)
shiftxy (-1, 0)
shiftxy (-1, 1)
shiftxy (0, 1)
shiftxy (-1, 0)
shiftxy (0, 1)
shiftxy (-1, 1)
shiftxy (0, 1)
shiftxy (-1, 0)
shiftxy (0, 1)
shiftxy (0, 1)
shiftxy (-1, 0)
shiftxy (0, 1)
shiftxy (0, 1)
shiftxy (0, 1)
shiftxy (-1, 0)
shiftxy (0, 1)
shiftxy (0, 1)
shiftxy (0, 1)
shiftxy (0, 1)
shiftxy (0, 1)
shiftxy (0, 1)
shiftxy (0, 1)
shiftxy (0, 1)
shiftxy (0, 1)
shiftxy (0, 1)
shiftxy (1, 0)
shiftxy (0, 1)
shiftxy (0, 1)
shiftxy (0, 1)
shiftxy (1, 0)
shiftxy (0, 1)
pu
shiftxy (0, 1)
pd
shiftxy (1, 0)
shiftxy (0, 1)
shiftxy (0, 1)
shiftxy (1, 0)
shiftxy (0, 1)
shiftxy (1, 1)
shiftxy (0, 1)
shiftxy (1, 0)
shiftxy (0, 1)
shiftxy (1, 0)
shiftxy (0, 1)
shiftxy (1, 0)
shiftxy (1, 1)
shiftxy (1, 0)
shiftxy (0, 1)
shiftxy (1, 0)
shiftxy (1, 1)
shiftxy (1, 0)
shiftxy (1, 0)
shiftxy (0, 1)
shiftxy (1, 0)
shiftxy (1, 0)
shiftxy (1, 0)
shiftxy (1, 1)
shiftxy (1, 0)
shiftxy (1, 0)
shiftxy (1, 0)
shiftxy (1, 0)
shiftxy (1, 0)
shiftxy (1, 0)
shiftxy (1, 0)
shiftxy (0, -1)
shiftxy (1, 0)
shiftxy (1, 0)
shiftxy (1, 0)
pu
shiftxy (-69, -4)
pd
shiftxy (1, 0)
shiftxy (1, 0)
shiftxy (0, -1)
shiftxy (1, 0)
shiftxy (1, 0)
shiftxy (0, -1)
pd
shiftxy (0, -1)
shiftxy (-1, 0)
shiftxy (0, -1)
shiftxy (-1, 0)
shiftxy (0, -1)
shiftxy (0, -1)
shiftxy (-1, 0)
shiftxy (0, -1)
pd
shiftxy (0, -1)
shiftxy (-1, 0)
shiftxy (0, -1)
shiftxy (-1, 0)
shiftxy (0, -1)
shiftxy (0, -1)
shiftxy (-1, 0)
shiftxy (0, -1)
shiftxy (0, -1)
shiftxy (-1, 0)
shiftxy (0, -1)
shiftxy (-1, -1)
shiftxy (0, -1)
shiftxy (-1, -1)
shiftxy (0, -1)
shiftxy (-1, -1)
shiftxy (0, -1)
shiftxy (0, -1)
shiftxy (-1, 0)
shiftxy (0, -1)
shiftxy (0, -1)
shiftxy (-1, 0)
shiftxy (0, -1)
shiftxy (0, -1)
shiftxy (-1, 0)
shiftxy (0, -1)
shiftxy (0, -1)
shiftxy (-1, 0)
shiftxy (0, -1)
shiftxy (0, -1)
shiftxy (0, -1)
shiftxy (-1, 0)
shiftxy (0, -1)
shiftxy (0, -1)
pd
shiftxy (-3, -7)
pd
shiftxy (-6, 2)
pd
shiftxy (-1, 0)
shiftxy (-1, 0)
shiftxy (-1, 0)
shiftxy (0, 1)
shiftxy (-1, 0)
shiftxy (-1, 0)
shiftxy (-1, 0)
shiftxy (-1, 0)
shiftxy (-1, 0)
shiftxy (-1, 0)
shiftxy (-1, 0)
shiftxy (-1, 0)
shiftxy (-1, 0)
shiftxy (-1, 0)
shiftxy (-1, 0)
shiftxy (-1, 0)
shiftxy (-1, 0)
shiftxy (-1, 0)
shiftxy (-1, 0)
shiftxy (-1, 0)
shiftxy (-1, 0)
shiftxy (0, -1)
shiftxy (-1, 0)
shiftxy (-1, 0)
shiftxy (-1, 0)
shiftxy (-1, 0)
shiftxy (-1, 0)
shiftxy (0, -1)
shiftxy (-1, 0)
shiftxy (-1, 0)
shiftxy (-1, 0)
pu
shiftxy (0, -1)
pd
shiftxy (-7, -2)
pd
shiftxy (1, 4)
pd
shiftxy (1, 0)
shiftxy (0, 1)
shiftxy (0, 1)
shiftxy (1, 0)
shiftxy (0, 1)
shiftxy (0, 1)
shiftxy (1, 0)
shiftxy (0, 1)
shiftxy (0, 1)
shiftxy (1, 0)
shiftxy (0, 1)
shiftxy (0, 1)
shiftxy (1, 0)
shiftxy (0, 1)
shiftxy (0, 1)
shiftxy (1, 0)
shiftxy (0, 1)
shiftxy (0, 1)
shiftxy (1, 0)
shiftxy (0, 1)
shiftxy (1, 1)
shiftxy (0, 1)
shiftxy (1, 0)
shiftxy (0, 1)
shiftxy (1, 1)
shiftxy (0, 1)
shiftxy (1, 0)
shiftxy (0, 1)
shiftxy (0, 1)
shiftxy (1, 0)
shiftxy (0, 1)
shiftxy (1, 0)
shiftxy (0, 1)
shiftxy (1, 1)
pd
shiftxy (0, 1)
shiftxy (1, 0)
shiftxy (0, 1)
shiftxy (1, 0)
shiftxy (0, 1)
shiftxy (1, 1)
shiftxy (1, 1)
shiftxy (1, 1)
shiftxy (1, 1)
shiftxy (1, 1)
shiftxy (1, 0)
shiftxy (0, 1)
shiftxy (1, 0)
shiftxy (0, 1)
shiftxy (1, 0)
shiftxy (1, 1)
shiftxy (1, 0)
shiftxy (1, 1)
shiftxy (1, 0)
shiftxy (0, 1)
shiftxy (1, 0)
shiftxy (1, 0)
shiftxy (0, 1)
shiftxy (1, 0)
shiftxy (1, 0)
shiftxy (1, 0)
shiftxy (1, 1)
shiftxy (1, 0)
shiftxy (1, 0)
shiftxy (1, 0)
shiftxy (1, 0)
shiftxy (0, 1)
shiftxy (1, 0)
shiftxy (1, 0)
shiftxy (1, 0)
shiftxy (1, 0)
shiftxy (1, 0)
shiftxy (1, 0)
shiftxy (1, 0)
shiftxy (1, 0)
shiftxy (1, 0)
shiftxy (0, -1)
shiftxy (1, 0)
shiftxy (1, 0)
shiftxy (1, 0)
shiftxy (1, 0)
shiftxy (1, 0)
shiftxy (1, 0)
shiftxy (0, -1)
pu
shiftxy (0, -56)
pd
shiftxy (0, -1)
shiftxy (1, 0)
shiftxy (1, -1)
shiftxy (1, 0)
shiftxy (0, -1)
shiftxy (1, 0)
shiftxy (0, -1)
shiftxy (1, 0)
shiftxy (0, -1)
shiftxy (1, 0)
shiftxy (0, -1)
shiftxy (1, 0)
shiftxy (0, -1)
shiftxy (1, 0)
shiftxy (0, -1)
shiftxy (1, 0)
shiftxy (0, -1)
shiftxy (1, 0)
shiftxy (0, -1)
shiftxy (1, 0)
shiftxy (0, -1)
shiftxy (1, 0)
shiftxy (0, -1)
shiftxy (1, 0)
shiftxy (0, -1)
shiftxy (1, 0)
shiftxy (0, -1)
pu
shiftxy (1, 0)
pd
shiftxy (1, -1)
shiftxy (0, -1)
shiftxy (1, 0)
shiftxy (0, -1)
shiftxy (1, 0)
shiftxy (0, -1)
shiftxy (1, 0)
shiftxy (0, -1)
shiftxy (1, 0)
shiftxy (0, -1)
shiftxy (1, 0)
shiftxy (0, -1)
shiftxy (1, -1)
shiftxy (1, -1)
shiftxy (1, -1)
shiftxy (0, -1)
shiftxy (1, 0)
shiftxy (0, -1)
shiftxy (1, 0)
shiftxy (0, -1)
shiftxy (1, 0)
shiftxy (0, -1)
shiftxy (0, -1)
shiftxy (1, 0)
shiftxy (0, -1)
shiftxy (1, 0)
shiftxy (0, -1)
shiftxy (0, -1)
shiftxy (1, 0)
pd
shiftxy (0, -1)
shiftxy (-1, 0)
shiftxy (-1, 0)
shiftxy (-1, 0)
shiftxy (-1, 0)
shiftxy (0, -1)
shiftxy (-1, 0)
shiftxy (-1, 0)
pd
shiftxy (-6, -2)
pd
shiftxy (-1, 3)
pd
shiftxy (-1, 0)
shiftxy (0, 1)
shiftxy (-1, 0)
shiftxy (0, 1)
shiftxy (-1, 0)
shiftxy (0, 1)
shiftxy (-1, 0)
shiftxy (0, 1)
shiftxy (-1, 1)
shiftxy (-1, 1)
shiftxy (-1, 1)
shiftxy (-1, 1)
shiftxy (-1, 1)
shiftxy (-1, 1)
shiftxy (-1, 1)
shiftxy (-1, 1)
shiftxy (-1, 1)
shiftxy (-1, 1)
shiftxy (-1, 1)
shiftxy (-1, 1)
shiftxy (-1, 1)
shiftxy (-1, 1)
shiftxy (-1, 1)
shiftxy (-1, 1)
shiftxy (-1, 1)
shiftxy (-1, 0)
shiftxy (0, 1)
shiftxy (-1, 0)
shiftxy (0, 1)
shiftxy (-1, 0)
shiftxy (0, 1)
shiftxy (-1, 0)
shiftxy (0, 1)
shiftxy (-1, 0)
pu
shiftxy (0, 1)
pd
shiftxy (-3, 1)
pd
shiftxy (2, 6)
pd
shiftxy (0, 1)
shiftxy (0, 1)
shiftxy (1, 0)
shiftxy (0, 1)
shiftxy (0, 1)
shiftxy (0, 1)
shiftxy (1, 0)
shiftxy (0, 1)
pd
shiftxy (0, -1)
shiftxy (1, 0)
shiftxy (1, 0)
shiftxy (0, -1)
shiftxy (1, 0)
shiftxy (0, -1)
shiftxy (1, 0)
shiftxy (1, -1)
shiftxy (1, 0)
shiftxy (0, -1)
shiftxy (1, 0)
shiftxy (0, -1)
shiftxy (1, 0)
pu
shiftxy (80, -23)
pd
shiftxy (1, -1)
shiftxy (0, -1)
shiftxy (0, -1)
shiftxy (0, -1)
shiftxy (0, -1)
shiftxy (0, -1)
shiftxy (1, 0)
shiftxy (0, -1)
shiftxy (0, -1)
shiftxy (0, -1)
shiftxy (0, -1)
shiftxy (0, -1)
shiftxy (0, -1)
shiftxy (0, -1)
shiftxy (0, -1)
shiftxy (0, -1)
shiftxy (0, -1)
shiftxy (0, -1)
shiftxy (-1, -1)
shiftxy (0, -1)
shiftxy (0, -1)
shiftxy (0, -1)
shiftxy (-1, -1)
shiftxy (0, -1)
shiftxy (0, -1)
shiftxy (-1, 0)
shiftxy (0, -1)
shiftxy (0, -1)
shiftxy (-1, -1)
shiftxy (0, -1)
shiftxy (-1, 0)
shiftxy (0, -1)
shiftxy (0, -1)
shiftxy (-1, 0)
shiftxy (0, -1)
shiftxy (-1, 0)
shiftxy (0, -1)
shiftxy (-1, 0)
shiftxy (0, -1)
shiftxy (0, -1)
shiftxy (-1, 0)
shiftxy (0, -1)
shiftxy (-1, 0)
shiftxy (0, -1)
shiftxy (-1, 0)
shiftxy (0, -1)
shiftxy (-1, 0)
shiftxy (-1, -1)
shiftxy (-1, -1)
shiftxy (-1, 0)
shiftxy (0, -1)
pu
shiftxy (-1, 0)
pd
shiftxy (0, -1)
shiftxy (-1, 0)
shiftxy (-1, 0)
shiftxy (0, -1)
shiftxy (-1, 0)
shiftxy (0, -1)
shiftxy (-1, 0)
shiftxy (-1, 0)
shiftxy (0, -1)
shiftxy (-1, 0)
shiftxy (0, -1)
shiftxy (-1, 0)
shiftxy (-1, 0)
shiftxy (0, -1)
shiftxy (-1, 0)
shiftxy (-1, -1)
shiftxy (-1, 0)
shiftxy (0, -1)
shiftxy (-1, 0)
shiftxy (-1, 0)
shiftxy (0, -1)
shiftxy (-1, 0)
shiftxy (-1, 0)
shiftxy (0, -1)
shiftxy (-1, 0)
shiftxy (-1, 0)
shiftxy (0, -1)
shiftxy (-1, 0)
shiftxy (-1, 0)
shiftxy (0, -1)
shiftxy (-1, 0)
shiftxy (-1, 0)
shiftxy (0, -1)
shiftxy (-1, 0)
shiftxy (-1, 0)
pu
shiftxy (0, -1)
pd
shiftxy (-4, -1)
pd
shiftxy (3, 7)
pd
shiftxy (0, 1)
shiftxy (0, 1)
shiftxy (0, 1)
shiftxy (1, 0)
shiftxy (0, 1)
shiftxy (0, 1)
shiftxy (0, 1)
shiftxy (0, 1)
shiftxy (1, 0)
shiftxy (0, 1)
shiftxy (0, 1)
shiftxy (0, 1)
shiftxy (0, 1)
shiftxy (0, 1)
shiftxy (0, 1)
shiftxy (0, 1)
shiftxy (0, 1)
shiftxy (0, 1)
shiftxy (0, 1)
shiftxy (0, 1)
shiftxy (0, 1)
shiftxy (0, 1)
shiftxy (0, 1)
shiftxy (0, 1)
shiftxy (0, 1)
shiftxy (0, 1)
shiftxy (0, 1)
shiftxy (-1, 1)
shiftxy (0, 1)
shiftxy (0, 1)
shiftxy (0, 1)
shiftxy (-1, 1)
shiftxy (0, 1)
shiftxy (0, 1)
pu
shiftxy (-1, 1)
pd
shiftxy (0, 1)
shiftxy (1, 0)
shiftxy (1, 0)
shiftxy (0, 1)
shiftxy (1, 0)
shiftxy (1, 0)
shiftxy (0, 1)
shiftxy (1, 0)
shiftxy (1, 0)
shiftxy (1, 0)
shiftxy (0, 1)
pd
shiftxy (1, 0)
shiftxy (1, 0)
shiftxy (1, 1)
shiftxy (1, 0)
shiftxy (1, 0)
shiftxy (0, 1)
shiftxy (1, 0)
shiftxy (1, 0)
shiftxy (1, 1)
shiftxy (1, 0)
shiftxy (1, 1)
shiftxy (1, 0)
shiftxy (1, 1)
shiftxy (1, 0)
shiftxy (1, 1)
shiftxy (1, 0)
shiftxy (1, 0)
shiftxy (0, 1)
shiftxy (1, 0)
shiftxy (1, 0)
shiftxy (0, 1)
shiftxy (1, 0)
shiftxy (1, 1)
shiftxy (1, 0)
shiftxy (0, 1)
shiftxy (1, 0)
shiftxy (1, 0)
shiftxy (0, 1)
shiftxy (1, 0)
shiftxy (1, 0)
shiftxy (0, 1)
shiftxy (1, 0)
pd
shiftxy (0, 1)
shiftxy (1, 0)
shiftxy (1, 0)
shiftxy (0, 1)
shiftxy (1, 0)
shiftxy (1, 0)
shiftxy (0, 1)
pd
shiftxy (1, 0)
shiftxy (0, -1)
shiftxy (1, 0)
shiftxy (0, -1)
shiftxy (0, -1)
shiftxy (0, -1)
pu
shiftxy (-28, 74)
pd
shiftxy (0, -1)
shiftxy (-1, 0)
shiftxy (0, -1)
shiftxy (0, -1)
pd
shiftxy (0, -1)
shiftxy (0, -1)
shiftxy (1, 0)
shiftxy (0, -1)
shiftxy (1, 0)
shiftxy (1, 0)
shiftxy (1, 0)
shiftxy (1, 0)
shiftxy (1, 0)
shiftxy (1, 0)
shiftxy (0, -1)
shiftxy (1, 0)
shiftxy (1, 0)
shiftxy (1, 0)
shiftxy (1, 0)
shiftxy (1, 0)
pd
shiftxy (1, 0)
shiftxy (1, 0)
shiftxy (1, 0)
shiftxy (1, 0)
shiftxy (0, 1)
shiftxy (1, 0)
shiftxy (1, 0)
shiftxy (1, 0)
shiftxy (1, 0)
shiftxy (1, 0)
shiftxy (1, 0)
shiftxy (1, 0)
pd
shiftxy (1, 1)
shiftxy (0, 1)
shiftxy (1, 0)
shiftxy (0, 1)
shiftxy (0, 1)
shiftxy (0, 1)
shiftxy (-1, 0)
shiftxy (0, 1)
pd
shiftxy (-1, 0)
shiftxy (-1, 0)
shiftxy (-1, 0)
shiftxy (-1, 1)
shiftxy (-1, 0)
shiftxy (-1, 0)
shiftxy (-1, 0)
shiftxy (-1, 0)
shiftxy (-1, 0)
shiftxy (-1, 0)
shiftxy (-1, 0)
shiftxy (-1, 0)
shiftxy (-1, 0)
shiftxy (-1, 0)
shiftxy (-1, 0)
shiftxy (-1, 0)
shiftxy (-1, 0)
shiftxy (-1, 0)
shiftxy (-1, 0)
shiftxy (-1, -1)
shiftxy (-1, 0)
shiftxy (-1, 0)
shiftxy (-1, 0)
pu
shiftxy (-2, -11)
pd
shiftxy (0, -1)
shiftxy (-1, 0)
shiftxy (0, -1)
shiftxy (-1, 0)
shiftxy (0, -1)
shiftxy (0, -1)
pd
shiftxy (1, 0)
shiftxy (0, -1)
shiftxy (0, -1)
shiftxy (1, 0)
shiftxy (1, 0)
shiftxy (1, 0)
shiftxy (1, 0)
shiftxy (1, 0)
shiftxy (1, 0)
shiftxy (1, 0)
pd
shiftxy (1, 0)
shiftxy (1, 0)
shiftxy (1, 0)
shiftxy (1, 0)
shiftxy (1, 0)
shiftxy (1, 0)
shiftxy (1, 0)
shiftxy (0, 1)
shiftxy (1, 0)
shiftxy (0, 1)
pd
shiftxy (0, 1)
shiftxy (0, 1)
shiftxy (0, 1)
shiftxy (-1, 0)
shiftxy (-1, 0)
shiftxy (0, 1)
pd
shiftxy (-1, 0)
shiftxy (-1, 0)
shiftxy (-1, 0)
shiftxy (0, 1)
shiftxy (-1, 0)
shiftxy (-1, 0)
shiftxy (-1, 0)
shiftxy (-1, 0)
shiftxy (-1, 0)
shiftxy (-1, 0)
shiftxy (0, -1)
shiftxy (-1, 0)
shiftxy (-1, 0)
shiftxy (-1, 0)
pu
shiftxy (-84, -62)
pd
shiftxy (0, -1)
shiftxy (-1, 0)
shiftxy (-1, 0)
shiftxy (-1, -1)
shiftxy (-1, 0)
shiftxy (-1, 0)
shiftxy (0, -1)
shiftxy (-1, 0)
shiftxy (-1, -1)
shiftxy (-1, 0)
shiftxy (-1, -1)
shiftxy (-1, 0)
shiftxy (0, -1)
shiftxy (-1, 0)
shiftxy (0, -1)
shiftxy (-1, 0)
shiftxy (0, -1)
shiftxy (-1, 0)
shiftxy (0, -1)
shiftxy (-1, 0)
shiftxy (-1, -1)
shiftxy (0, -1)
shiftxy (-1, 0)
shiftxy (0, -1)
shiftxy (-1, 0)
shiftxy (0, -1)
shiftxy (-1, 0)
shiftxy (0, -1)
shiftxy (-1, -1)
shiftxy (0, -1)
shiftxy (-1, 0)
shiftxy (0, -1)
shiftxy (0, -1)
shiftxy (-1, 0)
shiftxy (0, -1)
shiftxy (-1, -1)
shiftxy (0, -1)
shiftxy (-1, -1)
shiftxy (0, -1)
shiftxy (0, -1)
shiftxy (-1, 0)
shiftxy (0, -1)
shiftxy (0, -1)
shiftxy (0, -1)
shiftxy (-1, 0)
shiftxy (0, -1)
shiftxy (0, -1)
shiftxy (0, -1)
shiftxy (-1, 0)
shiftxy (0, -1)
shiftxy (0, -1)
pu
shiftxy (0, -1)
pd
shiftxy (0, -1)
shiftxy (-1, 0)
shiftxy (0, -1)
shiftxy (0, -1)
shiftxy (0, -1)
shiftxy (0, -1)
shiftxy (0, -1)
shiftxy (0, -1)
shiftxy (0, -1)
shiftxy (0, -1)
shiftxy (0, -1)
shiftxy (0, -1)
shiftxy (0, -1)
shiftxy (0, -1)
shiftxy (0, -1)
shiftxy (0, -1)
shiftxy (0, -1)
shiftxy (0, -1)
shiftxy (0, -1)
shiftxy (0, -1)
shiftxy (0, -1)
shiftxy (0, -1)
shiftxy (0, -1)
shiftxy (0, -1)
shiftxy (0, -1)
shiftxy (0, -1)
shiftxy (0, -1)
shiftxy (0, -1)
shiftxy (1, 0)
shiftxy (0, -1)
shiftxy (0, -1)
pd
shiftxy (1, 0)
shiftxy (1, -1)
shiftxy (1, 0)
shiftxy (1, 0)
shiftxy (1, 0)
shiftxy (1, 0)
shiftxy (1, 0)
shiftxy (1, 0)
shiftxy (1, 0)
shiftxy (1, 0)
shiftxy (1, 0)
shiftxy (1, 0)
shiftxy (1, 0)
shiftxy (1, 0)
shiftxy (1, 0)
shiftxy (1, 0)
shiftxy (1, 0)
shiftxy (1, 0)
shiftxy (1, 0)
shiftxy (1, 0)
shiftxy (1, 0)
shiftxy (1, 0)
shiftxy (1, 0)
shiftxy (1, 0)
shiftxy (1, 0)
shiftxy (1, 0)
shiftxy (1, 0)
shiftxy (1, 1)
shiftxy (1, 0)
pd
shiftxy (1, 0)
shiftxy (1, 0)
shiftxy (1, 0)
shiftxy (0, 1)
shiftxy (1, 0)
shiftxy (1, 0)
shiftxy (1, 0)
shiftxy (1, 1)
shiftxy (1, 0)
shiftxy (1, 0)
shiftxy (0, 1)
shiftxy (1, 0)
shiftxy (1, 0)
shiftxy (0, 1)
shiftxy (1, 0)
shiftxy (1, 0)
shiftxy (1, 1)
shiftxy (1, 0)
shiftxy (0, 1)
shiftxy (1, 0)
shiftxy (1, 0)
shiftxy (0, 1)
shiftxy (1, 0)
shiftxy (1, 1)
shiftxy (1, 0)
shiftxy (0, 1)
shiftxy (1, 0)
shiftxy (0, 1)
shiftxy (1, 0)
shiftxy (0, 1)
shiftxy (1, 0)
shiftxy (1, 1)
shiftxy (1, 1)
shiftxy (0, 1)
shiftxy (1, 0)
shiftxy (0, 1)
shiftxy (1, 0)
shiftxy (0, 1)
shiftxy (1, 0)
shiftxy (0, 1)
shiftxy (0, 1)
shiftxy (1, 0)
shiftxy (0, 1)
shiftxy (1, 0)
shiftxy (0, 1)
shiftxy (0, 1)
pu
shiftxy (1, 0)
pd
shiftxy (0, 1)
shiftxy (0, 1)
shiftxy (1, 0)
shiftxy (0, 1)
shiftxy (0, 1)
shiftxy (0, 1)
shiftxy (1, 0)
shiftxy (0, 1)
shiftxy (0, 1)
shiftxy (0, 1)
shiftxy (0, 1)
shiftxy (1, 0)
shiftxy (0, 1)
shiftxy (0, 1)
shiftxy (0, 1)
shiftxy (0, 1)
shiftxy (0, 1)
shiftxy (0, 1)
pd
shiftxy (0, 1)
shiftxy (0, 1)
shiftxy (0, 1)
shiftxy (0, 1)
shiftxy (0, 1)
shiftxy (0, 1)
shiftxy (0, 1)
shiftxy (0, 1)
shiftxy (0, 1)
shiftxy (-1, 0)
shiftxy (0, 1)
shiftxy (0, 1)
shiftxy (-1, 0)
shiftxy (-1, 0)
shiftxy (-1, 0)
shiftxy (-1, 0)
shiftxy (0, -1)
shiftxy (-1, 0)
shiftxy (0, -1)
shiftxy (-1, 0)
shiftxy (0, -1)
shiftxy (-1, 0)
shiftxy (0, -1)
shiftxy (-1, 0)
pd
shiftxy (0, -1)
shiftxy (-1, 0)
shiftxy (0, -1)
shiftxy (-1, 0)
shiftxy (0, -1)
shiftxy (-1, 0)
shiftxy (0, -1)
shiftxy (-1, 0)
shiftxy (0, -1)
shiftxy (-1, 0)
shiftxy (-1, 0)
shiftxy (0, -1)
shiftxy (-1, 0)
shiftxy (0, -1)
shiftxy (-1, 0)
shiftxy (-1, 0)
shiftxy (-1, -1)
shiftxy (-1, 0)
shiftxy (-1, 0)
shiftxy (-1, 0)
shiftxy (-1, 0)
shiftxy (0, -1)
shiftxy (-1, 0)
pd
shiftxy (-5, 0)
pd
shiftxy (0, 5)
pd
shiftxy (0, 1)
shiftxy (1, 0)
shiftxy (0, 1)
shiftxy (0, 1)
shiftxy (0, 1)
shiftxy (0, 1)
shiftxy (0, 1)
shiftxy (1, 0)
shiftxy (0, 1)
shiftxy (0, 1)
shiftxy (1, 0)
shiftxy (0, 1)
shiftxy (1, 1)
shiftxy (0, 1)
shiftxy (1, 0)
shiftxy (0, 1)
shiftxy (1, 0)
shiftxy (0, 1)
shiftxy (1, 0)
shiftxy (0, 1)
shiftxy (1, 0)
pu
shiftxy (0, 1)
pd
shiftxy (1, 0)
shiftxy (1, 1)
shiftxy (1, 1)
shiftxy (0, 1)
shiftxy (1, 0)
shiftxy (0, 1)
shiftxy (1, 0)
shiftxy (0, 1)
shiftxy (0, 1)
shiftxy (0, 1)
shiftxy (0, 1)
shiftxy (-1, 0)
pd
shiftxy (-1, 0)
shiftxy (-1, 1)
shiftxy (-1, 0)
shiftxy (-1, 0)
shiftxy (-1, 0)
shiftxy (-1, 0)
shiftxy (-1, 0)
shiftxy (-1, 0)
shiftxy (-1, 0)
shiftxy (-1, 0)
shiftxy (-1, 0)
shiftxy (-1, 0)
shiftxy (-1, 0)
shiftxy (-1, 0)
shiftxy (-1, 0)
shiftxy (0, -1)
shiftxy (-1, 0)
shiftxy (-1, 0)
shiftxy (-1, 0)
shiftxy (-1, 0)
pu
shiftxy (5, -9)
pd
shiftxy (-1, 0)
shiftxy (0, -1)
shiftxy (0, -1)
shiftxy (-1, 0)
shiftxy (0, -1)
shiftxy (0, -1)
shiftxy (-1, 0)
shiftxy (0, -1)
shiftxy (0, -1)
shiftxy (0, -1)
shiftxy (-1, 0)
shiftxy (0, -1)
shiftxy (0, -1)
shiftxy (0, -1)
shiftxy (0, -1)
shiftxy (-1, 0)
shiftxy (0, -1)
shiftxy (0, -1)
shiftxy (0, -1)
shiftxy (0, -1)
shiftxy (0, -1)
shiftxy (0, -1)
shiftxy (0, -1)
shiftxy (0, -1)
shiftxy (0, -1)
shiftxy (1, 0)
shiftxy (0, -1)
shiftxy (0, -1)
pd
shiftxy (0, -1)
shiftxy (1, 0)
shiftxy (0, -1)
shiftxy (1, 0)
shiftxy (1, 0)
shiftxy (0, -1)
shiftxy (1, 0)
shiftxy (1, 0)
shiftxy (1, 0)
shiftxy (0, -1)
shiftxy (1, 0)
shiftxy (1, 0)
shiftxy (1, 0)
shiftxy (1, 0)
shiftxy (1, 0)
shiftxy (1, 0)
shiftxy (1, 0)
shiftxy (1, 1)
shiftxy (1, 0)
shiftxy (1, 0)
shiftxy (1, 0)
shiftxy (1, 0)
shiftxy (0, 1)
shiftxy (1, 0)
shiftxy (1, 0)
shiftxy (1, 0)
shiftxy (0, 1)
shiftxy (1, 0)
shiftxy (1, 0)
shiftxy (0, 1)
shiftxy (1, 0)
pd
shiftxy (4, 2)
pd
shiftxy (0, -2)
pd
shiftxy (0, -1)
shiftxy (-1, 0)
shiftxy (0, -1)
shiftxy (0, -1)
shiftxy (0, -1)
shiftxy (-1, 0)
shiftxy (0, -1)
shiftxy (0, -1)
shiftxy (-1, 0)
shiftxy (0, -1)
shiftxy (0, -1)
shiftxy (-1, 0)
shiftxy (0, -1)
shiftxy (-1, -1)
shiftxy (0, -1)
shiftxy (-1, 0)
shiftxy (0, -1)
shiftxy (-1, 0)
shiftxy (0, -1)
shiftxy (-1, 0)
shiftxy (0, -1)
shiftxy (-1, 0)
shiftxy (0, -1)
pd
shiftxy (-1, 0)
shiftxy (0, -1)
shiftxy (-1, 0)
shiftxy (0, -1)
shiftxy (-1, 0)
shiftxy (0, -1)
shiftxy (-1, 0)
shiftxy (-1, 0)
shiftxy (0, -1)
shiftxy (-1, 0)
shiftxy (0, -1)
shiftxy (-1, 0)
shiftxy (-1, 0)
shiftxy (-1, -1)
shiftxy (-1, 0)
shiftxy (-1, -1)
shiftxy (-1, 0)
shiftxy (-1, 0)
shiftxy (0, -1)
shiftxy (-1, 0)
shiftxy (-1, 0)
shiftxy (-1, 0)
shiftxy (0, -1)
shiftxy (-1, 0)
shiftxy (-1, 0)
shiftxy (-1, 0)
pd
shiftxy (-1, 0)
shiftxy (0, -1)
shiftxy (-1, 0)
shiftxy (-1, 0)
shiftxy (-1, 0)
shiftxy (-1, 0)
shiftxy (-1, 0)
shiftxy (-1, 0)
shiftxy (-1, 0)
shiftxy (-1, 0)
shiftxy (-1, 0)
shiftxy (-1, 0)
shiftxy (-1, 0)
shiftxy (-1, 0)
shiftxy (-1, 0)
shiftxy (-1, 0)
shiftxy (-1, 0)
shiftxy (-1, 0)
shiftxy (-1, 0)
shiftxy (-1, 0)
shiftxy (-1, 0)
shiftxy (-1, 0)
shiftxy (-1, 0)
pd
shiftxy (0, 1)
shiftxy (0, 1)
shiftxy (0, 1)
shiftxy (-1, 1)
shiftxy (0, 1)
shiftxy (0, 1)
shiftxy (0, 1)
shiftxy (0, 1)
shiftxy (1, 0)
shiftxy (0, 1)
shiftxy (0, 1)
shiftxy (0, 1)
shiftxy (0, 1)
shiftxy (0, 1)
shiftxy (0, 1)
shiftxy (0, 1)
shiftxy (0, 1)
shiftxy (0, 1)
shiftxy (0, 1)
shiftxy (0, 1)
shiftxy (0, 1)
shiftxy (1, 0)
shiftxy (0, 1)
shiftxy (0, 1)
shiftxy (0, 1)
shiftxy (0, 1)
pd
shiftxy (0, 1)
shiftxy (1, 0)
shiftxy (0, 1)
shiftxy (0, 1)
shiftxy (0, 1)
shiftxy (1, 0)
shiftxy (0, 1)
shiftxy (0, 1)
shiftxy (1, 1)
shiftxy (0, 1)
shiftxy (0, 1)
shiftxy (1, 0)
shiftxy (0, 1)
shiftxy (0, 1)
shiftxy (1, 0)
shiftxy (0, 1)
shiftxy (1, 0)
shiftxy (0, 1)
shiftxy (0, 1)
shiftxy (1, 0)
shiftxy (0, 1)
shiftxy (1, 0)
shiftxy (0, 1)
shiftxy (1, 0)
shiftxy (0, 1)
pd
shiftxy (1, 0)
shiftxy (0, 1)
shiftxy (1, 0)
shiftxy (0, 1)
shiftxy (1, 0)
shiftxy (0, 1)
shiftxy (1, 0)
shiftxy (0, 1)
shiftxy (1, 0)
shiftxy (1, 1)
shiftxy (1, 0)
shiftxy (0, 1)
shiftxy (1, 0)
shiftxy (1, 0)
shiftxy (0, 1)
shiftxy (1, 0)
shiftxy (1, 0)
shiftxy (0, 1)
shiftxy (1, 0)
shiftxy (1, 0)
shiftxy (1, 0)
shiftxy (0, 1)
shiftxy (1, 0)
pu
shiftxy (1, 0)
pd
shiftxy (2, 0)
pd
shiftxy (-2, -3)
pu