shiftxy (4835, 7561)
pd
shiftxy (-76, -87)
pd
shiftxy (-181, 79)
pu
shiftxy (45, 32)
pd
shiftxy (-45, 8)
pd
shiftxy (-83, 23)
pd
shiftxy (46, 183)
pd
shiftxy (113, 24)
pd
shiftxy (22, 111)
pd
shiftxy (46, -24)
pu
shiftxy (-91, -119)
pd
shiftxy (-8, 127)
pd
shiftxy (-180, -48)
pu
shiftxy (30, 0)
pd
shiftxy (68, 191)
pu
shiftxy (-38, 341)
pd
shiftxy (-45, 182)
pd
shiftxy (-211, -24)
pd
shiftxy (-68, 0)
pd
shiftxy (188, -23)
pd
shiftxy (181, -8)
pd
shiftxy (174, -143)
pd
shiftxy (180, -72)
pu
shiftxy (-113, 64)
pd
shiftxy (-226, 190)
pd
shiftxy (113, 48)
pd
shiftxy (68, 24)
pd
shiftxy (60, 0)
pd
shiftxy (114, -95)
pd
shiftxy (196, 71)
pd
shiftxy (37, -222)
pd
shiftxy (272, 143)
pd
shiftxy (98, 47)
pu
shiftxy (7, 0)
pd
shiftxy (-120, -63)
pd
shiftxy (-68, 95)
pd
shiftxy (0, -190)
pu
shiftxy (128, -72)
pd
shiftxy (-151, 48)
pd
shiftxy (-271, 63)
pd
shiftxy (-53, 143)
pd
shiftxy (-45, 0)
pd
shiftxy (135, 48)
pd
shiftxy (38, -167)
pd
shiftxy (173, 103)
pd
shiftxy (83, -230)
pd
shiftxy (174, 0)
pd
shiftxy (181, -71)
pd
shiftxy (7, 135)
pu
shiftxy (-452, 238)
pd
shiftxy (-83, -24)
pd
shiftxy (-90, -191)
pu
shiftxy (-257, 40)
pd
shiftxy (-135, 183)
pd
shiftxy (-234, -32)
pd
shiftxy (-181, -175)
pd
shiftxy (-181, 72)
pd
shiftxy (-181, 15)
pd
shiftxy (23, 96)
pd
shiftxy (67, -72)
pd
shiftxy (181, 64)
pd
shiftxy (91, -191)
pu
shiftxy (-8, -793)
pd
shiftxy (136, -63)
pd
shiftxy (-68, -191)
pd
shiftxy (-136, 40)
pu
shiftxy (-37, -24)
pd
shiftxy (-98, 0)
pd
shiftxy (0, 190)
pd
shiftxy (15, 48)
pd
shiftxy (136, 103)
pd
shiftxy (-159, 198)
pd
shiftxy (181, 72)
pu
shiftxy (143, -325)
pd
shiftxy (-158, -8)
pd
shiftxy (-45, -254)
pd
shiftxy (-15, -72)
pd
shiftxy (-189, 72)
pd
shiftxy (-158, 24)
pd
shiftxy (-189, 95)
pd
shiftxy (-120, -167)
pd
shiftxy (-166, 95)
pd
shiftxy (-45, 238)
pd
shiftxy (-144, 64)
pd
shiftxy (-30, -48)
pd
shiftxy (-22, -55)
pd
shiftxy (-181, 95)
pd
shiftxy (45, -40)
pd
shiftxy (166, -143)
pd
shiftxy (-128, -119)
pd
shiftxy (7, -182)
pd
shiftxy (-158, -87)
pd
shiftxy (45, -96)
pd
shiftxy (45, -190)
pd
shiftxy (46, -87)
pd
shiftxy (286, -191)
pd
shiftxy (-113, 72)
pu
shiftxy (38, -135)
pd
shiftxy (181, -71)
pd
shiftxy (37, -191)
pd
shiftxy (136, -47)
pd
shiftxy (173, -119)
pd
shiftxy (114, 71)
pd
shiftxy (45, 71)
pd
shiftxy (203, -95)
pu
shiftxy (-90, 127)
pd
shiftxy (60, -24)
pd
shiftxy (-90, 48)
pd
shiftxy (-76, 71)
pd
shiftxy (-7, 191)
pd
shiftxy (15, 166)
pd
shiftxy (-23, 191)
pd
shiftxy (45, 190)
pd
shiftxy (-180, 56)
pd
shiftxy (-136, 71)
pd
shiftxy (-158, 238)
pd
shiftxy (45, 56)
pd
shiftxy (203, 134)
pd
shiftxy (-105, 119)
pu
shiftxy (181, -380)
pd
shiftxy (-46, 63)
pd
shiftxy (91, 198)
pd
shiftxy (90, -190)
pd
shiftxy (91, 79)
pd
shiftxy (-8, -47)
pd
shiftxy (113, 143)
pu
shiftxy (8, 8)
pd
shiftxy (45, -191)
pu
shiftxy (-203, -159)
pd
shiftxy (-8, 199)
pd
shiftxy (-90, 95)
pd
shiftxy (-23, 127)
pd
shiftxy (45, 127)
pd
shiftxy (-22, 103)
pu
shiftxy (256, -1016)
pd
shiftxy (317, 24)
pd
shiftxy (105, 24)
pd
shiftxy (151, 127)
pu
shiftxy (-294, -643)
pd
shiftxy (-181, -142)
pd
shiftxy (-23, -48)
pd
shiftxy (-135, 238)
pd
shiftxy (-98, -48)
pd
shiftxy (90, -127)
pd
shiftxy (38, -277)
pd
shiftxy (68, -167)
pd
shiftxy (233, -55)
pd
shiftxy (68, -183)
pd
shiftxy (181, -174)
pd
shiftxy (-158, -24)
pd
shiftxy (128, -167)
pd
shiftxy (-45, -143)
pd
shiftxy (-23, -142)
pd
shiftxy (-45, -286)
pd
shiftxy (-181, 24)
pu
shiftxy (-234, -103)
pd
shiftxy (-22, 23)
pd
shiftxy (68, -111)
pd
shiftxy (-189, -23)
pu
shiftxy (204, -72)
pd
shiftxy (-136, -119)
pd
shiftxy (-181, 214)
pd
shiftxy (-151, 167)
pd
shiftxy (-173, 135)
pd
shiftxy (-151, 143)
pd
shiftxy (-181, 150)
pd
shiftxy (158, -127)
pd
shiftxy (249, -214)
pd
shiftxy (204, -119)
pd
shiftxy (105, -206)
pd
shiftxy (113, -190)
pu
shiftxy (46, -246)
pd
shiftxy (-68, 182)
pd
shiftxy (-121, 190)
pd
shiftxy (-188, 191)
pd
shiftxy (-294, 190)
pd
shiftxy (-370, 191)
pu
shiftxy (603, 135)
pd
shiftxy (113, -167)
pd
shiftxy (-120, 190)
pd
shiftxy (-68, 183)
pd
shiftxy (-136, 190)
pd
shiftxy (0, 207)
pd
shiftxy (45, 198)
pd
shiftxy (-158, 95)
pd
shiftxy (174, -48)
pu
shiftxy (-23, -63)
pd
shiftxy (-45, -206)
pu
shiftxy (7, -95)
pd
shiftxy (8, -80)
pd
shiftxy (105, -174)
pd
shiftxy (30, 182)
pd
shiftxy (121, 143)
pu
shiftxy (-38, -119)
pd
shiftxy (23, -48)
pd
shiftxy (8, -238)
pd
shiftxy (-23, -127)
pu
shiftxy (203, 730)
pd
shiftxy (-30, 191)
pd
shiftxy (-294, 190)
pd
shiftxy (23, 95)
pd
shiftxy (-38, 191)
pd
shiftxy (53, 0)
pd
shiftxy (-45, 190)
pd
shiftxy (158, 24)
pd
shiftxy (-68, 214)
pd
shiftxy (53, 198)
pd
shiftxy (-188, 143)
pd
shiftxy (211, 24)
pd
shiftxy (22, 87)
pd
shiftxy (-30, 191)
pd
shiftxy (-90, 47)
pd
shiftxy (45, 191)
pd
shiftxy (-76, 24)
pd
shiftxy (83, -135)
pd
shiftxy (174, -64)
pd
shiftxy (83, 119)
pd
shiftxy (45, 72)
pd
shiftxy (188, -103)
pu
shiftxy (-256, -921)
pd
shiftxy (189, -24)
pd
shiftxy (181, 24)
pd
shiftxy (188, 48)
pd
shiftxy (181, 63)
pd
shiftxy (181, 72)
pd
shiftxy (181, 47)
pd
shiftxy (181, 48)
pu
shiftxy (573, -659)
pd
shiftxy (-136, -47)
pd
shiftxy (-90, -191)
pu
shiftxy (-310, -452)
pd
shiftxy (-180, -143)
pu
shiftxy (-121, 381)
pd
shiftxy (-181, -111)
pu
shiftxy (-113, -32)
pd
shiftxy (271, 72)
pd
shiftxy (-68, 71)
pu
shiftxy (31, -87)
pd
shiftxy (-23, -143)
pd
shiftxy (-181, -48)
pu
shiftxy (8, 8)
pd
shiftxy (67, 183)
pd
shiftxy (227, 24)
pd
shiftxy (158, 0)
pd
shiftxy (53, -96)
pd
shiftxy (188, 48)
pd
shiftxy (53, 143)
pd
shiftxy (181, 230)
pd
shiftxy (151, 206)
pu
shiftxy (256, -55)
pd
shiftxy (-181, -80)
pd
shiftxy (-113, 64)
pd
shiftxy (-181, -56)
pd
shiftxy (-45, -357)
pd
shiftxy (-317, -71)
pd
shiftxy (-203, -16)
pd
shiftxy (-61, -167)
pd
shiftxy (-105, 56)
pd
shiftxy (-15, -143)
pd
shiftxy (-23, -119)
pd
shiftxy (-45, 87)
pd
shiftxy (-204, 96)
pd
shiftxy (-151, 198)
pd
shiftxy (-188, 55)
pu
shiftxy (106, 492)
pd
shiftxy (-189, 143)
pd
shiftxy (-204, -143)
pd
shiftxy (-135, 278)
pd
shiftxy (-98, -135)
pd
shiftxy (128, -166)
pd
shiftxy (-91, 71)
pd
shiftxy (0, -143)
pu
shiftxy (-309, 373)
pd
shiftxy (0, 190)
pd
shiftxy (144, 48)
pd
shiftxy (-136, 24)
pd
shiftxy (0, 190)
pd
shiftxy (-30, 191)
pd
shiftxy (0, 95)
pd
shiftxy (-38, 246)
pd
shiftxy (23, 71)
pd
shiftxy (-91, 24)
pu
shiftxy (60, -373)
pd
shiftxy (-90, -47)
pd
shiftxy (-45, -48)
pd
shiftxy (-15, 40)
pd
shiftxy (75, -183)
pd
shiftxy (-90, -24)
pd
shiftxy (-106, -87)
pd
shiftxy (166, -309)
pd
shiftxy (-181, 0)
pu
shiftxy (113, 103)
pd
shiftxy (-136, 119)
pd
shiftxy (-128, 166)
pd
shiftxy (-181, -103)
pu
shiftxy (340, 540)
pd
shiftxy (-181, 95)
pu
shiftxy (-664, 32)
pd
shiftxy (23, 190)
pd
shiftxy (22, 191)
pu
shiftxy (-346, 404)
pd
shiftxy (60, -166)
pd
shiftxy (-189, 31)
pu
shiftxy (-105, -404)
pd
shiftxy (-83, -215)
pd
shiftxy (0, -95)
pd
shiftxy (38, -190)
pd
shiftxy (135, -191)
pd
shiftxy (-113, -95)
pd
shiftxy (159, -182)
pd
shiftxy (45, -191)
pd
shiftxy (143, -23)
pd
shiftxy (113, 55)
pd
shiftxy (-181, 87)
pu
shiftxy (-452, 175)
pd
shiftxy (188, -95)
pd
shiftxy (136, 47)
pd
shiftxy (181, -341)
pd
shiftxy (234, 103)
pd
shiftxy (181, -119)
pd
shiftxy (22, 95)
pu
shiftxy (-558, -491)
pd
shiftxy (-181, -8)
pd
shiftxy (-181, 63)
pd
shiftxy (91, 24)
pd
shiftxy (377, -95)
pd
shiftxy (226, -119)
pd
shiftxy (-188, 71)
pd
shiftxy (-181, 143)
pd
shiftxy (-174, -16)
pu
shiftxy (45, -254)
pd
shiftxy (181, -71)
pd
shiftxy (68, 127)
pd
shiftxy (-181, 55)
pd
shiftxy (53, -119)
pd
shiftxy (-90, -24)
pd
shiftxy (-15, 127)
pd
shiftxy (-114, 80)
pd
shiftxy (-90, 190)
pd
shiftxy (0, 191)
pd
shiftxy (-53, 198)
pd
shiftxy (8, 182)
pd
shiftxy (-46, 191)
pd
shiftxy (114, 143)
pd
shiftxy (0, 166)
pd
shiftxy (-31, 214)
pd
shiftxy (46, 88)
pd
shiftxy (45, 135)
pd
shiftxy (45, 190)
pd
shiftxy (68, 198)
pd
shiftxy (30, 199)
pu
shiftxy (309, -746)
pd
shiftxy (-22, -151)
pd
shiftxy (67, -24)
pd
shiftxy (-90, -31)
pd
shiftxy (-181, 214)
pd
shiftxy (-68, -143)
pd
shiftxy (91, -71)
pd
shiftxy (52, -96)
pd
shiftxy (91, -190)
pd
shiftxy (-60, 95)
pd
shiftxy (-189, 0)
pu
shiftxy (-7, 0)
pd
shiftxy (-68, 183)
pd
shiftxy (113, 198)
pu
shiftxy (-407, -420)
pd
shiftxy (181, 111)
pd
shiftxy (181, -96)
pd
shiftxy (83, -261)
pu
shiftxy (90, 388)
pd
shiftxy (-181, -23)
pd
shiftxy (-234, 198)
pd
shiftxy (-173, 71)
pd
shiftxy (-181, -24)
pu
shiftxy (-309, -47)
pd
shiftxy (-15, 166)
pd
shiftxy (68, 183)
pd
shiftxy (75, 182)
pd
shiftxy (23, 183)
pd
shiftxy (181, -238)
pd
shiftxy (226, 95)
pu
shiftxy (-294, 159)
pd
shiftxy (22, -191)
pd
shiftxy (-271, -309)
pu
shiftxy (-91, -206)
pd
shiftxy (8, 190)
pd
shiftxy (68, 183)
pd
shiftxy (68, 190)
pd
shiftxy (15, 182)
pu
shiftxy (105, -158)
pd
shiftxy (-15, -191)
pd
shiftxy (-22, -198)
pd
shiftxy (-68, -198)
pd
shiftxy (-38, -119)
pd
shiftxy (-60, -48)
pd
shiftxy (22, -190)
pu
shiftxy (988, -1690)
pd
shiftxy (-113, 190)
pd
shiftxy (-98, -127)
pd
shiftxy (-234, 183)
pd
shiftxy (38, -48)
pd
shiftxy (249, -119)
pd
shiftxy (105, 0)
pd
shiftxy (113, -8)
pd
shiftxy (181, -174)
pd
shiftxy (61, 71)
pd
shiftxy (181, -48)
pd
shiftxy (90, -71)
pu
shiftxy (-151, -79)
pd
shiftxy (-181, 39)
pd
shiftxy (-181, 72)
pd
shiftxy (-181, -24)
pu
shiftxy (242, -1174)
pd
shiftxy (188, -48)
pd
shiftxy (181, -16)
pd
shiftxy (189, -47)
pd
shiftxy (188, -16)
pu
shiftxy (-166, -413)
pd
shiftxy (-181, 8)
pd
shiftxy (-181, 32)
pd
shiftxy (-181, 48)
pd
shiftxy (-181, 47)
pu
shiftxy (-105, 8)
pd
shiftxy (-241, 190)
pd
shiftxy (135, -142)
pd
shiftxy (181, -56)
pd
shiftxy (181, -143)
pd
shiftxy (189, -55)
pd
shiftxy (181, -48)
pd
shiftxy (173, 24)
pd
shiftxy (189, 71)
pd
shiftxy (181, -31)
pu
shiftxy (-370, -429)
pd
shiftxy (-181, 72)
pd
shiftxy (-317, 0)
pd
shiftxy (-173, -72)
pu
shiftxy (-38, -24)
pd
shiftxy (181, -23)
pd
shiftxy (242, -72)
pu
shiftxy (15, -135)
pd
shiftxy (-174, 0)
pd
shiftxy (-181, 0)
pu
shiftxy (-233, 103)
pd
shiftxy (22, -23)
pd
shiftxy (-45, 214)
pd
shiftxy (113, 55)
pd
shiftxy (181, 48)
pu
shiftxy (53, -32)
pd
shiftxy (-174, -174)
pd
shiftxy (23, -151)
pd
shiftxy (-8, -24)
pd
shiftxy (-180, 278)
pu
shiftxy (60, 666)
pd
shiftxy (181, -23)
pd
shiftxy (188, -24)
pd
shiftxy (181, -32)
pd
shiftxy (181, -24)
pd
shiftxy (189, -55)
pd
shiftxy (181, 55)
pu
shiftxy (-279, -777)
pd
shiftxy (-136, 23)
pd
shiftxy (-143, 80)
pd
shiftxy (68, 0)
pd
shiftxy (226, -119)
pd
shiftxy (-46, -199)
pu
shiftxy (-15, -523)
pd
shiftxy (181, -167)
pd
shiftxy (189, -55)
pd
shiftxy (181, 0)
pd
shiftxy (188, 47)
pd
shiftxy (181, 72)
pu
shiftxy (-128, 71)
pd
shiftxy (-188, -71)
pu
shiftxy (15, -8)
pd
shiftxy (-23, 190)
pu
shiftxy (-271, -277)
pd
shiftxy (-302, 190)
pd
shiftxy (68, 71)
pd
shiftxy (188, 72)
pd
shiftxy (181, -24)
pd
shiftxy (196, -56)
pd
shiftxy (181, -23)
pd
shiftxy (174, -8)
pu
shiftxy (723, 238)
pd
shiftxy (114, -143)
pd
shiftxy (22, 143)
pd
shiftxy (91, 71)
pd
shiftxy (45, 190)
pd
shiftxy (-8, 199)
pd
shiftxy (-128, 190)
pd
shiftxy (45, 222)
pu
shiftxy (46, -206)
pd
shiftxy (-38, -190)
pd
shiftxy (23, -191)
pd
shiftxy (-129, -47)
pd
shiftxy (-173, 23)
pu
shiftxy (68, -150)
pd
shiftxy (181, -95)
pu
shiftxy (-23, -119)
pd
shiftxy (181, -24)
pu
shiftxy (-105, -56)
pd
shiftxy (180, 191)
pd
shiftxy (-15, 190)
pd
shiftxy (-22, 182)
pd
shiftxy (-68, 191)
pd
shiftxy (-83, 40)
pu
shiftxy (-302, 127)
pd
shiftxy (0, 198)
pd
shiftxy (61, 119)
pd
shiftxy (181, -48)
pu
shiftxy (68, -31)
pd
shiftxy (52, -151)
pd
shiftxy (-181, 143)
pd
shiftxy (-181, -143)
pu
shiftxy (-263, -1698)
pd
shiftxy (-8, -452)
pu
shiftxy (-151, 47)
pd
shiftxy (53, 191)
pd
shiftxy (60, 182)
pd
shiftxy (0, 199)
pu
shiftxy (468, 563)
pd
shiftxy (-53, 71)
pd
shiftxy (90, -198)
pd
shiftxy (121, -190)
pd
shiftxy (-7, -191)
pd
shiftxy (-68, -143)
pd
shiftxy (-23, 238)
pd
shiftxy (23, -150)
pd
shiftxy (37, -215)
pd
shiftxy (8, -166)
pd
shiftxy (-91, -24)
pd
shiftxy (46, -190)
pd
shiftxy (-46, -191)
pd
shiftxy (-226, -333)
pd
shiftxy (-181, -333)
pd
shiftxy (-181, -191)
pu
shiftxy (0, 16)
pd
shiftxy (46, 191)
pd
shiftxy (113, 0)
pd
shiftxy (135, 198)
pd
shiftxy (76, 190)
pd
shiftxy (90, 199)
pd
shiftxy (30, 190)
pd
shiftxy (0, 190)
pd
shiftxy (0, 191)
pd
shiftxy (-45, -8)
pu
shiftxy (-166, -159)
pd
shiftxy (-22, -182)
pd
shiftxy (0, -191)
pd
shiftxy (-159, -285)
pd
shiftxy (-158, -214)
pd
shiftxy (-188, -334)
pd
shiftxy (-181, -214)
pu
shiftxy (0, 8)
pd
shiftxy (135, 190)
pd
shiftxy (136, 191)
pd
shiftxy (91, 182)
pd
shiftxy (75, 199)
pu
shiftxy (-151, 0)
pd
shiftxy (-68, -191)
pd
shiftxy (-120, -285)
pd
shiftxy (-181, -151)
pu
shiftxy (37, 40)
pd
shiftxy (181, 380)
pu
shiftxy (347, -230)
pd
shiftxy (181, 286)
pu
shiftxy (181, -127)
pd
shiftxy (-181, -214)
pd
shiftxy (-181, -191)
pd
shiftxy (-181, -119)
pd
shiftxy (-188, -111)
pu
shiftxy (0, -23)
pd
shiftxy (294, 190)
pd
shiftxy (181, 198)
pd
shiftxy (181, 191)
pu
shiftxy (-249, -8)
pd
shiftxy (113, 190)
pd
shiftxy (90, 199)
pd
shiftxy (68, 198)
pd
shiftxy (46, 198)
pd
shiftxy (0, 191)
pd
shiftxy (-38, 198)
pd
shiftxy (38, 198)
pd
shiftxy (7, 191)
pd
shiftxy (-45, 182)
pu
shiftxy (-694, -531)
pd
shiftxy (-181, -262)
pd
shiftxy (-181, -429)
pd
shiftxy (-294, -444)
pu
shiftxy (-105, -174)
pd
shiftxy (181, 55)
pd
shiftxy (-31, 24)
pd
shiftxy (114, 119)
pd
shiftxy (45, 190)
pd
shiftxy (38, 191)
pd
shiftxy (67, 190)
pd
shiftxy (91, 191)
pd
shiftxy (113, 182)
pd
shiftxy (143, 198)
pu
shiftxy (-120, -531)
pd
shiftxy (-204, -302)
pu
shiftxy (196, 349)
pd
shiftxy (-60, -190)
pd
shiftxy (-46, -182)
pd
shiftxy (-67, -199)
pd
shiftxy (-113, -309)
pu
shiftxy (0, -111)
pd
shiftxy (60, 190)
pd
shiftxy (60, 198)
pd
shiftxy (-45, 191)
pd
shiftxy (38, 190)
pd
shiftxy (83, 199)
pu
shiftxy (-91, 626)
pd
shiftxy (-188, -23)
pd
shiftxy (-181, -24)
pd
shiftxy (-181, -48)
pu
shiftxy (543, -325)
pd
shiftxy (-76, -191)
pd
shiftxy (-75, -190)
pd
shiftxy (-91, -190)
pd
shiftxy (-68, -191)
pd
shiftxy (-90, -190)
pd
shiftxy (45, -80)
pd
shiftxy (-211, -238)
pu
shiftxy (-23, 88)
pd
shiftxy (-45, 285)
pd
shiftxy (38, 191)
pd
shiftxy (68, 190)
pu
shiftxy (256, 429)
pd
shiftxy (0, -119)
pd
shiftxy (-15, -191)
pd
shiftxy (-75, -190)
pd
shiftxy (-91, -103)
pd
shiftxy (-22, -183)
pd
shiftxy (-8, -190)
pd
shiftxy (-68, -199)
pd
shiftxy (128, -87)
pd
shiftxy (46, -24)
pd
shiftxy (-91, -31)
pd
shiftxy (53, -191)
pd
shiftxy (-272, 262)
pu
shiftxy (-90, -103)
pd
shiftxy (45, -48)
pd
shiftxy (-68, 183)
pd
shiftxy (-105, 190)
pd
shiftxy (22, 183)
pd
shiftxy (-45, 39)
pd
shiftxy (159, 95)
pd
shiftxy (-16, 199)
pd
shiftxy (76, 190)
pd
shiftxy (-8, 199)
pd
shiftxy (-45, 142)
pu
shiftxy (-369, -95)
pd
shiftxy (-113, 167)
pd
shiftxy (135, -191)
pd
shiftxy (45, -190)
pu
shiftxy (83, -508)
pd
shiftxy (23, -190)
pd
shiftxy (45, -64)
pu
shiftxy (-331, 16)
pd
shiftxy (-46, 48)
pd
shiftxy (113, 32)
pd
shiftxy (68, 206)
pd
shiftxy (113, 63)
pd
shiftxy (-22, -39)
pd
shiftxy (249, 238)
pu
shiftxy (-649, -199)
pd
shiftxy (45, -190)
pd
shiftxy (61, -198)
pd
shiftxy (-144, -215)
pd
shiftxy (-181, 238)
pd
shiftxy (-180, 397)
pu
shiftxy (113, 190)
pd
shiftxy (37, -190)
pd
shiftxy (46, -198)
pu
shiftxy (-204, -199)
pd
shiftxy (-98, 199)
pd
shiftxy (-90, 198)
pd
shiftxy (-76, 190)
pd
shiftxy (-60, 199)
pd
shiftxy (-45, 190)
pd
shiftxy (-76, 199)
pd
shiftxy (-22, 190)
pd
shiftxy (-23, 198)
pd
shiftxy (23, 183)
pd
shiftxy (45, 190)
pd
shiftxy (-113, 214)
pu
shiftxy (181, 357)
pd
shiftxy (181, -238)
pd
shiftxy (188, -71)
pd
shiftxy (181, -24)
pd
shiftxy (189, 56)
pd
shiftxy (37, 95)
pu
shiftxy (-181, 222)
pd
shiftxy (294, -182)
pd
shiftxy (159, -191)
pd
shiftxy (83, -135)
pd
shiftxy (-181, 262)
pd
shiftxy (-181, 191)
pd
shiftxy (-181, 71)
pd
shiftxy (-174, 71)
pd
shiftxy (-181, 16)
pd
shiftxy (-173, 24)
pu
shiftxy (354, -516)
pd
shiftxy (-294, 191)
pd
shiftxy (0, 143)
pd
shiftxy (-264, 190)
pd
shiftxy (136, -95)
pd
shiftxy (181, -119)
pd
shiftxy (23, 71)
pd
shiftxy (181, -24)
pd
shiftxy (113, -47)
pd
shiftxy (181, -40)
pu
shiftxy (-551, -754)
pd
shiftxy (-143, 191)
pd
shiftxy (91, -151)
pu
shiftxy (-385, -428)
pd
shiftxy (271, -357)
pd
shiftxy (189, -548)
pd
shiftxy (45, -285)
pd
shiftxy (158, -135)
pd
shiftxy (181, -191)
pu
shiftxy (15, -16)
pd
shiftxy (-188, 191)
pd
shiftxy (-181, 190)
pd
shiftxy (-151, 246)
pd
shiftxy (-90, 191)
pd
shiftxy (-91, 190)
pd
shiftxy (-45, 190)
pd
shiftxy (-15, 191)
pd
shiftxy (-136, 47)
pd
shiftxy (23, 183)
pd
shiftxy (23, 182)
pd
shiftxy (22, 191)
pd
shiftxy (-98, 293)
pd
shiftxy (38, 191)
pd
shiftxy (0, 190)
pd
shiftxy (68, 198)
pd
shiftxy (22, 183)
pd
shiftxy (0, 190)
pd
shiftxy (-7, 191)
pd
shiftxy (-23, 190)
pd
shiftxy (45, 48)
pd
shiftxy (38, 190)
pd
shiftxy (75, 238)
pd
shiftxy (68, 191)
pd
shiftxy (106, 190)
pd
shiftxy (158, 183)
pd
shiftxy (279, 190)
pd
shiftxy (302, 190)
pd
shiftxy (279, 199)
pd
shiftxy (-287, 190)
pd
shiftxy (-166, 190)
pd
shiftxy (-286, 191)
pd
shiftxy (-256, 71)
pd
shiftxy (-91, 191)
pd
shiftxy (-75, 190)
pd
shiftxy (-23, 191)
pd
shiftxy (-23, 190)
pd
shiftxy (-22, 190)
pd
shiftxy (0, 199)
pd
shiftxy (0, 190)
pd
shiftxy (0, 198)
pd
shiftxy (-15, 183)
pd
shiftxy (-8, 182)
pd
shiftxy (-15, 183)
pd
shiftxy (8, 190)
pd
shiftxy (0, 199)
pu
shiftxy (1462, -2880)
pd
shiftxy (-249, -334)
pd
shiftxy (-180, -95)
pd
shiftxy (-174, -119)
pd
shiftxy (-188, -95)
pd
shiftxy (-181, -135)
pd
shiftxy (-189, -166)
pd
shiftxy (-188, -310)
pu
shiftxy (-136, -341)
pd
shiftxy (-173, -333)
pu
shiftxy (165, 436)
pd
shiftxy (-90, -182)
pd
shiftxy (-83, -199)
pd
shiftxy (-45, -190)
pd
shiftxy (-23, -191)
pd
shiftxy (91, -190)
pd
shiftxy (-91, -190)
pd
shiftxy (-45, -191)
pd
shiftxy (-121, -190)
pd
shiftxy (-45, -191)
pd
shiftxy (-22, -190)
pd
shiftxy (0, -190)
pu
shiftxy (354, -825)
pd
shiftxy (203, -310)
pd
shiftxy (181, -333)
pd
shiftxy (181, -230)
pd
shiftxy (181, -143)
pd
shiftxy (181, -159)
pu
shiftxy (-22, -16)
pd
shiftxy (-174, 199)
pd
shiftxy (-226, 182)
pd
shiftxy (-128, 199)
pd
shiftxy (-113, 198)
pd
shiftxy (-76, 198)
pd
shiftxy (-90, 0)
pd
shiftxy (-68, 191)
pd
shiftxy (-121, 182)
pd
shiftxy (8, 191)
pd
shiftxy (-45, 190)
pd
shiftxy (-144, 63)
pd
shiftxy (23, 167)
pd
shiftxy (15, 191)
pd
shiftxy (-68, 79)
pd
shiftxy (-7, 309)
pd
shiftxy (188, 421)
pu
shiftxy (264, -1698)
pd
shiftxy (181, -436)
pu
shiftxy (-211, 182)
pd
shiftxy (-23, 198)
pd
shiftxy (-22, 191)
pu
shiftxy (-76, -72)
pd
shiftxy (-45, -230)
pd
shiftxy (91, -190)
pd
shiftxy (82, -175)
pd
shiftxy (-180, 357)
pu
shiftxy (618, 88)
pd
shiftxy (-45, 190)
pu
shiftxy (1372, 71)
pd
shiftxy (30, -190)
pd
shiftxy (-23, -190)
pd
shiftxy (-45, -199)
pd
shiftxy (-23, -285)
pd
shiftxy (23, -191)
pd
shiftxy (-8, -190)
pd
shiftxy (106, -191)
pu
shiftxy (45, 56)
pd
shiftxy (-68, 190)
pd
shiftxy (46, 199)
pd
shiftxy (-68, 95)
pd
shiftxy (68, 190)
pd
shiftxy (67, 199)
pd
shiftxy (68, 190)
pd
shiftxy (46, 191)
pd
shiftxy (67, 182)
pu
shiftxy (1003, -309)
pd
shiftxy (53, 198)
pd
shiftxy (60, 182)
pd
shiftxy (0, 191)
pd
shiftxy (106, 333)
pu
shiftxy (-113, 71)
pd
shiftxy (-181, -142)
pd
shiftxy (-68, -381)
pd
shiftxy (-45, -191)
pd
shiftxy (0, -190)
pd
shiftxy (-38, -198)
pd
shiftxy (-45, -191)
pd
shiftxy (-45, -190)
pd
shiftxy (-61, -191)
pd
shiftxy (-113, -190)
pu
shiftxy (-60, -79)
pd
shiftxy (75, 190)
pd
shiftxy (68, 198)
pd
shiftxy (68, 191)
pd
shiftxy (45, 206)
pd
shiftxy (23, 191)
pd
shiftxy (-91, 119)
pd
shiftxy (68, 182)
pd
shiftxy (68, 190)
pd
shiftxy (53, 191)
pd
shiftxy (113, 190)
pd
shiftxy (203, 191)
pd
shiftxy (91, 190)
pd
shiftxy (0, 183)
pd
shiftxy (15, 190)
pd
shiftxy (181, 40)
pd
shiftxy (-91, 190)
pd
shiftxy (-45, 190)
pd
shiftxy (0, -23)
pd
shiftxy (98, -96)
pd
shiftxy (181, 199)
pu
shiftxy (317, 2435)
pd
shiftxy (22, 191)
pu
shiftxy (1207, -429)
pd
shiftxy (113, 191)
pd
shiftxy (211, 190)
pd
shiftxy (136, 191)
pd
shiftxy (226, 198)
pd
shiftxy (173, -48)
pd
shiftxy (159, 72)
pu
shiftxy (-2933, 793)
pd
shiftxy (-181, 48)
pd
shiftxy (-83, -238)
pu
shiftxy (-211, 103)
pd
shiftxy (-91, 71)
pd
shiftxy (-166, 64)
pu
shiftxy (-980, -6680)
pd
shiftxy (-113, -310)
pd
shiftxy (38, -190)
pu
shiftxy (30, -64)
pd
shiftxy (-204, 95)
pd
shiftxy (-90, 48)
pd
shiftxy (-113, 64)
pd
shiftxy (-91, 0)
pd
shiftxy (-113, 47)
pd
shiftxy (-135, 191)
pd
shiftxy (-113, 182)
pd
shiftxy (-68, 190)
pd
shiftxy (-46, 191)
pd
shiftxy (136, -262)
pd
shiftxy (181, -222)
pd
shiftxy (151, -214)
pd
shiftxy (38, 71)
pd
shiftxy (-159, 48)
pd
shiftxy (-75, 190)
pd
shiftxy (-113, 0)
pd
shiftxy (-61, 198)
pd
shiftxy (-67, 191)
pd
shiftxy (-61, 190)
pd
shiftxy (-22, 191)
pd
shiftxy (-23, 190)
pu
shiftxy (709, -1531)
pd
shiftxy (-226, 47)
pd
shiftxy (-174, 183)
pd
shiftxy (-136, 190)
pd
shiftxy (-90, 183)
pd
shiftxy (-90, 190)
pd
shiftxy (-91, 191)
pd
shiftxy (-45, 198)
pd
shiftxy (-91, 190)
pd
shiftxy (113, -309)
pd
shiftxy (174, -428)
pd
shiftxy (181, -310)
pd
shiftxy (188, -246)
pd
shiftxy (181, -95)
pd
shiftxy (68, -119)
pd
shiftxy (181, -40)
pd
shiftxy (181, -31)
pd
shiftxy (173, 23)
pd
shiftxy (174, 32)
pd
shiftxy (173, 72)
pu
shiftxy (23, -24)
pd
shiftxy (181, 198)
pu
shiftxy (-204, -103)
pd
shiftxy (-90, 190)
pd
shiftxy (-196, -142)
pd
shiftxy (-136, -159)
pd
shiftxy (-45, 198)
pd
shiftxy (-98, -166)
pd
shiftxy (-113, 269)
pd
shiftxy (30, -190)
pu
shiftxy (-2000, 0)